<?xml version="1.0" encoding="UTF-8"?>
<!-- Generated by org.testng.reporters.JUnitXMLReporter -->
<testsuite ignored="2" hostname="Rushans-Mac-mini.local" failures="2" tests="1998" name="Smoke_GetaQuoteTest" time="73.206" errors="0" timestamp="2023-12-11T14:02:28 IST">
  <testcase classname="testcases.E2Etestcasesuite.travelersquotes.Smoke_ValidateLoginTest" name="smoke_ValidateLoginTest" time="23.808">
    <failure type="org.openqa.selenium.NoSuchElementException" message="no such element: Unable to locate element: {&amp;quot;method&amp;quot;:&amp;quot;xpath&amp;quot;,&amp;quot;selector&amp;quot;:&amp;quot;//span[@id=&amp;apos;js-user-id&amp;apos;]&amp;quot;}
  (Session info: chrome=120.0.6099.71)
For documentation on this error, please visit: https://www.seleniumhq.org/exceptions/no_such_element.html
Build info: version: &amp;apos;3.141.59&amp;apos;, revision: &amp;apos;e82be7d358&amp;apos;, time: &amp;apos;2018-11-14T08:17:03&amp;apos;
System info: host: &amp;apos;Rushans-Mac-mini.local&amp;apos;, ip: &amp;apos;127.0.0.1&amp;apos;, os.name: &amp;apos;Mac OS X&amp;apos;, os.arch: &amp;apos;x86_64&amp;apos;, os.version: &amp;apos;13.4.1&amp;apos;, java.version: &amp;apos;17.0.7&amp;apos;
Driver info: org.openqa.selenium.chrome.ChromeDriver
Capabilities {acceptInsecureCerts: false, browserName: chrome, browserVersion: 120.0.6099.71, chrome: {chromedriverVersion: 120.0.6099.71 (9729082fe617..., userDataDir: /var/folders/b7/_gnptsqx6k3...}, fedcm:accounts: true, goog:chromeOptions: {debuggerAddress: localhost:53841}, javascriptEnabled: true, networkConnectionEnabled: false, pageLoadStrategy: normal, platform: MAC, platformName: MAC, proxy: Proxy(), setWindowRect: true, strictFileInteractability: false, timeouts: {implicit: 0, pageLoad: 300000, script: 30000}, unhandledPromptBehavior: dismiss and notify, webauthn:extension:credBlob: true, webauthn:extension:largeBlob: true, webauthn:extension:minPinLength: true, webauthn:extension:prf: true, webauthn:virtualAuthenticators: true}
Session ID: f30a89cbecee7900dcf7dfd65fd9867d
*** Element info: {Using=xpath, value=//span[@id=&amp;apos;js-user-id&amp;apos;]}">
      <![CDATA[org.openqa.selenium.NoSuchElementException: no such element: Unable to locate element: {"method":"xpath","selector":"//span[@id='js-user-id']"}
  (Session info: chrome=120.0.6099.71)
For documentation on this error, please visit: https://www.seleniumhq.org/exceptions/no_such_element.html
Build info: version: '3.141.59', revision: 'e82be7d358', time: '2018-11-14T08:17:03'
System info: host: 'Rushans-Mac-mini.local', ip: '127.0.0.1', os.name: 'Mac OS X', os.arch: 'x86_64', os.version: '13.4.1', java.version: '17.0.7'
Driver info: org.openqa.selenium.chrome.ChromeDriver
Capabilities {acceptInsecureCerts: false, browserName: chrome, browserVersion: 120.0.6099.71, chrome: {chromedriverVersion: 120.0.6099.71 (9729082fe617..., userDataDir: /var/folders/b7/_gnptsqx6k3...}, fedcm:accounts: true, goog:chromeOptions: {debuggerAddress: localhost:53841}, javascriptEnabled: true, networkConnectionEnabled: false, pageLoadStrategy: normal, platform: MAC, platformName: MAC, proxy: Proxy(), setWindowRect: true, strictFileInteractability: false, timeouts: {implicit: 0, pageLoad: 300000, script: 30000}, unhandledPromptBehavior: dismiss and notify, webauthn:extension:credBlob: true, webauthn:extension:largeBlob: true, webauthn:extension:minPinLength: true, webauthn:extension:prf: true, webauthn:virtualAuthenticators: true}
Session ID: f30a89cbecee7900dcf7dfd65fd9867d
*** Element info: {Using=xpath, value=//span[@id='js-user-id']}
at org.openqa.selenium.remote.http.W3CHttpResponseCodec.createException(W3CHttpResponseCodec.java:187)
at org.openqa.selenium.remote.http.W3CHttpResponseCodec.decode(W3CHttpResponseCodec.java:122)
at org.openqa.selenium.remote.http.W3CHttpResponseCodec.decode(W3CHttpResponseCodec.java:49)
at org.openqa.selenium.remote.HttpCommandExecutor.execute(HttpCommandExecutor.java:158)
at org.openqa.selenium.remote.service.DriverCommandExecutor.execute(DriverCommandExecutor.java:83)
at org.openqa.selenium.remote.RemoteWebDriver.execute(RemoteWebDriver.java:552)
at org.openqa.selenium.remote.RemoteWebDriver.findElement(RemoteWebDriver.java:323)
at org.openqa.selenium.remote.RemoteWebDriver.findElementByXPath(RemoteWebDriver.java:428)
at org.openqa.selenium.By$ByXPath.findElement(By.java:353)
at org.openqa.selenium.remote.RemoteWebDriver.findElement(RemoteWebDriver.java:315)
at testcases.E2Etestcasesuite.travelersquotes.Smoke_ValidateLoginTest.smoke_ValidateLoginTest(Smoke_ValidateLoginTest.java:26)
at java.base/java.util.ArrayList.forEach(ArrayList.java:1511)
... Removed 32 stack frames]]>
    </failure>
  </testcase> <!-- smoke_ValidateLoginTest -->
  <testcase classname="testcases.E2Etestcasesuite.travelersquotes.Smoke_ValidateLoginTest" name="smoke_ValidateLoginTest" time="0.001">
    <skipped/>
  </testcase> <!-- smoke_ValidateLoginTest -->
  <testcase classname="testcases.E2Etestcasesuite.travelersquotes.Smoke_ValidateLoginTest" name="smoke_ValidateLoginTest" time="0.0">
    <skipped/>
  </testcase> <!-- smoke_ValidateLoginTest -->
  <testcase classname="testcases.E2Etestcasesuite.travelersquotes.Smoke_ValidateLoginTest" name="smoke_ValidateLoginTest" time="0.001">
    <skipped/>
  </testcase> <!-- smoke_ValidateLoginTest -->
  <testcase classname="testcases.E2Etestcasesuite.travelersquotes.Smoke_ValidateLoginTest" name="smoke_ValidateLoginTest" time="0.0">
    <skipped/>
  </testcase> <!-- smoke_ValidateLoginTest -->
  <testcase classname="testcases.E2Etestcasesuite.travelersquotes.Smoke_ValidateLoginTest" name="smoke_ValidateLoginTest" time="0.001">
    <skipped/>
  </testcase> <!-- smoke_ValidateLoginTest -->
  <testcase classname="testcases.E2Etestcasesuite.travelersquotes.Smoke_ValidateLoginTest" name="smoke_ValidateLoginTest" time="0.0">
    <skipped/>
  </testcase> <!-- smoke_ValidateLoginTest -->
  <testcase classname="testcases.E2Etestcasesuite.travelersquotes.Smoke_ValidateLoginTest" name="smoke_ValidateLoginTest" time="0.0">
    <skipped/>
  </testcase> <!-- smoke_ValidateLoginTest -->
  <testcase classname="testcases.E2Etestcasesuite.travelersquotes.Smoke_ValidateLoginTest" name="smoke_ValidateLoginTest" time="0.001">
    <skipped/>
  </testcase> <!-- smoke_ValidateLoginTest -->
  <testcase classname="testcases.E2Etestcasesuite.travelersquotes.Smoke_ValidateLoginTest" name="smoke_ValidateLoginTest" time="0.001">
    <skipped/>
  </testcase> <!-- smoke_ValidateLoginTest -->
  <testcase classname="testcases.E2Etestcasesuite.travelersquotes.Smoke_ValidateLoginTest" name="smoke_ValidateLoginTest" time="0.0">
    <skipped/>
  </testcase> <!-- smoke_ValidateLoginTest -->
  <testcase classname="testcases.E2Etestcasesuite.travelersquotes.Smoke_ValidateLoginTest" name="smoke_ValidateLoginTest" time="0.0">
    <skipped/>
  </testcase> <!-- smoke_ValidateLoginTest -->
  <testcase classname="testcases.E2Etestcasesuite.travelersquotes.Smoke_ValidateLoginTest" name="smoke_ValidateLoginTest" time="0.0">
    <skipped/>
  </testcase> <!-- smoke_ValidateLoginTest -->
  <testcase classname="testcases.E2Etestcasesuite.travelersquotes.Smoke_ValidateLoginTest" name="smoke_ValidateLoginTest" time="0.001">
    <skipped/>
  </testcase> <!-- smoke_ValidateLoginTest -->
  <testcase classname="testcases.E2Etestcasesuite.travelersquotes.Smoke_ValidateLoginTest" name="smoke_ValidateLoginTest" time="0.001">
    <skipped/>
  </testcase> <!-- smoke_ValidateLoginTest -->
  <testcase classname="testcases.E2Etestcasesuite.travelersquotes.Smoke_ValidateLoginTest" name="smoke_ValidateLoginTest" time="0.001">
    <skipped/>
  </testcase> <!-- smoke_ValidateLoginTest -->
  <testcase classname="testcases.E2Etestcasesuite.travelersquotes.Smoke_ValidateLoginTest" name="smoke_ValidateLoginTest" time="0.001">
    <skipped/>
  </testcase> <!-- smoke_ValidateLoginTest -->
  <testcase classname="testcases.E2Etestcasesuite.travelersquotes.Smoke_ValidateLoginTest" name="smoke_ValidateLoginTest" time="0.0">
    <skipped/>
  </testcase> <!-- smoke_ValidateLoginTest -->
  <testcase classname="testcases.E2Etestcasesuite.travelersquotes.Smoke_ValidateLoginTest" name="smoke_ValidateLoginTest" time="0.001">
    <skipped/>
  </testcase> <!-- smoke_ValidateLoginTest -->
  <testcase classname="testcases.E2Etestcasesuite.travelersquotes.Smoke_ValidateLoginTest" name="smoke_ValidateLoginTest" time="0.0">
    <skipped/>
  </testcase> <!-- smoke_ValidateLoginTest -->
  <testcase classname="testcases.E2Etestcasesuite.travelersquotes.Smoke_ValidateLoginTest" name="smoke_ValidateLoginTest" time="0.001">
    <skipped/>
  </testcase> <!-- smoke_ValidateLoginTest -->
  <testcase classname="testcases.E2Etestcasesuite.travelersquotes.Smoke_ValidateLoginTest" name="smoke_ValidateLoginTest" time="0.0">
    <skipped/>
  </testcase> <!-- smoke_ValidateLoginTest -->
  <testcase classname="testcases.E2Etestcasesuite.travelersquotes.Smoke_ValidateLoginTest" name="smoke_ValidateLoginTest" time="0.0">
    <skipped/>
  </testcase> <!-- smoke_ValidateLoginTest -->
  <testcase classname="testcases.E2Etestcasesuite.travelersquotes.Smoke_ValidateLoginTest" name="smoke_ValidateLoginTest" time="0.0">
    <skipped/>
  </testcase> <!-- smoke_ValidateLoginTest -->
  <testcase classname="testcases.E2Etestcasesuite.travelersquotes.Smoke_ValidateLoginTest" name="smoke_ValidateLoginTest" time="0.0">
    <skipped/>
  </testcase> <!-- smoke_ValidateLoginTest -->
  <testcase classname="testcases.E2Etestcasesuite.travelersquotes.Smoke_ValidateLoginTest" name="smoke_ValidateLoginTest" time="0.001">
    <skipped/>
  </testcase> <!-- smoke_ValidateLoginTest -->
  <testcase classname="testcases.E2Etestcasesuite.travelersquotes.Smoke_ValidateLoginTest" name="smoke_ValidateLoginTest" time="0.001">
    <skipped/>
  </testcase> <!-- smoke_ValidateLoginTest -->
  <testcase classname="testcases.E2Etestcasesuite.travelersquotes.Smoke_ValidateLoginTest" name="smoke_ValidateLoginTest" time="0.001">
    <skipped/>
  </testcase> <!-- smoke_ValidateLoginTest -->
  <testcase classname="testcases.E2Etestcasesuite.travelersquotes.Smoke_ValidateLoginTest" name="smoke_ValidateLoginTest" time="0.0">
    <skipped/>
  </testcase> <!-- smoke_ValidateLoginTest -->
  <testcase classname="testcases.E2Etestcasesuite.travelersquotes.Smoke_ValidateLoginTest" name="smoke_ValidateLoginTest" time="0.001">
    <skipped/>
  </testcase> <!-- smoke_ValidateLoginTest -->
  <testcase classname="testcases.E2Etestcasesuite.travelersquotes.Smoke_ValidateLoginTest" name="smoke_ValidateLoginTest" time="0.0">
    <skipped/>
  </testcase> <!-- smoke_ValidateLoginTest -->
  <testcase classname="testcases.E2Etestcasesuite.travelersquotes.Smoke_ValidateLoginTest" name="smoke_ValidateLoginTest" time="0.001">
    <skipped/>
  </testcase> <!-- smoke_ValidateLoginTest -->
  <testcase classname="testcases.E2Etestcasesuite.travelersquotes.Smoke_ValidateLoginTest" name="smoke_ValidateLoginTest" time="0.001">
    <skipped/>
  </testcase> <!-- smoke_ValidateLoginTest -->
  <testcase classname="testcases.E2Etestcasesuite.travelersquotes.Smoke_ValidateLoginTest" name="smoke_ValidateLoginTest" time="0.0">
    <skipped/>
  </testcase> <!-- smoke_ValidateLoginTest -->
  <testcase classname="testcases.E2Etestcasesuite.travelersquotes.Smoke_ValidateLoginTest" name="smoke_ValidateLoginTest" time="0.001">
    <skipped/>
  </testcase> <!-- smoke_ValidateLoginTest -->
  <testcase classname="testcases.E2Etestcasesuite.travelersquotes.Smoke_ValidateLoginTest" name="smoke_ValidateLoginTest" time="0.001">
    <skipped/>
  </testcase> <!-- smoke_ValidateLoginTest -->
  <testcase classname="testcases.E2Etestcasesuite.travelersquotes.Smoke_ValidateLoginTest" name="smoke_ValidateLoginTest" time="0.0">
    <skipped/>
  </testcase> <!-- smoke_ValidateLoginTest -->
  <testcase classname="testcases.E2Etestcasesuite.travelersquotes.Smoke_ValidateLoginTest" name="smoke_ValidateLoginTest" time="0.001">
    <skipped/>
  </testcase> <!-- smoke_ValidateLoginTest -->
  <testcase classname="testcases.E2Etestcasesuite.travelersquotes.Smoke_ValidateLoginTest" name="smoke_ValidateLoginTest" time="0.001">
    <skipped/>
  </testcase> <!-- smoke_ValidateLoginTest -->
  <testcase classname="testcases.E2Etestcasesuite.travelersquotes.Smoke_ValidateLoginTest" name="smoke_ValidateLoginTest" time="0.0">
    <skipped/>
  </testcase> <!-- smoke_ValidateLoginTest -->
  <testcase classname="testcases.E2Etestcasesuite.travelersquotes.Smoke_ValidateLoginTest" name="smoke_ValidateLoginTest" time="0.001">
    <skipped/>
  </testcase> <!-- smoke_ValidateLoginTest -->
  <testcase classname="testcases.E2Etestcasesuite.travelersquotes.Smoke_ValidateLoginTest" name="smoke_ValidateLoginTest" time="0.001">
    <skipped/>
  </testcase> <!-- smoke_ValidateLoginTest -->
  <testcase classname="testcases.E2Etestcasesuite.travelersquotes.Smoke_ValidateLoginTest" name="smoke_ValidateLoginTest" time="0.0">
    <skipped/>
  </testcase> <!-- smoke_ValidateLoginTest -->
  <testcase classname="testcases.E2Etestcasesuite.travelersquotes.Smoke_ValidateLoginTest" name="smoke_ValidateLoginTest" time="0.0">
    <skipped/>
  </testcase> <!-- smoke_ValidateLoginTest -->
  <testcase classname="testcases.E2Etestcasesuite.travelersquotes.Smoke_ValidateLoginTest" name="smoke_ValidateLoginTest" time="0.001">
    <skipped/>
  </testcase> <!-- smoke_ValidateLoginTest -->
  <testcase classname="testcases.E2Etestcasesuite.travelersquotes.Smoke_ValidateLoginTest" name="smoke_ValidateLoginTest" time="0.001">
    <skipped/>
  </testcase> <!-- smoke_ValidateLoginTest -->
  <testcase classname="testcases.E2Etestcasesuite.travelersquotes.Smoke_ValidateLoginTest" name="smoke_ValidateLoginTest" time="0.001">
    <skipped/>
  </testcase> <!-- smoke_ValidateLoginTest -->
  <testcase classname="testcases.E2Etestcasesuite.travelersquotes.Smoke_ValidateLoginTest" name="smoke_ValidateLoginTest" time="0.0">
    <skipped/>
  </testcase> <!-- smoke_ValidateLoginTest -->
  <testcase classname="testcases.E2Etestcasesuite.travelersquotes.Smoke_ValidateLoginTest" name="smoke_ValidateLoginTest" time="0.0">
    <skipped/>
  </testcase> <!-- smoke_ValidateLoginTest -->
  <testcase classname="testcases.E2Etestcasesuite.travelersquotes.Smoke_ValidateLoginTest" name="smoke_ValidateLoginTest" time="0.001">
    <skipped/>
  </testcase> <!-- smoke_ValidateLoginTest -->
  <testcase classname="testcases.E2Etestcasesuite.travelersquotes.Smoke_ValidateLoginTest" name="smoke_ValidateLoginTest" time="0.001">
    <skipped/>
  </testcase> <!-- smoke_ValidateLoginTest -->
  <testcase classname="testcases.E2Etestcasesuite.travelersquotes.Smoke_ValidateLoginTest" name="smoke_ValidateLoginTest" time="0.0">
    <skipped/>
  </testcase> <!-- smoke_ValidateLoginTest -->
  <testcase classname="testcases.E2Etestcasesuite.travelersquotes.Smoke_ValidateLoginTest" name="smoke_ValidateLoginTest" time="0.0">
    <skipped/>
  </testcase> <!-- smoke_ValidateLoginTest -->
  <testcase classname="testcases.E2Etestcasesuite.travelersquotes.Smoke_ValidateLoginTest" name="smoke_ValidateLoginTest" time="0.0">
    <skipped/>
  </testcase> <!-- smoke_ValidateLoginTest -->
  <testcase classname="testcases.E2Etestcasesuite.travelersquotes.Smoke_ValidateLoginTest" name="smoke_ValidateLoginTest" time="0.001">
    <skipped/>
  </testcase> <!-- smoke_ValidateLoginTest -->
  <testcase classname="testcases.E2Etestcasesuite.travelersquotes.Smoke_ValidateLoginTest" name="smoke_ValidateLoginTest" time="0.001">
    <skipped/>
  </testcase> <!-- smoke_ValidateLoginTest -->
  <testcase classname="testcases.E2Etestcasesuite.travelersquotes.Smoke_ValidateLoginTest" name="smoke_ValidateLoginTest" time="0.0">
    <skipped/>
  </testcase> <!-- smoke_ValidateLoginTest -->
  <testcase classname="testcases.E2Etestcasesuite.travelersquotes.Smoke_ValidateLoginTest" name="smoke_ValidateLoginTest" time="0.0">
    <skipped/>
  </testcase> <!-- smoke_ValidateLoginTest -->
  <testcase classname="testcases.E2Etestcasesuite.travelersquotes.Smoke_ValidateLoginTest" name="smoke_ValidateLoginTest" time="0.001">
    <skipped/>
  </testcase> <!-- smoke_ValidateLoginTest -->
  <testcase classname="testcases.E2Etestcasesuite.travelersquotes.Smoke_ValidateLoginTest" name="smoke_ValidateLoginTest" time="0.0">
    <skipped/>
  </testcase> <!-- smoke_ValidateLoginTest -->
  <testcase classname="testcases.E2Etestcasesuite.travelersquotes.Smoke_ValidateLoginTest" name="smoke_ValidateLoginTest" time="0.001">
    <skipped/>
  </testcase> <!-- smoke_ValidateLoginTest -->
  <testcase classname="testcases.E2Etestcasesuite.travelersquotes.Smoke_ValidateLoginTest" name="smoke_ValidateLoginTest" time="0.0">
    <skipped/>
  </testcase> <!-- smoke_ValidateLoginTest -->
  <testcase classname="testcases.E2Etestcasesuite.travelersquotes.Smoke_ValidateLoginTest" name="smoke_ValidateLoginTest" time="0.001">
    <skipped/>
  </testcase> <!-- smoke_ValidateLoginTest -->
  <testcase classname="testcases.E2Etestcasesuite.travelersquotes.Smoke_ValidateLoginTest" name="smoke_ValidateLoginTest" time="0.001">
    <skipped/>
  </testcase> <!-- smoke_ValidateLoginTest -->
  <testcase classname="testcases.E2Etestcasesuite.travelersquotes.Smoke_ValidateLoginTest" name="smoke_ValidateLoginTest" time="0.0">
    <skipped/>
  </testcase> <!-- smoke_ValidateLoginTest -->
  <testcase classname="testcases.E2Etestcasesuite.travelersquotes.Smoke_ValidateLoginTest" name="smoke_ValidateLoginTest" time="0.0">
    <skipped/>
  </testcase> <!-- smoke_ValidateLoginTest -->
  <testcase classname="testcases.E2Etestcasesuite.travelersquotes.Smoke_ValidateLoginTest" name="smoke_ValidateLoginTest" time="0.001">
    <skipped/>
  </testcase> <!-- smoke_ValidateLoginTest -->
  <testcase classname="testcases.E2Etestcasesuite.travelersquotes.Smoke_ValidateLoginTest" name="smoke_ValidateLoginTest" time="0.0">
    <skipped/>
  </testcase> <!-- smoke_ValidateLoginTest -->
  <testcase classname="testcases.E2Etestcasesuite.travelersquotes.Smoke_ValidateLoginTest" name="smoke_ValidateLoginTest" time="0.0">
    <skipped/>
  </testcase> <!-- smoke_ValidateLoginTest -->
  <testcase classname="testcases.E2Etestcasesuite.travelersquotes.Smoke_ValidateLoginTest" name="smoke_ValidateLoginTest" time="0.001">
    <skipped/>
  </testcase> <!-- smoke_ValidateLoginTest -->
  <testcase classname="testcases.E2Etestcasesuite.travelersquotes.Smoke_ValidateLoginTest" name="smoke_ValidateLoginTest" time="0.0">
    <skipped/>
  </testcase> <!-- smoke_ValidateLoginTest -->
  <testcase classname="testcases.E2Etestcasesuite.travelersquotes.Smoke_ValidateLoginTest" name="smoke_ValidateLoginTest" time="0.001">
    <skipped/>
  </testcase> <!-- smoke_ValidateLoginTest -->
  <testcase classname="testcases.E2Etestcasesuite.travelersquotes.Smoke_ValidateLoginTest" name="smoke_ValidateLoginTest" time="0.0">
    <skipped/>
  </testcase> <!-- smoke_ValidateLoginTest -->
  <testcase classname="testcases.E2Etestcasesuite.travelersquotes.Smoke_ValidateLoginTest" name="smoke_ValidateLoginTest" time="0.0">
    <skipped/>
  </testcase> <!-- smoke_ValidateLoginTest -->
  <testcase classname="testcases.E2Etestcasesuite.travelersquotes.Smoke_ValidateLoginTest" name="smoke_ValidateLoginTest" time="0.0">
    <skipped/>
  </testcase> <!-- smoke_ValidateLoginTest -->
  <testcase classname="testcases.E2Etestcasesuite.travelersquotes.Smoke_ValidateLoginTest" name="smoke_ValidateLoginTest" time="0.001">
    <skipped/>
  </testcase> <!-- smoke_ValidateLoginTest -->
  <testcase classname="testcases.E2Etestcasesuite.travelersquotes.Smoke_ValidateLoginTest" name="smoke_ValidateLoginTest" time="0.0">
    <skipped/>
  </testcase> <!-- smoke_ValidateLoginTest -->
  <testcase classname="testcases.E2Etestcasesuite.travelersquotes.Smoke_ValidateLoginTest" name="smoke_ValidateLoginTest" time="0.001">
    <skipped/>
  </testcase> <!-- smoke_ValidateLoginTest -->
  <testcase classname="testcases.E2Etestcasesuite.travelersquotes.Smoke_ValidateLoginTest" name="smoke_ValidateLoginTest" time="0.0">
    <skipped/>
  </testcase> <!-- smoke_ValidateLoginTest -->
  <testcase classname="testcases.E2Etestcasesuite.travelersquotes.Smoke_ValidateLoginTest" name="smoke_ValidateLoginTest" time="0.0">
    <skipped/>
  </testcase> <!-- smoke_ValidateLoginTest -->
  <testcase classname="testcases.E2Etestcasesuite.travelersquotes.Smoke_ValidateLoginTest" name="smoke_ValidateLoginTest" time="0.001">
    <skipped/>
  </testcase> <!-- smoke_ValidateLoginTest -->
  <testcase classname="testcases.E2Etestcasesuite.travelersquotes.Smoke_ValidateLoginTest" name="smoke_ValidateLoginTest" time="0.0">
    <skipped/>
  </testcase> <!-- smoke_ValidateLoginTest -->
  <testcase classname="testcases.E2Etestcasesuite.travelersquotes.Smoke_ValidateLoginTest" name="smoke_ValidateLoginTest" time="0.0">
    <skipped/>
  </testcase> <!-- smoke_ValidateLoginTest -->
  <testcase classname="testcases.E2Etestcasesuite.travelersquotes.Smoke_ValidateLoginTest" name="smoke_ValidateLoginTest" time="0.0">
    <skipped/>
  </testcase> <!-- smoke_ValidateLoginTest -->
  <testcase classname="testcases.E2Etestcasesuite.travelersquotes.Smoke_ValidateLoginTest" name="smoke_ValidateLoginTest" time="0.0">
    <skipped/>
  </testcase> <!-- smoke_ValidateLoginTest -->
  <testcase classname="testcases.E2Etestcasesuite.travelersquotes.Smoke_ValidateLoginTest" name="smoke_ValidateLoginTest" time="0.001">
    <skipped/>
  </testcase> <!-- smoke_ValidateLoginTest -->
  <testcase classname="testcases.E2Etestcasesuite.travelersquotes.Smoke_ValidateLoginTest" name="smoke_ValidateLoginTest" time="0.0">
    <skipped/>
  </testcase> <!-- smoke_ValidateLoginTest -->
  <testcase classname="testcases.E2Etestcasesuite.travelersquotes.Smoke_ValidateLoginTest" name="smoke_ValidateLoginTest" time="0.0">
    <skipped/>
  </testcase> <!-- smoke_ValidateLoginTest -->
  <testcase classname="testcases.E2Etestcasesuite.travelersquotes.Smoke_ValidateLoginTest" name="smoke_ValidateLoginTest" time="0.0">
    <skipped/>
  </testcase> <!-- smoke_ValidateLoginTest -->
  <testcase classname="testcases.E2Etestcasesuite.travelersquotes.Smoke_ValidateLoginTest" name="smoke_ValidateLoginTest" time="0.001">
    <skipped/>
  </testcase> <!-- smoke_ValidateLoginTest -->
  <testcase classname="testcases.E2Etestcasesuite.travelersquotes.Smoke_ValidateLoginTest" name="smoke_ValidateLoginTest" time="0.001">
    <skipped/>
  </testcase> <!-- smoke_ValidateLoginTest -->
  <testcase classname="testcases.E2Etestcasesuite.travelersquotes.Smoke_ValidateLoginTest" name="smoke_ValidateLoginTest" time="0.0">
    <skipped/>
  </testcase> <!-- smoke_ValidateLoginTest -->
  <testcase classname="testcases.E2Etestcasesuite.travelersquotes.Smoke_ValidateLoginTest" name="smoke_ValidateLoginTest" time="0.0">
    <skipped/>
  </testcase> <!-- smoke_ValidateLoginTest -->
  <testcase classname="testcases.E2Etestcasesuite.travelersquotes.Smoke_ValidateLoginTest" name="smoke_ValidateLoginTest" time="0.0">
    <skipped/>
  </testcase> <!-- smoke_ValidateLoginTest -->
  <testcase classname="testcases.E2Etestcasesuite.travelersquotes.Smoke_ValidateLoginTest" name="smoke_ValidateLoginTest" time="0.0">
    <skipped/>
  </testcase> <!-- smoke_ValidateLoginTest -->
  <testcase classname="testcases.E2Etestcasesuite.travelersquotes.Smoke_ValidateLoginTest" name="smoke_ValidateLoginTest" time="0.001">
    <skipped/>
  </testcase> <!-- smoke_ValidateLoginTest -->
  <testcase classname="testcases.E2Etestcasesuite.travelersquotes.Smoke_ValidateLoginTest" name="smoke_ValidateLoginTest" time="0.001">
    <skipped/>
  </testcase> <!-- smoke_ValidateLoginTest -->
  <testcase classname="testcases.E2Etestcasesuite.travelersquotes.Smoke_ValidateLoginTest" name="smoke_ValidateLoginTest" time="0.0">
    <skipped/>
  </testcase> <!-- smoke_ValidateLoginTest -->
  <testcase classname="testcases.E2Etestcasesuite.travelersquotes.Smoke_ValidateLoginTest" name="smoke_ValidateLoginTest" time="0.0">
    <skipped/>
  </testcase> <!-- smoke_ValidateLoginTest -->
  <testcase classname="testcases.E2Etestcasesuite.travelersquotes.Smoke_ValidateLoginTest" name="smoke_ValidateLoginTest" time="0.0">
    <skipped/>
  </testcase> <!-- smoke_ValidateLoginTest -->
  <testcase classname="testcases.E2Etestcasesuite.travelersquotes.Smoke_ValidateLoginTest" name="smoke_ValidateLoginTest" time="0.0">
    <skipped/>
  </testcase> <!-- smoke_ValidateLoginTest -->
  <testcase classname="testcases.E2Etestcasesuite.travelersquotes.Smoke_ValidateLoginTest" name="smoke_ValidateLoginTest" time="0.0">
    <skipped/>
  </testcase> <!-- smoke_ValidateLoginTest -->
  <testcase classname="testcases.E2Etestcasesuite.travelersquotes.Smoke_ValidateLoginTest" name="smoke_ValidateLoginTest" time="0.001">
    <skipped/>
  </testcase> <!-- smoke_ValidateLoginTest -->
  <testcase classname="testcases.E2Etestcasesuite.travelersquotes.Smoke_ValidateLoginTest" name="smoke_ValidateLoginTest" time="0.0">
    <skipped/>
  </testcase> <!-- smoke_ValidateLoginTest -->
  <testcase classname="testcases.E2Etestcasesuite.travelersquotes.Smoke_ValidateLoginTest" name="smoke_ValidateLoginTest" time="0.0">
    <skipped/>
  </testcase> <!-- smoke_ValidateLoginTest -->
  <testcase classname="testcases.E2Etestcasesuite.travelersquotes.Smoke_ValidateLoginTest" name="smoke_ValidateLoginTest" time="0.0">
    <skipped/>
  </testcase> <!-- smoke_ValidateLoginTest -->
  <testcase classname="testcases.E2Etestcasesuite.travelersquotes.Smoke_ValidateLoginTest" name="smoke_ValidateLoginTest" time="0.0">
    <skipped/>
  </testcase> <!-- smoke_ValidateLoginTest -->
  <testcase classname="testcases.E2Etestcasesuite.travelersquotes.Smoke_ValidateLoginTest" name="smoke_ValidateLoginTest" time="0.001">
    <skipped/>
  </testcase> <!-- smoke_ValidateLoginTest -->
  <testcase classname="testcases.E2Etestcasesuite.travelersquotes.Smoke_ValidateLoginTest" name="smoke_ValidateLoginTest" time="0.0">
    <skipped/>
  </testcase> <!-- smoke_ValidateLoginTest -->
  <testcase classname="testcases.E2Etestcasesuite.travelersquotes.Smoke_ValidateLoginTest" name="smoke_ValidateLoginTest" time="0.001">
    <skipped/>
  </testcase> <!-- smoke_ValidateLoginTest -->
  <testcase classname="testcases.E2Etestcasesuite.travelersquotes.Smoke_ValidateLoginTest" name="smoke_ValidateLoginTest" time="0.0">
    <skipped/>
  </testcase> <!-- smoke_ValidateLoginTest -->
  <testcase classname="testcases.E2Etestcasesuite.travelersquotes.Smoke_ValidateLoginTest" name="smoke_ValidateLoginTest" time="0.001">
    <skipped/>
  </testcase> <!-- smoke_ValidateLoginTest -->
  <testcase classname="testcases.E2Etestcasesuite.travelersquotes.Smoke_ValidateLoginTest" name="smoke_ValidateLoginTest" time="0.0">
    <skipped/>
  </testcase> <!-- smoke_ValidateLoginTest -->
  <testcase classname="testcases.E2Etestcasesuite.travelersquotes.Smoke_ValidateLoginTest" name="smoke_ValidateLoginTest" time="0.001">
    <skipped/>
  </testcase> <!-- smoke_ValidateLoginTest -->
  <testcase classname="testcases.E2Etestcasesuite.travelersquotes.Smoke_ValidateLoginTest" name="smoke_ValidateLoginTest" time="0.001">
    <skipped/>
  </testcase> <!-- smoke_ValidateLoginTest -->
  <testcase classname="testcases.E2Etestcasesuite.travelersquotes.Smoke_ValidateLoginTest" name="smoke_ValidateLoginTest" time="0.001">
    <skipped/>
  </testcase> <!-- smoke_ValidateLoginTest -->
  <testcase classname="testcases.E2Etestcasesuite.travelersquotes.Smoke_ValidateLoginTest" name="smoke_ValidateLoginTest" time="0.0">
    <skipped/>
  </testcase> <!-- smoke_ValidateLoginTest -->
  <testcase classname="testcases.E2Etestcasesuite.travelersquotes.Smoke_ValidateLoginTest" name="smoke_ValidateLoginTest" time="0.0">
    <skipped/>
  </testcase> <!-- smoke_ValidateLoginTest -->
  <testcase classname="testcases.E2Etestcasesuite.travelersquotes.Smoke_ValidateLoginTest" name="smoke_ValidateLoginTest" time="0.001">
    <skipped/>
  </testcase> <!-- smoke_ValidateLoginTest -->
  <testcase classname="testcases.E2Etestcasesuite.travelersquotes.Smoke_ValidateLoginTest" name="smoke_ValidateLoginTest" time="0.0">
    <skipped/>
  </testcase> <!-- smoke_ValidateLoginTest -->
  <testcase classname="testcases.E2Etestcasesuite.travelersquotes.Smoke_ValidateLoginTest" name="smoke_ValidateLoginTest" time="0.0">
    <skipped/>
  </testcase> <!-- smoke_ValidateLoginTest -->
  <testcase classname="testcases.E2Etestcasesuite.travelersquotes.Smoke_ValidateLoginTest" name="smoke_ValidateLoginTest" time="0.0">
    <skipped/>
  </testcase> <!-- smoke_ValidateLoginTest -->
  <testcase classname="testcases.E2Etestcasesuite.travelersquotes.Smoke_ValidateLoginTest" name="smoke_ValidateLoginTest" time="0.0">
    <skipped/>
  </testcase> <!-- smoke_ValidateLoginTest -->
  <testcase classname="testcases.E2Etestcasesuite.travelersquotes.Smoke_ValidateLoginTest" name="smoke_ValidateLoginTest" time="0.0">
    <skipped/>
  </testcase> <!-- smoke_ValidateLoginTest -->
  <testcase classname="testcases.E2Etestcasesuite.travelersquotes.Smoke_ValidateLoginTest" name="smoke_ValidateLoginTest" time="0.001">
    <skipped/>
  </testcase> <!-- smoke_ValidateLoginTest -->
  <testcase classname="testcases.E2Etestcasesuite.travelersquotes.Smoke_ValidateLoginTest" name="smoke_ValidateLoginTest" time="0.001">
    <skipped/>
  </testcase> <!-- smoke_ValidateLoginTest -->
  <testcase classname="testcases.E2Etestcasesuite.travelersquotes.Smoke_ValidateLoginTest" name="smoke_ValidateLoginTest" time="0.001">
    <skipped/>
  </testcase> <!-- smoke_ValidateLoginTest -->
  <testcase classname="testcases.E2Etestcasesuite.travelersquotes.Smoke_ValidateLoginTest" name="smoke_ValidateLoginTest" time="0.0">
    <skipped/>
  </testcase> <!-- smoke_ValidateLoginTest -->
  <testcase classname="testcases.E2Etestcasesuite.travelersquotes.Smoke_ValidateLoginTest" name="smoke_ValidateLoginTest" time="0.001">
    <skipped/>
  </testcase> <!-- smoke_ValidateLoginTest -->
  <testcase classname="testcases.E2Etestcasesuite.travelersquotes.Smoke_ValidateLoginTest" name="smoke_ValidateLoginTest" time="0.0">
    <skipped/>
  </testcase> <!-- smoke_ValidateLoginTest -->
  <testcase classname="testcases.E2Etestcasesuite.travelersquotes.Smoke_ValidateLoginTest" name="smoke_ValidateLoginTest" time="0.001">
    <skipped/>
  </testcase> <!-- smoke_ValidateLoginTest -->
  <testcase classname="testcases.E2Etestcasesuite.travelersquotes.Smoke_ValidateLoginTest" name="smoke_ValidateLoginTest" time="0.0">
    <skipped/>
  </testcase> <!-- smoke_ValidateLoginTest -->
  <testcase classname="testcases.E2Etestcasesuite.travelersquotes.Smoke_ValidateLoginTest" name="smoke_ValidateLoginTest" time="0.0">
    <skipped/>
  </testcase> <!-- smoke_ValidateLoginTest -->
  <testcase classname="testcases.E2Etestcasesuite.travelersquotes.Smoke_ValidateLoginTest" name="smoke_ValidateLoginTest" time="0.0">
    <skipped/>
  </testcase> <!-- smoke_ValidateLoginTest -->
  <testcase classname="testcases.E2Etestcasesuite.travelersquotes.Smoke_ValidateLoginTest" name="smoke_ValidateLoginTest" time="0.0">
    <skipped/>
  </testcase> <!-- smoke_ValidateLoginTest -->
  <testcase classname="testcases.E2Etestcasesuite.travelersquotes.Smoke_ValidateLoginTest" name="smoke_ValidateLoginTest" time="0.001">
    <skipped/>
  </testcase> <!-- smoke_ValidateLoginTest -->
  <testcase classname="testcases.E2Etestcasesuite.travelersquotes.Smoke_ValidateLoginTest" name="smoke_ValidateLoginTest" time="0.0">
    <skipped/>
  </testcase> <!-- smoke_ValidateLoginTest -->
  <testcase classname="testcases.E2Etestcasesuite.travelersquotes.Smoke_ValidateLoginTest" name="smoke_ValidateLoginTest" time="0.001">
    <skipped/>
  </testcase> <!-- smoke_ValidateLoginTest -->
  <testcase classname="testcases.E2Etestcasesuite.travelersquotes.Smoke_ValidateLoginTest" name="smoke_ValidateLoginTest" time="0.0">
    <skipped/>
  </testcase> <!-- smoke_ValidateLoginTest -->
  <testcase classname="testcases.E2Etestcasesuite.travelersquotes.Smoke_ValidateLoginTest" name="smoke_ValidateLoginTest" time="0.0">
    <skipped/>
  </testcase> <!-- smoke_ValidateLoginTest -->
  <testcase classname="testcases.E2Etestcasesuite.travelersquotes.Smoke_ValidateLoginTest" name="smoke_ValidateLoginTest" time="0.0">
    <skipped/>
  </testcase> <!-- smoke_ValidateLoginTest -->
  <testcase classname="testcases.E2Etestcasesuite.travelersquotes.Smoke_ValidateLoginTest" name="smoke_ValidateLoginTest" time="0.001">
    <skipped/>
  </testcase> <!-- smoke_ValidateLoginTest -->
  <testcase classname="testcases.E2Etestcasesuite.travelersquotes.Smoke_ValidateLoginTest" name="smoke_ValidateLoginTest" time="0.0">
    <skipped/>
  </testcase> <!-- smoke_ValidateLoginTest -->
  <testcase classname="testcases.E2Etestcasesuite.travelersquotes.Smoke_ValidateLoginTest" name="smoke_ValidateLoginTest" time="0.001">
    <skipped/>
  </testcase> <!-- smoke_ValidateLoginTest -->
  <testcase classname="testcases.E2Etestcasesuite.travelersquotes.Smoke_ValidateLoginTest" name="smoke_ValidateLoginTest" time="0.0">
    <skipped/>
  </testcase> <!-- smoke_ValidateLoginTest -->
  <testcase classname="testcases.E2Etestcasesuite.travelersquotes.Smoke_ValidateLoginTest" name="smoke_ValidateLoginTest" time="0.0">
    <skipped/>
  </testcase> <!-- smoke_ValidateLoginTest -->
  <testcase classname="testcases.E2Etestcasesuite.travelersquotes.Smoke_ValidateLoginTest" name="smoke_ValidateLoginTest" time="0.001">
    <skipped/>
  </testcase> <!-- smoke_ValidateLoginTest -->
  <testcase classname="testcases.E2Etestcasesuite.travelersquotes.Smoke_ValidateLoginTest" name="smoke_ValidateLoginTest" time="0.0">
    <skipped/>
  </testcase> <!-- smoke_ValidateLoginTest -->
  <testcase classname="testcases.E2Etestcasesuite.travelersquotes.Smoke_ValidateLoginTest" name="smoke_ValidateLoginTest" time="0.001">
    <skipped/>
  </testcase> <!-- smoke_ValidateLoginTest -->
  <testcase classname="testcases.E2Etestcasesuite.travelersquotes.Smoke_ValidateLoginTest" name="smoke_ValidateLoginTest" time="0.0">
    <skipped/>
  </testcase> <!-- smoke_ValidateLoginTest -->
  <testcase classname="testcases.E2Etestcasesuite.travelersquotes.Smoke_ValidateLoginTest" name="smoke_ValidateLoginTest" time="0.001">
    <skipped/>
  </testcase> <!-- smoke_ValidateLoginTest -->
  <testcase classname="testcases.E2Etestcasesuite.travelersquotes.Smoke_ValidateLoginTest" name="smoke_ValidateLoginTest" time="0.0">
    <skipped/>
  </testcase> <!-- smoke_ValidateLoginTest -->
  <testcase classname="testcases.E2Etestcasesuite.travelersquotes.Smoke_ValidateLoginTest" name="smoke_ValidateLoginTest" time="0.0">
    <skipped/>
  </testcase> <!-- smoke_ValidateLoginTest -->
  <testcase classname="testcases.E2Etestcasesuite.travelersquotes.Smoke_ValidateLoginTest" name="smoke_ValidateLoginTest" time="0.001">
    <skipped/>
  </testcase> <!-- smoke_ValidateLoginTest -->
  <testcase classname="testcases.E2Etestcasesuite.travelersquotes.Smoke_ValidateLoginTest" name="smoke_ValidateLoginTest" time="0.0">
    <skipped/>
  </testcase> <!-- smoke_ValidateLoginTest -->
  <testcase classname="testcases.E2Etestcasesuite.travelersquotes.Smoke_ValidateLoginTest" name="smoke_ValidateLoginTest" time="0.0">
    <skipped/>
  </testcase> <!-- smoke_ValidateLoginTest -->
  <testcase classname="testcases.E2Etestcasesuite.travelersquotes.Smoke_ValidateLoginTest" name="smoke_ValidateLoginTest" time="0.001">
    <skipped/>
  </testcase> <!-- smoke_ValidateLoginTest -->
  <testcase classname="testcases.E2Etestcasesuite.travelersquotes.Smoke_ValidateLoginTest" name="smoke_ValidateLoginTest" time="0.0">
    <skipped/>
  </testcase> <!-- smoke_ValidateLoginTest -->
  <testcase classname="testcases.E2Etestcasesuite.travelersquotes.Smoke_ValidateLoginTest" name="smoke_ValidateLoginTest" time="0.001">
    <skipped/>
  </testcase> <!-- smoke_ValidateLoginTest -->
  <testcase classname="testcases.E2Etestcasesuite.travelersquotes.Smoke_ValidateLoginTest" name="smoke_ValidateLoginTest" time="0.0">
    <skipped/>
  </testcase> <!-- smoke_ValidateLoginTest -->
  <testcase classname="testcases.E2Etestcasesuite.travelersquotes.Smoke_ValidateLoginTest" name="smoke_ValidateLoginTest" time="0.0">
    <skipped/>
  </testcase> <!-- smoke_ValidateLoginTest -->
  <testcase classname="testcases.E2Etestcasesuite.travelersquotes.Smoke_ValidateLoginTest" name="smoke_ValidateLoginTest" time="0.001">
    <skipped/>
  </testcase> <!-- smoke_ValidateLoginTest -->
  <testcase classname="testcases.E2Etestcasesuite.travelersquotes.Smoke_ValidateLoginTest" name="smoke_ValidateLoginTest" time="0.0">
    <skipped/>
  </testcase> <!-- smoke_ValidateLoginTest -->
  <testcase classname="testcases.E2Etestcasesuite.travelersquotes.Smoke_ValidateLoginTest" name="smoke_ValidateLoginTest" time="0.001">
    <skipped/>
  </testcase> <!-- smoke_ValidateLoginTest -->
  <testcase classname="testcases.E2Etestcasesuite.travelersquotes.Smoke_ValidateLoginTest" name="smoke_ValidateLoginTest" time="0.0">
    <skipped/>
  </testcase> <!-- smoke_ValidateLoginTest -->
  <testcase classname="testcases.E2Etestcasesuite.travelersquotes.Smoke_ValidateLoginTest" name="smoke_ValidateLoginTest" time="0.0">
    <skipped/>
  </testcase> <!-- smoke_ValidateLoginTest -->
  <testcase classname="testcases.E2Etestcasesuite.travelersquotes.Smoke_ValidateLoginTest" name="smoke_ValidateLoginTest" time="0.0">
    <skipped/>
  </testcase> <!-- smoke_ValidateLoginTest -->
  <testcase classname="testcases.E2Etestcasesuite.travelersquotes.Smoke_ValidateLoginTest" name="smoke_ValidateLoginTest" time="0.0">
    <skipped/>
  </testcase> <!-- smoke_ValidateLoginTest -->
  <testcase classname="testcases.E2Etestcasesuite.travelersquotes.Smoke_ValidateLoginTest" name="smoke_ValidateLoginTest" time="0.001">
    <skipped/>
  </testcase> <!-- smoke_ValidateLoginTest -->
  <testcase classname="testcases.E2Etestcasesuite.travelersquotes.Smoke_ValidateLoginTest" name="smoke_ValidateLoginTest" time="0.0">
    <skipped/>
  </testcase> <!-- smoke_ValidateLoginTest -->
  <testcase classname="testcases.E2Etestcasesuite.travelersquotes.Smoke_ValidateLoginTest" name="smoke_ValidateLoginTest" time="0.001">
    <skipped/>
  </testcase> <!-- smoke_ValidateLoginTest -->
  <testcase classname="testcases.E2Etestcasesuite.travelersquotes.Smoke_ValidateLoginTest" name="smoke_ValidateLoginTest" time="0.0">
    <skipped/>
  </testcase> <!-- smoke_ValidateLoginTest -->
  <testcase classname="testcases.E2Etestcasesuite.travelersquotes.Smoke_ValidateLoginTest" name="smoke_ValidateLoginTest" time="0.0">
    <skipped/>
  </testcase> <!-- smoke_ValidateLoginTest -->
  <testcase classname="testcases.E2Etestcasesuite.travelersquotes.Smoke_ValidateLoginTest" name="smoke_ValidateLoginTest" time="0.001">
    <skipped/>
  </testcase> <!-- smoke_ValidateLoginTest -->
  <testcase classname="testcases.E2Etestcasesuite.travelersquotes.Smoke_ValidateLoginTest" name="smoke_ValidateLoginTest" time="0.0">
    <skipped/>
  </testcase> <!-- smoke_ValidateLoginTest -->
  <testcase classname="testcases.E2Etestcasesuite.travelersquotes.Smoke_ValidateLoginTest" name="smoke_ValidateLoginTest" time="0.0">
    <skipped/>
  </testcase> <!-- smoke_ValidateLoginTest -->
  <testcase classname="testcases.E2Etestcasesuite.travelersquotes.Smoke_ValidateLoginTest" name="smoke_ValidateLoginTest" time="0.0">
    <skipped/>
  </testcase> <!-- smoke_ValidateLoginTest -->
  <testcase classname="testcases.E2Etestcasesuite.travelersquotes.Smoke_ValidateLoginTest" name="smoke_ValidateLoginTest" time="0.0">
    <skipped/>
  </testcase> <!-- smoke_ValidateLoginTest -->
  <testcase classname="testcases.E2Etestcasesuite.travelersquotes.Smoke_ValidateLoginTest" name="smoke_ValidateLoginTest" time="0.001">
    <skipped/>
  </testcase> <!-- smoke_ValidateLoginTest -->
  <testcase classname="testcases.E2Etestcasesuite.travelersquotes.Smoke_ValidateLoginTest" name="smoke_ValidateLoginTest" time="0.0">
    <skipped/>
  </testcase> <!-- smoke_ValidateLoginTest -->
  <testcase classname="testcases.E2Etestcasesuite.travelersquotes.Smoke_ValidateLoginTest" name="smoke_ValidateLoginTest" time="0.001">
    <skipped/>
  </testcase> <!-- smoke_ValidateLoginTest -->
  <testcase classname="testcases.E2Etestcasesuite.travelersquotes.Smoke_ValidateLoginTest" name="smoke_ValidateLoginTest" time="0.0">
    <skipped/>
  </testcase> <!-- smoke_ValidateLoginTest -->
  <testcase classname="testcases.E2Etestcasesuite.travelersquotes.Smoke_ValidateLoginTest" name="smoke_ValidateLoginTest" time="0.0">
    <skipped/>
  </testcase> <!-- smoke_ValidateLoginTest -->
  <testcase classname="testcases.E2Etestcasesuite.travelersquotes.Smoke_ValidateLoginTest" name="smoke_ValidateLoginTest" time="0.0">
    <skipped/>
  </testcase> <!-- smoke_ValidateLoginTest -->
  <testcase classname="testcases.E2Etestcasesuite.travelersquotes.Smoke_ValidateLoginTest" name="smoke_ValidateLoginTest" time="0.0">
    <skipped/>
  </testcase> <!-- smoke_ValidateLoginTest -->
  <testcase classname="testcases.E2Etestcasesuite.travelersquotes.Smoke_ValidateLoginTest" name="smoke_ValidateLoginTest" time="0.001">
    <skipped/>
  </testcase> <!-- smoke_ValidateLoginTest -->
  <testcase classname="testcases.E2Etestcasesuite.travelersquotes.Smoke_ValidateLoginTest" name="smoke_ValidateLoginTest" time="0.0">
    <skipped/>
  </testcase> <!-- smoke_ValidateLoginTest -->
  <testcase classname="testcases.E2Etestcasesuite.travelersquotes.Smoke_ValidateLoginTest" name="smoke_ValidateLoginTest" time="0.0">
    <skipped/>
  </testcase> <!-- smoke_ValidateLoginTest -->
  <testcase classname="testcases.E2Etestcasesuite.travelersquotes.Smoke_ValidateLoginTest" name="smoke_ValidateLoginTest" time="0.001">
    <skipped/>
  </testcase> <!-- smoke_ValidateLoginTest -->
  <testcase classname="testcases.E2Etestcasesuite.travelersquotes.Smoke_ValidateLoginTest" name="smoke_ValidateLoginTest" time="0.0">
    <skipped/>
  </testcase> <!-- smoke_ValidateLoginTest -->
  <testcase classname="testcases.E2Etestcasesuite.travelersquotes.Smoke_ValidateLoginTest" name="smoke_ValidateLoginTest" time="0.001">
    <skipped/>
  </testcase> <!-- smoke_ValidateLoginTest -->
  <testcase classname="testcases.E2Etestcasesuite.travelersquotes.Smoke_ValidateLoginTest" name="smoke_ValidateLoginTest" time="0.0">
    <skipped/>
  </testcase> <!-- smoke_ValidateLoginTest -->
  <testcase classname="testcases.E2Etestcasesuite.travelersquotes.Smoke_ValidateLoginTest" name="smoke_ValidateLoginTest" time="0.001">
    <skipped/>
  </testcase> <!-- smoke_ValidateLoginTest -->
  <testcase classname="testcases.E2Etestcasesuite.travelersquotes.Smoke_ValidateLoginTest" name="smoke_ValidateLoginTest" time="0.001">
    <skipped/>
  </testcase> <!-- smoke_ValidateLoginTest -->
  <testcase classname="testcases.E2Etestcasesuite.travelersquotes.Smoke_ValidateLoginTest" name="smoke_ValidateLoginTest" time="0.0">
    <skipped/>
  </testcase> <!-- smoke_ValidateLoginTest -->
  <testcase classname="testcases.E2Etestcasesuite.travelersquotes.Smoke_ValidateLoginTest" name="smoke_ValidateLoginTest" time="0.0">
    <skipped/>
  </testcase> <!-- smoke_ValidateLoginTest -->
  <testcase classname="testcases.E2Etestcasesuite.travelersquotes.Smoke_ValidateLoginTest" name="smoke_ValidateLoginTest" time="0.0">
    <skipped/>
  </testcase> <!-- smoke_ValidateLoginTest -->
  <testcase classname="testcases.E2Etestcasesuite.travelersquotes.Smoke_ValidateLoginTest" name="smoke_ValidateLoginTest" time="0.0">
    <skipped/>
  </testcase> <!-- smoke_ValidateLoginTest -->
  <testcase classname="testcases.E2Etestcasesuite.travelersquotes.Smoke_ValidateLoginTest" name="smoke_ValidateLoginTest" time="0.0">
    <skipped/>
  </testcase> <!-- smoke_ValidateLoginTest -->
  <testcase classname="testcases.E2Etestcasesuite.travelersquotes.Smoke_ValidateLoginTest" name="smoke_ValidateLoginTest" time="0.0">
    <skipped/>
  </testcase> <!-- smoke_ValidateLoginTest -->
  <testcase classname="testcases.E2Etestcasesuite.travelersquotes.Smoke_ValidateLoginTest" name="smoke_ValidateLoginTest" time="0.0">
    <skipped/>
  </testcase> <!-- smoke_ValidateLoginTest -->
  <testcase classname="testcases.E2Etestcasesuite.travelersquotes.Smoke_ValidateLoginTest" name="smoke_ValidateLoginTest" time="0.0">
    <skipped/>
  </testcase> <!-- smoke_ValidateLoginTest -->
  <testcase classname="testcases.E2Etestcasesuite.travelersquotes.Smoke_ValidateLoginTest" name="smoke_ValidateLoginTest" time="0.0">
    <skipped/>
  </testcase> <!-- smoke_ValidateLoginTest -->
  <testcase classname="testcases.E2Etestcasesuite.travelersquotes.Smoke_ValidateLoginTest" name="smoke_ValidateLoginTest" time="0.001">
    <skipped/>
  </testcase> <!-- smoke_ValidateLoginTest -->
  <testcase classname="testcases.E2Etestcasesuite.travelersquotes.Smoke_ValidateLoginTest" name="smoke_ValidateLoginTest" time="0.001">
    <skipped/>
  </testcase> <!-- smoke_ValidateLoginTest -->
  <testcase classname="testcases.E2Etestcasesuite.travelersquotes.Smoke_ValidateLoginTest" name="smoke_ValidateLoginTest" time="0.001">
    <skipped/>
  </testcase> <!-- smoke_ValidateLoginTest -->
  <testcase classname="testcases.E2Etestcasesuite.travelersquotes.Smoke_ValidateLoginTest" name="smoke_ValidateLoginTest" time="0.0">
    <skipped/>
  </testcase> <!-- smoke_ValidateLoginTest -->
  <testcase classname="testcases.E2Etestcasesuite.travelersquotes.Smoke_ValidateLoginTest" name="smoke_ValidateLoginTest" time="0.0">
    <skipped/>
  </testcase> <!-- smoke_ValidateLoginTest -->
  <testcase classname="testcases.E2Etestcasesuite.travelersquotes.Smoke_ValidateLoginTest" name="smoke_ValidateLoginTest" time="0.001">
    <skipped/>
  </testcase> <!-- smoke_ValidateLoginTest -->
  <testcase classname="testcases.E2Etestcasesuite.travelersquotes.Smoke_ValidateLoginTest" name="smoke_ValidateLoginTest" time="0.0">
    <skipped/>
  </testcase> <!-- smoke_ValidateLoginTest -->
  <testcase classname="testcases.E2Etestcasesuite.travelersquotes.Smoke_ValidateLoginTest" name="smoke_ValidateLoginTest" time="0.001">
    <skipped/>
  </testcase> <!-- smoke_ValidateLoginTest -->
  <testcase classname="testcases.E2Etestcasesuite.travelersquotes.Smoke_ValidateLoginTest" name="smoke_ValidateLoginTest" time="0.001">
    <skipped/>
  </testcase> <!-- smoke_ValidateLoginTest -->
  <testcase classname="testcases.E2Etestcasesuite.travelersquotes.Smoke_ValidateLoginTest" name="smoke_ValidateLoginTest" time="0.0">
    <skipped/>
  </testcase> <!-- smoke_ValidateLoginTest -->
  <testcase classname="testcases.E2Etestcasesuite.travelersquotes.Smoke_ValidateLoginTest" name="smoke_ValidateLoginTest" time="0.0">
    <skipped/>
  </testcase> <!-- smoke_ValidateLoginTest -->
  <testcase classname="testcases.E2Etestcasesuite.travelersquotes.Smoke_ValidateLoginTest" name="smoke_ValidateLoginTest" time="0.001">
    <skipped/>
  </testcase> <!-- smoke_ValidateLoginTest -->
  <testcase classname="testcases.E2Etestcasesuite.travelersquotes.Smoke_ValidateLoginTest" name="smoke_ValidateLoginTest" time="0.0">
    <skipped/>
  </testcase> <!-- smoke_ValidateLoginTest -->
  <testcase classname="testcases.E2Etestcasesuite.travelersquotes.Smoke_ValidateLoginTest" name="smoke_ValidateLoginTest" time="0.0">
    <skipped/>
  </testcase> <!-- smoke_ValidateLoginTest -->
  <testcase classname="testcases.E2Etestcasesuite.travelersquotes.Smoke_ValidateLoginTest" name="smoke_ValidateLoginTest" time="0.0">
    <skipped/>
  </testcase> <!-- smoke_ValidateLoginTest -->
  <testcase classname="testcases.E2Etestcasesuite.travelersquotes.Smoke_ValidateLoginTest" name="smoke_ValidateLoginTest" time="0.001">
    <skipped/>
  </testcase> <!-- smoke_ValidateLoginTest -->
  <testcase classname="testcases.E2Etestcasesuite.travelersquotes.Smoke_ValidateLoginTest" name="smoke_ValidateLoginTest" time="0.001">
    <skipped/>
  </testcase> <!-- smoke_ValidateLoginTest -->
  <testcase classname="testcases.E2Etestcasesuite.travelersquotes.Smoke_ValidateLoginTest" name="smoke_ValidateLoginTest" time="0.001">
    <skipped/>
  </testcase> <!-- smoke_ValidateLoginTest -->
  <testcase classname="testcases.E2Etestcasesuite.travelersquotes.Smoke_ValidateLoginTest" name="smoke_ValidateLoginTest" time="0.0">
    <skipped/>
  </testcase> <!-- smoke_ValidateLoginTest -->
  <testcase classname="testcases.E2Etestcasesuite.travelersquotes.Smoke_ValidateLoginTest" name="smoke_ValidateLoginTest" time="0.001">
    <skipped/>
  </testcase> <!-- smoke_ValidateLoginTest -->
  <testcase classname="testcases.E2Etestcasesuite.travelersquotes.Smoke_ValidateLoginTest" name="smoke_ValidateLoginTest" time="0.001">
    <skipped/>
  </testcase> <!-- smoke_ValidateLoginTest -->
  <testcase classname="testcases.E2Etestcasesuite.travelersquotes.Smoke_ValidateLoginTest" name="smoke_ValidateLoginTest" time="0.001">
    <skipped/>
  </testcase> <!-- smoke_ValidateLoginTest -->
  <testcase classname="testcases.E2Etestcasesuite.travelersquotes.Smoke_ValidateLoginTest" name="smoke_ValidateLoginTest" time="0.0">
    <skipped/>
  </testcase> <!-- smoke_ValidateLoginTest -->
  <testcase classname="testcases.E2Etestcasesuite.travelersquotes.Smoke_ValidateLoginTest" name="smoke_ValidateLoginTest" time="0.0">
    <skipped/>
  </testcase> <!-- smoke_ValidateLoginTest -->
  <testcase classname="testcases.E2Etestcasesuite.travelersquotes.Smoke_ValidateLoginTest" name="smoke_ValidateLoginTest" time="0.001">
    <skipped/>
  </testcase> <!-- smoke_ValidateLoginTest -->
  <testcase classname="testcases.E2Etestcasesuite.travelersquotes.Smoke_ValidateLoginTest" name="smoke_ValidateLoginTest" time="0.001">
    <skipped/>
  </testcase> <!-- smoke_ValidateLoginTest -->
  <testcase classname="testcases.E2Etestcasesuite.travelersquotes.Smoke_ValidateLoginTest" name="smoke_ValidateLoginTest" time="0.001">
    <skipped/>
  </testcase> <!-- smoke_ValidateLoginTest -->
  <testcase classname="testcases.E2Etestcasesuite.travelersquotes.Smoke_ValidateLoginTest" name="smoke_ValidateLoginTest" time="0.001">
    <skipped/>
  </testcase> <!-- smoke_ValidateLoginTest -->
  <testcase classname="testcases.E2Etestcasesuite.travelersquotes.Smoke_ValidateLoginTest" name="smoke_ValidateLoginTest" time="0.0">
    <skipped/>
  </testcase> <!-- smoke_ValidateLoginTest -->
  <testcase classname="testcases.E2Etestcasesuite.travelersquotes.Smoke_ValidateLoginTest" name="smoke_ValidateLoginTest" time="0.001">
    <skipped/>
  </testcase> <!-- smoke_ValidateLoginTest -->
  <testcase classname="testcases.E2Etestcasesuite.travelersquotes.Smoke_ValidateLoginTest" name="smoke_ValidateLoginTest" time="0.001">
    <skipped/>
  </testcase> <!-- smoke_ValidateLoginTest -->
  <testcase classname="testcases.E2Etestcasesuite.travelersquotes.Smoke_ValidateLoginTest" name="smoke_ValidateLoginTest" time="0.0">
    <skipped/>
  </testcase> <!-- smoke_ValidateLoginTest -->
  <testcase classname="testcases.E2Etestcasesuite.travelersquotes.Smoke_ValidateLoginTest" name="smoke_ValidateLoginTest" time="0.0">
    <skipped/>
  </testcase> <!-- smoke_ValidateLoginTest -->
  <testcase classname="testcases.E2Etestcasesuite.travelersquotes.Smoke_ValidateLoginTest" name="smoke_ValidateLoginTest" time="0.001">
    <skipped/>
  </testcase> <!-- smoke_ValidateLoginTest -->
  <testcase classname="testcases.E2Etestcasesuite.travelersquotes.Smoke_ValidateLoginTest" name="smoke_ValidateLoginTest" time="0.0">
    <skipped/>
  </testcase> <!-- smoke_ValidateLoginTest -->
  <testcase classname="testcases.E2Etestcasesuite.travelersquotes.Smoke_ValidateLoginTest" name="smoke_ValidateLoginTest" time="0.0">
    <skipped/>
  </testcase> <!-- smoke_ValidateLoginTest -->
  <testcase classname="testcases.E2Etestcasesuite.travelersquotes.Smoke_ValidateLoginTest" name="smoke_ValidateLoginTest" time="0.001">
    <skipped/>
  </testcase> <!-- smoke_ValidateLoginTest -->
  <testcase classname="testcases.E2Etestcasesuite.travelersquotes.Smoke_ValidateLoginTest" name="smoke_ValidateLoginTest" time="0.001">
    <skipped/>
  </testcase> <!-- smoke_ValidateLoginTest -->
  <testcase classname="testcases.E2Etestcasesuite.travelersquotes.Smoke_ValidateLoginTest" name="smoke_ValidateLoginTest" time="0.0">
    <skipped/>
  </testcase> <!-- smoke_ValidateLoginTest -->
  <testcase classname="testcases.E2Etestcasesuite.travelersquotes.Smoke_ValidateLoginTest" name="smoke_ValidateLoginTest" time="0.0">
    <skipped/>
  </testcase> <!-- smoke_ValidateLoginTest -->
  <testcase classname="testcases.E2Etestcasesuite.travelersquotes.Smoke_ValidateLoginTest" name="smoke_ValidateLoginTest" time="0.0">
    <skipped/>
  </testcase> <!-- smoke_ValidateLoginTest -->
  <testcase classname="testcases.E2Etestcasesuite.travelersquotes.Smoke_ValidateLoginTest" name="smoke_ValidateLoginTest" time="0.0">
    <skipped/>
  </testcase> <!-- smoke_ValidateLoginTest -->
  <testcase classname="testcases.E2Etestcasesuite.travelersquotes.Smoke_ValidateLoginTest" name="smoke_ValidateLoginTest" time="0.001">
    <skipped/>
  </testcase> <!-- smoke_ValidateLoginTest -->
  <testcase classname="testcases.E2Etestcasesuite.travelersquotes.Smoke_ValidateLoginTest" name="smoke_ValidateLoginTest" time="0.001">
    <skipped/>
  </testcase> <!-- smoke_ValidateLoginTest -->
  <testcase classname="testcases.E2Etestcasesuite.travelersquotes.Smoke_ValidateLoginTest" name="smoke_ValidateLoginTest" time="0.0">
    <skipped/>
  </testcase> <!-- smoke_ValidateLoginTest -->
  <testcase classname="testcases.E2Etestcasesuite.travelersquotes.Smoke_ValidateLoginTest" name="smoke_ValidateLoginTest" time="0.001">
    <skipped/>
  </testcase> <!-- smoke_ValidateLoginTest -->
  <testcase classname="testcases.E2Etestcasesuite.travelersquotes.Smoke_ValidateLoginTest" name="smoke_ValidateLoginTest" time="0.0">
    <skipped/>
  </testcase> <!-- smoke_ValidateLoginTest -->
  <testcase classname="testcases.E2Etestcasesuite.travelersquotes.Smoke_ValidateLoginTest" name="smoke_ValidateLoginTest" time="0.001">
    <skipped/>
  </testcase> <!-- smoke_ValidateLoginTest -->
  <testcase classname="testcases.E2Etestcasesuite.travelersquotes.Smoke_ValidateLoginTest" name="smoke_ValidateLoginTest" time="0.0">
    <skipped/>
  </testcase> <!-- smoke_ValidateLoginTest -->
  <testcase classname="testcases.E2Etestcasesuite.travelersquotes.Smoke_ValidateLoginTest" name="smoke_ValidateLoginTest" time="0.0">
    <skipped/>
  </testcase> <!-- smoke_ValidateLoginTest -->
  <testcase classname="testcases.E2Etestcasesuite.travelersquotes.Smoke_ValidateLoginTest" name="smoke_ValidateLoginTest" time="0.001">
    <skipped/>
  </testcase> <!-- smoke_ValidateLoginTest -->
  <testcase classname="testcases.E2Etestcasesuite.travelersquotes.Smoke_ValidateLoginTest" name="smoke_ValidateLoginTest" time="0.001">
    <skipped/>
  </testcase> <!-- smoke_ValidateLoginTest -->
  <testcase classname="testcases.E2Etestcasesuite.travelersquotes.Smoke_ValidateLoginTest" name="smoke_ValidateLoginTest" time="0.001">
    <skipped/>
  </testcase> <!-- smoke_ValidateLoginTest -->
  <testcase classname="testcases.E2Etestcasesuite.travelersquotes.Smoke_ValidateLoginTest" name="smoke_ValidateLoginTest" time="0.0">
    <skipped/>
  </testcase> <!-- smoke_ValidateLoginTest -->
  <testcase classname="testcases.E2Etestcasesuite.travelersquotes.Smoke_ValidateLoginTest" name="smoke_ValidateLoginTest" time="0.0">
    <skipped/>
  </testcase> <!-- smoke_ValidateLoginTest -->
  <testcase classname="testcases.E2Etestcasesuite.travelersquotes.Smoke_ValidateLoginTest" name="smoke_ValidateLoginTest" time="0.0">
    <skipped/>
  </testcase> <!-- smoke_ValidateLoginTest -->
  <testcase classname="testcases.E2Etestcasesuite.travelersquotes.Smoke_ValidateLoginTest" name="smoke_ValidateLoginTest" time="0.001">
    <skipped/>
  </testcase> <!-- smoke_ValidateLoginTest -->
  <testcase classname="testcases.E2Etestcasesuite.travelersquotes.Smoke_ValidateLoginTest" name="smoke_ValidateLoginTest" time="0.0">
    <skipped/>
  </testcase> <!-- smoke_ValidateLoginTest -->
  <testcase classname="testcases.E2Etestcasesuite.travelersquotes.Smoke_ValidateLoginTest" name="smoke_ValidateLoginTest" time="0.0">
    <skipped/>
  </testcase> <!-- smoke_ValidateLoginTest -->
  <testcase classname="testcases.E2Etestcasesuite.travelersquotes.Smoke_ValidateLoginTest" name="smoke_ValidateLoginTest" time="0.001">
    <skipped/>
  </testcase> <!-- smoke_ValidateLoginTest -->
  <testcase classname="testcases.E2Etestcasesuite.travelersquotes.Smoke_ValidateLoginTest" name="smoke_ValidateLoginTest" time="0.0">
    <skipped/>
  </testcase> <!-- smoke_ValidateLoginTest -->
  <testcase classname="testcases.E2Etestcasesuite.travelersquotes.Smoke_ValidateLoginTest" name="smoke_ValidateLoginTest" time="0.0">
    <skipped/>
  </testcase> <!-- smoke_ValidateLoginTest -->
  <testcase classname="testcases.E2Etestcasesuite.travelersquotes.Smoke_ValidateLoginTest" name="smoke_ValidateLoginTest" time="0.0">
    <skipped/>
  </testcase> <!-- smoke_ValidateLoginTest -->
  <testcase classname="testcases.E2Etestcasesuite.travelersquotes.Smoke_ValidateLoginTest" name="smoke_ValidateLoginTest" time="0.0">
    <skipped/>
  </testcase> <!-- smoke_ValidateLoginTest -->
  <testcase classname="testcases.E2Etestcasesuite.travelersquotes.Smoke_ValidateLoginTest" name="smoke_ValidateLoginTest" time="0.001">
    <skipped/>
  </testcase> <!-- smoke_ValidateLoginTest -->
  <testcase classname="testcases.E2Etestcasesuite.travelersquotes.Smoke_ValidateLoginTest" name="smoke_ValidateLoginTest" time="0.0">
    <skipped/>
  </testcase> <!-- smoke_ValidateLoginTest -->
  <testcase classname="testcases.E2Etestcasesuite.travelersquotes.Smoke_ValidateLoginTest" name="smoke_ValidateLoginTest" time="0.0">
    <skipped/>
  </testcase> <!-- smoke_ValidateLoginTest -->
  <testcase classname="testcases.E2Etestcasesuite.travelersquotes.Smoke_ValidateLoginTest" name="smoke_ValidateLoginTest" time="0.001">
    <skipped/>
  </testcase> <!-- smoke_ValidateLoginTest -->
  <testcase classname="testcases.E2Etestcasesuite.travelersquotes.Smoke_ValidateLoginTest" name="smoke_ValidateLoginTest" time="0.0">
    <skipped/>
  </testcase> <!-- smoke_ValidateLoginTest -->
  <testcase classname="testcases.E2Etestcasesuite.travelersquotes.Smoke_ValidateLoginTest" name="smoke_ValidateLoginTest" time="0.001">
    <skipped/>
  </testcase> <!-- smoke_ValidateLoginTest -->
  <testcase classname="testcases.E2Etestcasesuite.travelersquotes.Smoke_ValidateLoginTest" name="smoke_ValidateLoginTest" time="0.001">
    <skipped/>
  </testcase> <!-- smoke_ValidateLoginTest -->
  <testcase classname="testcases.E2Etestcasesuite.travelersquotes.Smoke_ValidateLoginTest" name="smoke_ValidateLoginTest" time="0.0">
    <skipped/>
  </testcase> <!-- smoke_ValidateLoginTest -->
  <testcase classname="testcases.E2Etestcasesuite.travelersquotes.Smoke_ValidateLoginTest" name="smoke_ValidateLoginTest" time="0.0">
    <skipped/>
  </testcase> <!-- smoke_ValidateLoginTest -->
  <testcase classname="testcases.E2Etestcasesuite.travelersquotes.Smoke_ValidateLoginTest" name="smoke_ValidateLoginTest" time="0.001">
    <skipped/>
  </testcase> <!-- smoke_ValidateLoginTest -->
  <testcase classname="testcases.E2Etestcasesuite.travelersquotes.Smoke_ValidateLoginTest" name="smoke_ValidateLoginTest" time="0.001">
    <skipped/>
  </testcase> <!-- smoke_ValidateLoginTest -->
  <testcase classname="testcases.E2Etestcasesuite.travelersquotes.Smoke_ValidateLoginTest" name="smoke_ValidateLoginTest" time="0.001">
    <skipped/>
  </testcase> <!-- smoke_ValidateLoginTest -->
  <testcase classname="testcases.E2Etestcasesuite.travelersquotes.Smoke_ValidateLoginTest" name="smoke_ValidateLoginTest" time="0.0">
    <skipped/>
  </testcase> <!-- smoke_ValidateLoginTest -->
  <testcase classname="testcases.E2Etestcasesuite.travelersquotes.Smoke_ValidateLoginTest" name="smoke_ValidateLoginTest" time="0.0">
    <skipped/>
  </testcase> <!-- smoke_ValidateLoginTest -->
  <testcase classname="testcases.E2Etestcasesuite.travelersquotes.Smoke_ValidateLoginTest" name="smoke_ValidateLoginTest" time="0.0">
    <skipped/>
  </testcase> <!-- smoke_ValidateLoginTest -->
  <testcase classname="testcases.E2Etestcasesuite.travelersquotes.Smoke_ValidateLoginTest" name="smoke_ValidateLoginTest" time="0.0">
    <skipped/>
  </testcase> <!-- smoke_ValidateLoginTest -->
  <testcase classname="testcases.E2Etestcasesuite.travelersquotes.Smoke_ValidateLoginTest" name="smoke_ValidateLoginTest" time="0.0">
    <skipped/>
  </testcase> <!-- smoke_ValidateLoginTest -->
  <testcase classname="testcases.E2Etestcasesuite.travelersquotes.Smoke_ValidateLoginTest" name="smoke_ValidateLoginTest" time="0.0">
    <skipped/>
  </testcase> <!-- smoke_ValidateLoginTest -->
  <testcase classname="testcases.E2Etestcasesuite.travelersquotes.Smoke_ValidateLoginTest" name="smoke_ValidateLoginTest" time="0.001">
    <skipped/>
  </testcase> <!-- smoke_ValidateLoginTest -->
  <testcase classname="testcases.E2Etestcasesuite.travelersquotes.Smoke_ValidateLoginTest" name="smoke_ValidateLoginTest" time="0.0">
    <skipped/>
  </testcase> <!-- smoke_ValidateLoginTest -->
  <testcase classname="testcases.E2Etestcasesuite.travelersquotes.Smoke_ValidateLoginTest" name="smoke_ValidateLoginTest" time="0.001">
    <skipped/>
  </testcase> <!-- smoke_ValidateLoginTest -->
  <testcase classname="testcases.E2Etestcasesuite.travelersquotes.Smoke_ValidateLoginTest" name="smoke_ValidateLoginTest" time="0.0">
    <skipped/>
  </testcase> <!-- smoke_ValidateLoginTest -->
  <testcase classname="testcases.E2Etestcasesuite.travelersquotes.Smoke_ValidateLoginTest" name="smoke_ValidateLoginTest" time="0.0">
    <skipped/>
  </testcase> <!-- smoke_ValidateLoginTest -->
  <testcase classname="testcases.E2Etestcasesuite.travelersquotes.Smoke_ValidateLoginTest" name="smoke_ValidateLoginTest" time="0.0">
    <skipped/>
  </testcase> <!-- smoke_ValidateLoginTest -->
  <testcase classname="testcases.E2Etestcasesuite.travelersquotes.Smoke_ValidateLoginTest" name="smoke_ValidateLoginTest" time="0.0">
    <skipped/>
  </testcase> <!-- smoke_ValidateLoginTest -->
  <testcase classname="testcases.E2Etestcasesuite.travelersquotes.Smoke_ValidateLoginTest" name="smoke_ValidateLoginTest" time="0.001">
    <skipped/>
  </testcase> <!-- smoke_ValidateLoginTest -->
  <testcase classname="testcases.E2Etestcasesuite.travelersquotes.Smoke_ValidateLoginTest" name="smoke_ValidateLoginTest" time="0.0">
    <skipped/>
  </testcase> <!-- smoke_ValidateLoginTest -->
  <testcase classname="testcases.E2Etestcasesuite.travelersquotes.Smoke_ValidateLoginTest" name="smoke_ValidateLoginTest" time="0.0">
    <skipped/>
  </testcase> <!-- smoke_ValidateLoginTest -->
  <testcase classname="testcases.E2Etestcasesuite.travelersquotes.Smoke_ValidateLoginTest" name="smoke_ValidateLoginTest" time="0.0">
    <skipped/>
  </testcase> <!-- smoke_ValidateLoginTest -->
  <testcase classname="testcases.E2Etestcasesuite.travelersquotes.Smoke_ValidateLoginTest" name="smoke_ValidateLoginTest" time="0.001">
    <skipped/>
  </testcase> <!-- smoke_ValidateLoginTest -->
  <testcase classname="testcases.E2Etestcasesuite.travelersquotes.Smoke_ValidateLoginTest" name="smoke_ValidateLoginTest" time="0.0">
    <skipped/>
  </testcase> <!-- smoke_ValidateLoginTest -->
  <testcase classname="testcases.E2Etestcasesuite.travelersquotes.Smoke_ValidateLoginTest" name="smoke_ValidateLoginTest" time="0.0">
    <skipped/>
  </testcase> <!-- smoke_ValidateLoginTest -->
  <testcase classname="testcases.E2Etestcasesuite.travelersquotes.Smoke_ValidateLoginTest" name="smoke_ValidateLoginTest" time="0.0">
    <skipped/>
  </testcase> <!-- smoke_ValidateLoginTest -->
  <testcase classname="testcases.E2Etestcasesuite.travelersquotes.Smoke_ValidateLoginTest" name="smoke_ValidateLoginTest" time="0.0">
    <skipped/>
  </testcase> <!-- smoke_ValidateLoginTest -->
  <testcase classname="testcases.E2Etestcasesuite.travelersquotes.Smoke_ValidateLoginTest" name="smoke_ValidateLoginTest" time="0.001">
    <skipped/>
  </testcase> <!-- smoke_ValidateLoginTest -->
  <testcase classname="testcases.E2Etestcasesuite.travelersquotes.Smoke_ValidateLoginTest" name="smoke_ValidateLoginTest" time="0.001">
    <skipped/>
  </testcase> <!-- smoke_ValidateLoginTest -->
  <testcase classname="testcases.E2Etestcasesuite.travelersquotes.Smoke_ValidateLoginTest" name="smoke_ValidateLoginTest" time="0.0">
    <skipped/>
  </testcase> <!-- smoke_ValidateLoginTest -->
  <testcase classname="testcases.E2Etestcasesuite.travelersquotes.Smoke_ValidateLoginTest" name="smoke_ValidateLoginTest" time="0.0">
    <skipped/>
  </testcase> <!-- smoke_ValidateLoginTest -->
  <testcase classname="testcases.E2Etestcasesuite.travelersquotes.Smoke_ValidateLoginTest" name="smoke_ValidateLoginTest" time="0.001">
    <skipped/>
  </testcase> <!-- smoke_ValidateLoginTest -->
  <testcase classname="testcases.E2Etestcasesuite.travelersquotes.Smoke_ValidateLoginTest" name="smoke_ValidateLoginTest" time="0.0">
    <skipped/>
  </testcase> <!-- smoke_ValidateLoginTest -->
  <testcase classname="testcases.E2Etestcasesuite.travelersquotes.Smoke_ValidateLoginTest" name="smoke_ValidateLoginTest" time="0.0">
    <skipped/>
  </testcase> <!-- smoke_ValidateLoginTest -->
  <testcase classname="testcases.E2Etestcasesuite.travelersquotes.Smoke_ValidateLoginTest" name="smoke_ValidateLoginTest" time="0.001">
    <skipped/>
  </testcase> <!-- smoke_ValidateLoginTest -->
  <testcase classname="testcases.E2Etestcasesuite.travelersquotes.Smoke_ValidateLoginTest" name="smoke_ValidateLoginTest" time="0.0">
    <skipped/>
  </testcase> <!-- smoke_ValidateLoginTest -->
  <testcase classname="testcases.E2Etestcasesuite.travelersquotes.Smoke_ValidateLoginTest" name="smoke_ValidateLoginTest" time="0.0">
    <skipped/>
  </testcase> <!-- smoke_ValidateLoginTest -->
  <testcase classname="testcases.E2Etestcasesuite.travelersquotes.Smoke_ValidateLoginTest" name="smoke_ValidateLoginTest" time="0.001">
    <skipped/>
  </testcase> <!-- smoke_ValidateLoginTest -->
  <testcase classname="testcases.E2Etestcasesuite.travelersquotes.Smoke_ValidateLoginTest" name="smoke_ValidateLoginTest" time="0.0">
    <skipped/>
  </testcase> <!-- smoke_ValidateLoginTest -->
  <testcase classname="testcases.E2Etestcasesuite.travelersquotes.Smoke_ValidateLoginTest" name="smoke_ValidateLoginTest" time="0.0">
    <skipped/>
  </testcase> <!-- smoke_ValidateLoginTest -->
  <testcase classname="testcases.E2Etestcasesuite.travelersquotes.Smoke_ValidateLoginTest" name="smoke_ValidateLoginTest" time="0.0">
    <skipped/>
  </testcase> <!-- smoke_ValidateLoginTest -->
  <testcase classname="testcases.E2Etestcasesuite.travelersquotes.Smoke_ValidateLoginTest" name="smoke_ValidateLoginTest" time="0.0">
    <skipped/>
  </testcase> <!-- smoke_ValidateLoginTest -->
  <testcase classname="testcases.E2Etestcasesuite.travelersquotes.Smoke_ValidateLoginTest" name="smoke_ValidateLoginTest" time="0.0">
    <skipped/>
  </testcase> <!-- smoke_ValidateLoginTest -->
  <testcase classname="testcases.E2Etestcasesuite.travelersquotes.Smoke_ValidateLoginTest" name="smoke_ValidateLoginTest" time="0.001">
    <skipped/>
  </testcase> <!-- smoke_ValidateLoginTest -->
  <testcase classname="testcases.E2Etestcasesuite.travelersquotes.Smoke_ValidateLoginTest" name="smoke_ValidateLoginTest" time="0.0">
    <skipped/>
  </testcase> <!-- smoke_ValidateLoginTest -->
  <testcase classname="testcases.E2Etestcasesuite.travelersquotes.Smoke_ValidateLoginTest" name="smoke_ValidateLoginTest" time="0.0">
    <skipped/>
  </testcase> <!-- smoke_ValidateLoginTest -->
  <testcase classname="testcases.E2Etestcasesuite.travelersquotes.Smoke_ValidateLoginTest" name="smoke_ValidateLoginTest" time="0.0">
    <skipped/>
  </testcase> <!-- smoke_ValidateLoginTest -->
  <testcase classname="testcases.E2Etestcasesuite.travelersquotes.Smoke_ValidateLoginTest" name="smoke_ValidateLoginTest" time="0.0">
    <skipped/>
  </testcase> <!-- smoke_ValidateLoginTest -->
  <testcase classname="testcases.E2Etestcasesuite.travelersquotes.Smoke_ValidateLoginTest" name="smoke_ValidateLoginTest" time="0.0">
    <skipped/>
  </testcase> <!-- smoke_ValidateLoginTest -->
  <testcase classname="testcases.E2Etestcasesuite.travelersquotes.Smoke_ValidateLoginTest" name="smoke_ValidateLoginTest" time="0.001">
    <skipped/>
  </testcase> <!-- smoke_ValidateLoginTest -->
  <testcase classname="testcases.E2Etestcasesuite.travelersquotes.Smoke_ValidateLoginTest" name="smoke_ValidateLoginTest" time="0.0">
    <skipped/>
  </testcase> <!-- smoke_ValidateLoginTest -->
  <testcase classname="testcases.E2Etestcasesuite.travelersquotes.Smoke_ValidateLoginTest" name="smoke_ValidateLoginTest" time="0.0">
    <skipped/>
  </testcase> <!-- smoke_ValidateLoginTest -->
  <testcase classname="testcases.E2Etestcasesuite.travelersquotes.Smoke_ValidateLoginTest" name="smoke_ValidateLoginTest" time="0.001">
    <skipped/>
  </testcase> <!-- smoke_ValidateLoginTest -->
  <testcase classname="testcases.E2Etestcasesuite.travelersquotes.Smoke_ValidateLoginTest" name="smoke_ValidateLoginTest" time="0.0">
    <skipped/>
  </testcase> <!-- smoke_ValidateLoginTest -->
  <testcase classname="testcases.E2Etestcasesuite.travelersquotes.Smoke_ValidateLoginTest" name="smoke_ValidateLoginTest" time="0.0">
    <skipped/>
  </testcase> <!-- smoke_ValidateLoginTest -->
  <testcase classname="testcases.E2Etestcasesuite.travelersquotes.Smoke_ValidateLoginTest" name="smoke_ValidateLoginTest" time="0.001">
    <skipped/>
  </testcase> <!-- smoke_ValidateLoginTest -->
  <testcase classname="testcases.E2Etestcasesuite.travelersquotes.Smoke_ValidateLoginTest" name="smoke_ValidateLoginTest" time="0.001">
    <skipped/>
  </testcase> <!-- smoke_ValidateLoginTest -->
  <testcase classname="testcases.E2Etestcasesuite.travelersquotes.Smoke_ValidateLoginTest" name="smoke_ValidateLoginTest" time="0.0">
    <skipped/>
  </testcase> <!-- smoke_ValidateLoginTest -->
  <testcase classname="testcases.E2Etestcasesuite.travelersquotes.Smoke_ValidateLoginTest" name="smoke_ValidateLoginTest" time="0.0">
    <skipped/>
  </testcase> <!-- smoke_ValidateLoginTest -->
  <testcase classname="testcases.E2Etestcasesuite.travelersquotes.Smoke_ValidateLoginTest" name="smoke_ValidateLoginTest" time="0.001">
    <skipped/>
  </testcase> <!-- smoke_ValidateLoginTest -->
  <testcase classname="testcases.E2Etestcasesuite.travelersquotes.Smoke_ValidateLoginTest" name="smoke_ValidateLoginTest" time="0.0">
    <skipped/>
  </testcase> <!-- smoke_ValidateLoginTest -->
  <testcase classname="testcases.E2Etestcasesuite.travelersquotes.Smoke_ValidateLoginTest" name="smoke_ValidateLoginTest" time="0.0">
    <skipped/>
  </testcase> <!-- smoke_ValidateLoginTest -->
  <testcase classname="testcases.E2Etestcasesuite.travelersquotes.Smoke_ValidateLoginTest" name="smoke_ValidateLoginTest" time="0.001">
    <skipped/>
  </testcase> <!-- smoke_ValidateLoginTest -->
  <testcase classname="testcases.E2Etestcasesuite.travelersquotes.Smoke_ValidateLoginTest" name="smoke_ValidateLoginTest" time="0.0">
    <skipped/>
  </testcase> <!-- smoke_ValidateLoginTest -->
  <testcase classname="testcases.E2Etestcasesuite.travelersquotes.Smoke_ValidateLoginTest" name="smoke_ValidateLoginTest" time="0.0">
    <skipped/>
  </testcase> <!-- smoke_ValidateLoginTest -->
  <testcase classname="testcases.E2Etestcasesuite.travelersquotes.Smoke_ValidateLoginTest" name="smoke_ValidateLoginTest" time="0.0">
    <skipped/>
  </testcase> <!-- smoke_ValidateLoginTest -->
  <testcase classname="testcases.E2Etestcasesuite.travelersquotes.Smoke_ValidateLoginTest" name="smoke_ValidateLoginTest" time="0.0">
    <skipped/>
  </testcase> <!-- smoke_ValidateLoginTest -->
  <testcase classname="testcases.E2Etestcasesuite.travelersquotes.Smoke_ValidateLoginTest" name="smoke_ValidateLoginTest" time="0.0">
    <skipped/>
  </testcase> <!-- smoke_ValidateLoginTest -->
  <testcase classname="testcases.E2Etestcasesuite.travelersquotes.Smoke_ValidateLoginTest" name="smoke_ValidateLoginTest" time="0.0">
    <skipped/>
  </testcase> <!-- smoke_ValidateLoginTest -->
  <testcase classname="testcases.E2Etestcasesuite.travelersquotes.Smoke_ValidateLoginTest" name="smoke_ValidateLoginTest" time="0.0">
    <skipped/>
  </testcase> <!-- smoke_ValidateLoginTest -->
  <testcase classname="testcases.E2Etestcasesuite.travelersquotes.Smoke_ValidateLoginTest" name="smoke_ValidateLoginTest" time="0.0">
    <skipped/>
  </testcase> <!-- smoke_ValidateLoginTest -->
  <testcase classname="testcases.E2Etestcasesuite.travelersquotes.Smoke_ValidateLoginTest" name="smoke_ValidateLoginTest" time="0.0">
    <skipped/>
  </testcase> <!-- smoke_ValidateLoginTest -->
  <testcase classname="testcases.E2Etestcasesuite.travelersquotes.Smoke_ValidateLoginTest" name="smoke_ValidateLoginTest" time="0.0">
    <skipped/>
  </testcase> <!-- smoke_ValidateLoginTest -->
  <testcase classname="testcases.E2Etestcasesuite.travelersquotes.Smoke_ValidateLoginTest" name="smoke_ValidateLoginTest" time="0.0">
    <skipped/>
  </testcase> <!-- smoke_ValidateLoginTest -->
  <testcase classname="testcases.E2Etestcasesuite.travelersquotes.Smoke_ValidateLoginTest" name="smoke_ValidateLoginTest" time="0.0">
    <skipped/>
  </testcase> <!-- smoke_ValidateLoginTest -->
  <testcase classname="testcases.E2Etestcasesuite.travelersquotes.Smoke_ValidateLoginTest" name="smoke_ValidateLoginTest" time="0.0">
    <skipped/>
  </testcase> <!-- smoke_ValidateLoginTest -->
  <testcase classname="testcases.E2Etestcasesuite.travelersquotes.Smoke_ValidateLoginTest" name="smoke_ValidateLoginTest" time="0.001">
    <skipped/>
  </testcase> <!-- smoke_ValidateLoginTest -->
  <testcase classname="testcases.E2Etestcasesuite.travelersquotes.Smoke_ValidateLoginTest" name="smoke_ValidateLoginTest" time="0.0">
    <skipped/>
  </testcase> <!-- smoke_ValidateLoginTest -->
  <testcase classname="testcases.E2Etestcasesuite.travelersquotes.Smoke_ValidateLoginTest" name="smoke_ValidateLoginTest" time="0.0">
    <skipped/>
  </testcase> <!-- smoke_ValidateLoginTest -->
  <testcase classname="testcases.E2Etestcasesuite.travelersquotes.Smoke_ValidateLoginTest" name="smoke_ValidateLoginTest" time="0.0">
    <skipped/>
  </testcase> <!-- smoke_ValidateLoginTest -->
  <testcase classname="testcases.E2Etestcasesuite.travelersquotes.Smoke_ValidateLoginTest" name="smoke_ValidateLoginTest" time="0.0">
    <skipped/>
  </testcase> <!-- smoke_ValidateLoginTest -->
  <testcase classname="testcases.E2Etestcasesuite.travelersquotes.Smoke_ValidateLoginTest" name="smoke_ValidateLoginTest" time="0.001">
    <skipped/>
  </testcase> <!-- smoke_ValidateLoginTest -->
  <testcase classname="testcases.E2Etestcasesuite.travelersquotes.Smoke_ValidateLoginTest" name="smoke_ValidateLoginTest" time="0.0">
    <skipped/>
  </testcase> <!-- smoke_ValidateLoginTest -->
  <testcase classname="testcases.E2Etestcasesuite.travelersquotes.Smoke_ValidateLoginTest" name="smoke_ValidateLoginTest" time="0.0">
    <skipped/>
  </testcase> <!-- smoke_ValidateLoginTest -->
  <testcase classname="testcases.E2Etestcasesuite.travelersquotes.Smoke_ValidateLoginTest" name="smoke_ValidateLoginTest" time="0.0">
    <skipped/>
  </testcase> <!-- smoke_ValidateLoginTest -->
  <testcase classname="testcases.E2Etestcasesuite.travelersquotes.Smoke_ValidateLoginTest" name="smoke_ValidateLoginTest" time="0.0">
    <skipped/>
  </testcase> <!-- smoke_ValidateLoginTest -->
  <testcase classname="testcases.E2Etestcasesuite.travelersquotes.Smoke_ValidateLoginTest" name="smoke_ValidateLoginTest" time="0.0">
    <skipped/>
  </testcase> <!-- smoke_ValidateLoginTest -->
  <testcase classname="testcases.E2Etestcasesuite.travelersquotes.Smoke_ValidateLoginTest" name="smoke_ValidateLoginTest" time="0.001">
    <skipped/>
  </testcase> <!-- smoke_ValidateLoginTest -->
  <testcase classname="testcases.E2Etestcasesuite.travelersquotes.Smoke_ValidateLoginTest" name="smoke_ValidateLoginTest" time="0.001">
    <skipped/>
  </testcase> <!-- smoke_ValidateLoginTest -->
  <testcase classname="testcases.E2Etestcasesuite.travelersquotes.Smoke_ValidateLoginTest" name="smoke_ValidateLoginTest" time="0.0">
    <skipped/>
  </testcase> <!-- smoke_ValidateLoginTest -->
  <testcase classname="testcases.E2Etestcasesuite.travelersquotes.Smoke_ValidateLoginTest" name="smoke_ValidateLoginTest" time="0.0">
    <skipped/>
  </testcase> <!-- smoke_ValidateLoginTest -->
  <testcase classname="testcases.E2Etestcasesuite.travelersquotes.Smoke_ValidateLoginTest" name="smoke_ValidateLoginTest" time="0.0">
    <skipped/>
  </testcase> <!-- smoke_ValidateLoginTest -->
  <testcase classname="testcases.E2Etestcasesuite.travelersquotes.Smoke_ValidateLoginTest" name="smoke_ValidateLoginTest" time="0.0">
    <skipped/>
  </testcase> <!-- smoke_ValidateLoginTest -->
  <testcase classname="testcases.E2Etestcasesuite.travelersquotes.Smoke_ValidateLoginTest" name="smoke_ValidateLoginTest" time="0.0">
    <skipped/>
  </testcase> <!-- smoke_ValidateLoginTest -->
  <testcase classname="testcases.E2Etestcasesuite.travelersquotes.Smoke_ValidateLoginTest" name="smoke_ValidateLoginTest" time="0.0">
    <skipped/>
  </testcase> <!-- smoke_ValidateLoginTest -->
  <testcase classname="testcases.E2Etestcasesuite.travelersquotes.Smoke_ValidateLoginTest" name="smoke_ValidateLoginTest" time="0.0">
    <skipped/>
  </testcase> <!-- smoke_ValidateLoginTest -->
  <testcase classname="testcases.E2Etestcasesuite.travelersquotes.Smoke_ValidateLoginTest" name="smoke_ValidateLoginTest" time="0.0">
    <skipped/>
  </testcase> <!-- smoke_ValidateLoginTest -->
  <testcase classname="testcases.E2Etestcasesuite.travelersquotes.Smoke_ValidateLoginTest" name="smoke_ValidateLoginTest" time="0.0">
    <skipped/>
  </testcase> <!-- smoke_ValidateLoginTest -->
  <testcase classname="testcases.E2Etestcasesuite.travelersquotes.Smoke_ValidateLoginTest" name="smoke_ValidateLoginTest" time="0.0">
    <skipped/>
  </testcase> <!-- smoke_ValidateLoginTest -->
  <testcase classname="testcases.E2Etestcasesuite.travelersquotes.Smoke_ValidateLoginTest" name="smoke_ValidateLoginTest" time="0.0">
    <skipped/>
  </testcase> <!-- smoke_ValidateLoginTest -->
  <testcase classname="testcases.E2Etestcasesuite.travelersquotes.Smoke_ValidateLoginTest" name="smoke_ValidateLoginTest" time="0.001">
    <skipped/>
  </testcase> <!-- smoke_ValidateLoginTest -->
  <testcase classname="testcases.E2Etestcasesuite.travelersquotes.Smoke_ValidateLoginTest" name="smoke_ValidateLoginTest" time="0.001">
    <skipped/>
  </testcase> <!-- smoke_ValidateLoginTest -->
  <testcase classname="testcases.E2Etestcasesuite.travelersquotes.Smoke_ValidateLoginTest" name="smoke_ValidateLoginTest" time="0.001">
    <skipped/>
  </testcase> <!-- smoke_ValidateLoginTest -->
  <testcase classname="testcases.E2Etestcasesuite.travelersquotes.Smoke_ValidateLoginTest" name="smoke_ValidateLoginTest" time="0.0">
    <skipped/>
  </testcase> <!-- smoke_ValidateLoginTest -->
  <testcase classname="testcases.E2Etestcasesuite.travelersquotes.Smoke_ValidateLoginTest" name="smoke_ValidateLoginTest" time="0.001">
    <skipped/>
  </testcase> <!-- smoke_ValidateLoginTest -->
  <testcase classname="testcases.E2Etestcasesuite.travelersquotes.Smoke_ValidateLoginTest" name="smoke_ValidateLoginTest" time="0.001">
    <skipped/>
  </testcase> <!-- smoke_ValidateLoginTest -->
  <testcase classname="testcases.E2Etestcasesuite.travelersquotes.Smoke_ValidateLoginTest" name="smoke_ValidateLoginTest" time="0.0">
    <skipped/>
  </testcase> <!-- smoke_ValidateLoginTest -->
  <testcase classname="testcases.E2Etestcasesuite.travelersquotes.Smoke_ValidateLoginTest" name="smoke_ValidateLoginTest" time="0.0">
    <skipped/>
  </testcase> <!-- smoke_ValidateLoginTest -->
  <testcase classname="testcases.E2Etestcasesuite.travelersquotes.Smoke_ValidateLoginTest" name="smoke_ValidateLoginTest" time="0.0">
    <skipped/>
  </testcase> <!-- smoke_ValidateLoginTest -->
[...]
    <skipped/>
  </testcase> <!-- smoke_SearchPersonTest -->
  <testcase classname="testcases.E2Etestcasesuite.travelersquotes.Smoke_SearchPersonTest" name="smoke_SearchPersonTest" time="0.0">
    <skipped/>
  </testcase> <!-- smoke_SearchPersonTest -->
  <testcase classname="testcases.E2Etestcasesuite.travelersquotes.Smoke_SearchPersonTest" name="smoke_SearchPersonTest" time="0.0">
    <skipped/>
  </testcase> <!-- smoke_SearchPersonTest -->
  <testcase classname="testcases.E2Etestcasesuite.travelersquotes.Smoke_SearchPersonTest" name="smoke_SearchPersonTest" time="0.0">
    <skipped/>
  </testcase> <!-- smoke_SearchPersonTest -->
  <testcase classname="testcases.E2Etestcasesuite.travelersquotes.Smoke_SearchPersonTest" name="smoke_SearchPersonTest" time="0.001">
    <skipped/>
  </testcase> <!-- smoke_SearchPersonTest -->
  <testcase classname="testcases.E2Etestcasesuite.travelersquotes.Smoke_SearchPersonTest" name="smoke_SearchPersonTest" time="0.0">
    <skipped/>
  </testcase> <!-- smoke_SearchPersonTest -->
  <testcase classname="testcases.E2Etestcasesuite.travelersquotes.Smoke_SearchPersonTest" name="smoke_SearchPersonTest" time="0.001">
    <skipped/>
  </testcase> <!-- smoke_SearchPersonTest -->
  <testcase classname="testcases.E2Etestcasesuite.travelersquotes.Smoke_SearchPersonTest" name="smoke_SearchPersonTest" time="0.001">
    <skipped/>
  </testcase> <!-- smoke_SearchPersonTest -->
  <testcase classname="testcases.E2Etestcasesuite.travelersquotes.Smoke_SearchPersonTest" name="smoke_SearchPersonTest" time="0.001">
    <skipped/>
  </testcase> <!-- smoke_SearchPersonTest -->
  <testcase classname="testcases.E2Etestcasesuite.travelersquotes.Smoke_SearchPersonTest" name="smoke_SearchPersonTest" time="0.0">
    <skipped/>
  </testcase> <!-- smoke_SearchPersonTest -->
  <testcase classname="testcases.E2Etestcasesuite.travelersquotes.Smoke_SearchPersonTest" name="smoke_SearchPersonTest" time="0.0">
    <skipped/>
  </testcase> <!-- smoke_SearchPersonTest -->
  <testcase classname="testcases.E2Etestcasesuite.travelersquotes.Smoke_SearchPersonTest" name="smoke_SearchPersonTest" time="0.0">
    <skipped/>
  </testcase> <!-- smoke_SearchPersonTest -->
  <testcase classname="testcases.E2Etestcasesuite.travelersquotes.Smoke_SearchPersonTest" name="smoke_SearchPersonTest" time="0.0">
    <skipped/>
  </testcase> <!-- smoke_SearchPersonTest -->
  <testcase classname="testcases.E2Etestcasesuite.travelersquotes.Smoke_SearchPersonTest" name="smoke_SearchPersonTest" time="0.0">
    <skipped/>
  </testcase> <!-- smoke_SearchPersonTest -->
  <testcase classname="testcases.E2Etestcasesuite.travelersquotes.Smoke_SearchPersonTest" name="smoke_SearchPersonTest" time="0.0">
    <skipped/>
  </testcase> <!-- smoke_SearchPersonTest -->
  <testcase classname="testcases.E2Etestcasesuite.travelersquotes.Smoke_SearchPersonTest" name="smoke_SearchPersonTest" time="0.0">
    <skipped/>
  </testcase> <!-- smoke_SearchPersonTest -->
  <testcase classname="testcases.E2Etestcasesuite.travelersquotes.Smoke_SearchPersonTest" name="smoke_SearchPersonTest" time="0.0">
    <skipped/>
  </testcase> <!-- smoke_SearchPersonTest -->
  <testcase classname="testcases.E2Etestcasesuite.travelersquotes.Smoke_SearchPersonTest" name="smoke_SearchPersonTest" time="0.0">
    <skipped/>
  </testcase> <!-- smoke_SearchPersonTest -->
  <testcase classname="testcases.E2Etestcasesuite.travelersquotes.Smoke_SearchPersonTest" name="smoke_SearchPersonTest" time="0.0">
    <skipped/>
  </testcase> <!-- smoke_SearchPersonTest -->
  <testcase classname="testcases.E2Etestcasesuite.travelersquotes.Smoke_SearchPersonTest" name="smoke_SearchPersonTest" time="0.001">
    <skipped/>
  </testcase> <!-- smoke_SearchPersonTest -->
  <testcase classname="testcases.E2Etestcasesuite.travelersquotes.Smoke_SearchPersonTest" name="smoke_SearchPersonTest" time="0.0">
    <skipped/>
  </testcase> <!-- smoke_SearchPersonTest -->
  <testcase classname="testcases.E2Etestcasesuite.travelersquotes.Smoke_SearchPersonTest" name="smoke_SearchPersonTest" time="0.0">
    <skipped/>
  </testcase> <!-- smoke_SearchPersonTest -->
  <testcase classname="testcases.E2Etestcasesuite.travelersquotes.Smoke_SearchPersonTest" name="smoke_SearchPersonTest" time="0.0">
    <skipped/>
  </testcase> <!-- smoke_SearchPersonTest -->
  <testcase classname="testcases.E2Etestcasesuite.travelersquotes.Smoke_SearchPersonTest" name="smoke_SearchPersonTest" time="0.0">
    <skipped/>
  </testcase> <!-- smoke_SearchPersonTest -->
  <testcase classname="testcases.E2Etestcasesuite.travelersquotes.Smoke_SearchPersonTest" name="smoke_SearchPersonTest" time="0.0">
    <skipped/>
  </testcase> <!-- smoke_SearchPersonTest -->
  <testcase classname="testcases.E2Etestcasesuite.travelersquotes.Smoke_SearchPersonTest" name="smoke_SearchPersonTest" time="0.0">
    <skipped/>
  </testcase> <!-- smoke_SearchPersonTest -->
  <testcase classname="testcases.E2Etestcasesuite.travelersquotes.Smoke_SearchPersonTest" name="smoke_SearchPersonTest" time="0.0">
    <skipped/>
  </testcase> <!-- smoke_SearchPersonTest -->
  <testcase classname="testcases.E2Etestcasesuite.travelersquotes.Smoke_SearchPersonTest" name="smoke_SearchPersonTest" time="0.001">
    <skipped/>
  </testcase> <!-- smoke_SearchPersonTest -->
  <testcase classname="testcases.E2Etestcasesuite.travelersquotes.Smoke_SearchPersonTest" name="smoke_SearchPersonTest" time="0.0">
    <skipped/>
  </testcase> <!-- smoke_SearchPersonTest -->
  <testcase classname="testcases.E2Etestcasesuite.travelersquotes.Smoke_SearchPersonTest" name="smoke_SearchPersonTest" time="0.0">
    <skipped/>
  </testcase> <!-- smoke_SearchPersonTest -->
  <testcase classname="testcases.E2Etestcasesuite.travelersquotes.Smoke_SearchPersonTest" name="smoke_SearchPersonTest" time="0.0">
    <skipped/>
  </testcase> <!-- smoke_SearchPersonTest -->
  <testcase classname="testcases.E2Etestcasesuite.travelersquotes.Smoke_SearchPersonTest" name="smoke_SearchPersonTest" time="0.0">
    <skipped/>
  </testcase> <!-- smoke_SearchPersonTest -->
  <testcase classname="testcases.E2Etestcasesuite.travelersquotes.Smoke_SearchPersonTest" name="smoke_SearchPersonTest" time="0.001">
    <skipped/>
  </testcase> <!-- smoke_SearchPersonTest -->
  <testcase classname="testcases.E2Etestcasesuite.travelersquotes.Smoke_SearchPersonTest" name="smoke_SearchPersonTest" time="0.0">
    <skipped/>
  </testcase> <!-- smoke_SearchPersonTest -->
  <testcase classname="testcases.E2Etestcasesuite.travelersquotes.Smoke_SearchPersonTest" name="smoke_SearchPersonTest" time="0.0">
    <skipped/>
  </testcase> <!-- smoke_SearchPersonTest -->
  <testcase classname="testcases.E2Etestcasesuite.travelersquotes.Smoke_SearchPersonTest" name="smoke_SearchPersonTest" time="0.0">
    <skipped/>
  </testcase> <!-- smoke_SearchPersonTest -->
  <testcase classname="testcases.E2Etestcasesuite.travelersquotes.Smoke_SearchPersonTest" name="smoke_SearchPersonTest" time="0.0">
    <skipped/>
  </testcase> <!-- smoke_SearchPersonTest -->
  <testcase classname="testcases.E2Etestcasesuite.travelersquotes.Smoke_SearchPersonTest" name="smoke_SearchPersonTest" time="0.0">
    <skipped/>
  </testcase> <!-- smoke_SearchPersonTest -->
  <testcase classname="testcases.E2Etestcasesuite.travelersquotes.Smoke_SearchPersonTest" name="smoke_SearchPersonTest" time="0.0">
    <skipped/>
  </testcase> <!-- smoke_SearchPersonTest -->
  <testcase classname="testcases.E2Etestcasesuite.travelersquotes.Smoke_SearchPersonTest" name="smoke_SearchPersonTest" time="0.0">
    <skipped/>
  </testcase> <!-- smoke_SearchPersonTest -->
  <testcase classname="testcases.E2Etestcasesuite.travelersquotes.Smoke_SearchPersonTest" name="smoke_SearchPersonTest" time="0.001">
    <skipped/>
  </testcase> <!-- smoke_SearchPersonTest -->
  <testcase classname="testcases.E2Etestcasesuite.travelersquotes.Smoke_SearchPersonTest" name="smoke_SearchPersonTest" time="0.0">
    <skipped/>
  </testcase> <!-- smoke_SearchPersonTest -->
  <testcase classname="testcases.E2Etestcasesuite.travelersquotes.Smoke_SearchPersonTest" name="smoke_SearchPersonTest" time="0.0">
    <skipped/>
  </testcase> <!-- smoke_SearchPersonTest -->
  <testcase classname="testcases.E2Etestcasesuite.travelersquotes.Smoke_SearchPersonTest" name="smoke_SearchPersonTest" time="0.0">
    <skipped/>
  </testcase> <!-- smoke_SearchPersonTest -->
  <testcase classname="testcases.E2Etestcasesuite.travelersquotes.Smoke_SearchPersonTest" name="smoke_SearchPersonTest" time="0.001">
    <skipped/>
  </testcase> <!-- smoke_SearchPersonTest -->
  <testcase classname="testcases.E2Etestcasesuite.travelersquotes.Smoke_SearchPersonTest" name="smoke_SearchPersonTest" time="0.001">
    <skipped/>
  </testcase> <!-- smoke_SearchPersonTest -->
  <testcase classname="testcases.E2Etestcasesuite.travelersquotes.Smoke_SearchPersonTest" name="smoke_SearchPersonTest" time="0.0">
    <skipped/>
  </testcase> <!-- smoke_SearchPersonTest -->
  <testcase classname="testcases.E2Etestcasesuite.travelersquotes.Smoke_SearchPersonTest" name="smoke_SearchPersonTest" time="0.0">
    <skipped/>
  </testcase> <!-- smoke_SearchPersonTest -->
  <testcase classname="testcases.E2Etestcasesuite.travelersquotes.Smoke_SearchPersonTest" name="smoke_SearchPersonTest" time="0.0">
    <skipped/>
  </testcase> <!-- smoke_SearchPersonTest -->
  <testcase classname="testcases.E2Etestcasesuite.travelersquotes.Smoke_SearchPersonTest" name="smoke_SearchPersonTest" time="0.0">
    <skipped/>
  </testcase> <!-- smoke_SearchPersonTest -->
  <testcase classname="testcases.E2Etestcasesuite.travelersquotes.Smoke_SearchPersonTest" name="smoke_SearchPersonTest" time="0.001">
    <skipped/>
  </testcase> <!-- smoke_SearchPersonTest -->
  <testcase classname="testcases.E2Etestcasesuite.travelersquotes.Smoke_SearchPersonTest" name="smoke_SearchPersonTest" time="0.0">
    <skipped/>
  </testcase> <!-- smoke_SearchPersonTest -->
  <testcase classname="testcases.E2Etestcasesuite.travelersquotes.Smoke_SearchPersonTest" name="smoke_SearchPersonTest" time="0.0">
    <skipped/>
  </testcase> <!-- smoke_SearchPersonTest -->
  <testcase classname="testcases.E2Etestcasesuite.travelersquotes.Smoke_SearchPersonTest" name="smoke_SearchPersonTest" time="0.0">
    <skipped/>
  </testcase> <!-- smoke_SearchPersonTest -->
  <testcase classname="testcases.E2Etestcasesuite.travelersquotes.Smoke_SearchPersonTest" name="smoke_SearchPersonTest" time="0.0">
    <skipped/>
  </testcase> <!-- smoke_SearchPersonTest -->
  <testcase classname="testcases.E2Etestcasesuite.travelersquotes.Smoke_SearchPersonTest" name="smoke_SearchPersonTest" time="0.0">
    <skipped/>
  </testcase> <!-- smoke_SearchPersonTest -->
  <testcase classname="testcases.E2Etestcasesuite.travelersquotes.Smoke_SearchPersonTest" name="smoke_SearchPersonTest" time="0.0">
    <skipped/>
  </testcase> <!-- smoke_SearchPersonTest -->
  <testcase classname="testcases.E2Etestcasesuite.travelersquotes.Smoke_SearchPersonTest" name="smoke_SearchPersonTest" time="0.001">
    <skipped/>
  </testcase> <!-- smoke_SearchPersonTest -->
  <testcase classname="testcases.E2Etestcasesuite.travelersquotes.Smoke_SearchPersonTest" name="smoke_SearchPersonTest" time="0.0">
    <skipped/>
  </testcase> <!-- smoke_SearchPersonTest -->
  <testcase classname="testcases.E2Etestcasesuite.travelersquotes.Smoke_SearchPersonTest" name="smoke_SearchPersonTest" time="0.0">
    <skipped/>
  </testcase> <!-- smoke_SearchPersonTest -->
  <testcase classname="testcases.E2Etestcasesuite.travelersquotes.Smoke_SearchPersonTest" name="smoke_SearchPersonTest" time="0.0">
    <skipped/>
  </testcase> <!-- smoke_SearchPersonTest -->
  <testcase classname="testcases.E2Etestcasesuite.travelersquotes.Smoke_SearchPersonTest" name="smoke_SearchPersonTest" time="0.001">
    <skipped/>
  </testcase> <!-- smoke_SearchPersonTest -->
  <testcase classname="testcases.E2Etestcasesuite.travelersquotes.Smoke_SearchPersonTest" name="smoke_SearchPersonTest" time="0.0">
    <skipped/>
  </testcase> <!-- smoke_SearchPersonTest -->
  <testcase classname="testcases.E2Etestcasesuite.travelersquotes.Smoke_SearchPersonTest" name="smoke_SearchPersonTest" time="0.0">
    <skipped/>
  </testcase> <!-- smoke_SearchPersonTest -->
  <testcase classname="testcases.E2Etestcasesuite.travelersquotes.Smoke_SearchPersonTest" name="smoke_SearchPersonTest" time="0.0">
    <skipped/>
  </testcase> <!-- smoke_SearchPersonTest -->
  <testcase classname="testcases.E2Etestcasesuite.travelersquotes.Smoke_SearchPersonTest" name="smoke_SearchPersonTest" time="0.001">
    <skipped/>
  </testcase> <!-- smoke_SearchPersonTest -->
  <testcase classname="testcases.E2Etestcasesuite.travelersquotes.Smoke_SearchPersonTest" name="smoke_SearchPersonTest" time="0.0">
    <skipped/>
  </testcase> <!-- smoke_SearchPersonTest -->
  <testcase classname="testcases.E2Etestcasesuite.travelersquotes.Smoke_SearchPersonTest" name="smoke_SearchPersonTest" time="0.0">
    <skipped/>
  </testcase> <!-- smoke_SearchPersonTest -->
  <testcase classname="testcases.E2Etestcasesuite.travelersquotes.Smoke_SearchPersonTest" name="smoke_SearchPersonTest" time="0.0">
    <skipped/>
  </testcase> <!-- smoke_SearchPersonTest -->
  <testcase classname="testcases.E2Etestcasesuite.travelersquotes.Smoke_SearchPersonTest" name="smoke_SearchPersonTest" time="0.0">
    <skipped/>
  </testcase> <!-- smoke_SearchPersonTest -->
  <testcase classname="testcases.E2Etestcasesuite.travelersquotes.Smoke_SearchPersonTest" name="smoke_SearchPersonTest" time="0.001">
    <skipped/>
  </testcase> <!-- smoke_SearchPersonTest -->
  <testcase classname="testcases.E2Etestcasesuite.travelersquotes.Smoke_SearchPersonTest" name="smoke_SearchPersonTest" time="0.001">
    <skipped/>
  </testcase> <!-- smoke_SearchPersonTest -->
  <testcase classname="testcases.E2Etestcasesuite.travelersquotes.Smoke_SearchPersonTest" name="smoke_SearchPersonTest" time="0.0">
    <skipped/>
  </testcase> <!-- smoke_SearchPersonTest -->
  <testcase classname="testcases.E2Etestcasesuite.travelersquotes.Smoke_SearchPersonTest" name="smoke_SearchPersonTest" time="0.0">
    <skipped/>
  </testcase> <!-- smoke_SearchPersonTest -->
  <testcase classname="testcases.E2Etestcasesuite.travelersquotes.Smoke_SearchPersonTest" name="smoke_SearchPersonTest" time="0.0">
    <skipped/>
  </testcase> <!-- smoke_SearchPersonTest -->
  <testcase classname="testcases.E2Etestcasesuite.travelersquotes.Smoke_SearchPersonTest" name="smoke_SearchPersonTest" time="0.0">
    <skipped/>
  </testcase> <!-- smoke_SearchPersonTest -->
  <testcase classname="testcases.E2Etestcasesuite.travelersquotes.Smoke_SearchPersonTest" name="smoke_SearchPersonTest" time="0.0">
    <skipped/>
  </testcase> <!-- smoke_SearchPersonTest -->
  <testcase classname="testcases.E2Etestcasesuite.travelersquotes.Smoke_SearchPersonTest" name="smoke_SearchPersonTest" time="0.0">
    <skipped/>
  </testcase> <!-- smoke_SearchPersonTest -->
  <testcase classname="testcases.E2Etestcasesuite.travelersquotes.Smoke_SearchPersonTest" name="smoke_SearchPersonTest" time="0.0">
    <skipped/>
  </testcase> <!-- smoke_SearchPersonTest -->
  <testcase classname="testcases.E2Etestcasesuite.travelersquotes.Smoke_SearchPersonTest" name="smoke_SearchPersonTest" time="0.0">
    <skipped/>
  </testcase> <!-- smoke_SearchPersonTest -->
  <testcase classname="testcases.E2Etestcasesuite.travelersquotes.Smoke_SearchPersonTest" name="smoke_SearchPersonTest" time="0.0">
    <skipped/>
  </testcase> <!-- smoke_SearchPersonTest -->
  <testcase classname="testcases.E2Etestcasesuite.travelersquotes.Smoke_SearchPersonTest" name="smoke_SearchPersonTest" time="0.0">
    <skipped/>
  </testcase> <!-- smoke_SearchPersonTest -->
  <testcase classname="testcases.E2Etestcasesuite.travelersquotes.Smoke_SearchPersonTest" name="smoke_SearchPersonTest" time="0.0">
    <skipped/>
  </testcase> <!-- smoke_SearchPersonTest -->
  <testcase classname="testcases.E2Etestcasesuite.travelersquotes.Smoke_SearchPersonTest" name="smoke_SearchPersonTest" time="0.001">
    <skipped/>
  </testcase> <!-- smoke_SearchPersonTest -->
  <testcase classname="testcases.E2Etestcasesuite.travelersquotes.Smoke_SearchPersonTest" name="smoke_SearchPersonTest" time="0.0">
    <skipped/>
  </testcase> <!-- smoke_SearchPersonTest -->
  <testcase classname="testcases.E2Etestcasesuite.travelersquotes.Smoke_SearchPersonTest" name="smoke_SearchPersonTest" time="0.0">
    <skipped/>
  </testcase> <!-- smoke_SearchPersonTest -->
  <testcase classname="testcases.E2Etestcasesuite.travelersquotes.Smoke_SearchPersonTest" name="smoke_SearchPersonTest" time="0.0">
    <skipped/>
  </testcase> <!-- smoke_SearchPersonTest -->
  <testcase classname="testcases.E2Etestcasesuite.travelersquotes.Smoke_SearchPersonTest" name="smoke_SearchPersonTest" time="0.0">
    <skipped/>
  </testcase> <!-- smoke_SearchPersonTest -->
  <testcase classname="testcases.E2Etestcasesuite.travelersquotes.Smoke_SearchPersonTest" name="smoke_SearchPersonTest" time="0.0">
    <skipped/>
  </testcase> <!-- smoke_SearchPersonTest -->
  <testcase classname="testcases.E2Etestcasesuite.travelersquotes.Smoke_SearchPersonTest" name="smoke_SearchPersonTest" time="0.0">
    <skipped/>
  </testcase> <!-- smoke_SearchPersonTest -->
  <testcase classname="testcases.E2Etestcasesuite.travelersquotes.Smoke_SearchPersonTest" name="smoke_SearchPersonTest" time="0.0">
    <skipped/>
  </testcase> <!-- smoke_SearchPersonTest -->
  <testcase classname="testcases.E2Etestcasesuite.travelersquotes.Smoke_SearchPersonTest" name="smoke_SearchPersonTest" time="0.001">
    <skipped/>
  </testcase> <!-- smoke_SearchPersonTest -->
  <testcase classname="testcases.E2Etestcasesuite.travelersquotes.Smoke_SearchPersonTest" name="smoke_SearchPersonTest" time="0.0">
    <skipped/>
  </testcase> <!-- smoke_SearchPersonTest -->
  <testcase classname="testcases.E2Etestcasesuite.travelersquotes.Smoke_SearchPersonTest" name="smoke_SearchPersonTest" time="0.0">
    <skipped/>
  </testcase> <!-- smoke_SearchPersonTest -->
  <testcase classname="testcases.E2Etestcasesuite.travelersquotes.Smoke_SearchPersonTest" name="smoke_SearchPersonTest" time="0.0">
    <skipped/>
  </testcase> <!-- smoke_SearchPersonTest -->
  <testcase classname="testcases.E2Etestcasesuite.travelersquotes.Smoke_SearchPersonTest" name="smoke_SearchPersonTest" time="0.0">
    <skipped/>
  </testcase> <!-- smoke_SearchPersonTest -->
  <testcase classname="testcases.E2Etestcasesuite.travelersquotes.Smoke_SearchPersonTest" name="smoke_SearchPersonTest" time="0.001">
    <skipped/>
  </testcase> <!-- smoke_SearchPersonTest -->
  <testcase classname="testcases.E2Etestcasesuite.travelersquotes.Smoke_SearchPersonTest" name="smoke_SearchPersonTest" time="0.0">
    <skipped/>
  </testcase> <!-- smoke_SearchPersonTest -->
  <testcase classname="testcases.E2Etestcasesuite.travelersquotes.Smoke_SearchPersonTest" name="smoke_SearchPersonTest" time="0.0">
    <skipped/>
  </testcase> <!-- smoke_SearchPersonTest -->
  <testcase classname="testcases.E2Etestcasesuite.travelersquotes.Smoke_SearchPersonTest" name="smoke_SearchPersonTest" time="0.0">
    <skipped/>
  </testcase> <!-- smoke_SearchPersonTest -->
  <testcase classname="testcases.E2Etestcasesuite.travelersquotes.Smoke_SearchPersonTest" name="smoke_SearchPersonTest" time="0.0">
    <skipped/>
  </testcase> <!-- smoke_SearchPersonTest -->
  <testcase classname="testcases.E2Etestcasesuite.travelersquotes.Smoke_SearchPersonTest" name="smoke_SearchPersonTest" time="0.001">
    <skipped/>
  </testcase> <!-- smoke_SearchPersonTest -->
  <testcase classname="base.TestBase" name="@BeforeSuite setUp" time="0.0">
    <ignored/>
  </testcase> <!-- @BeforeSuite setUp -->
  <testcase classname="base.TestBase" name="@AfterSuite tearDown" time="0.0">
    <ignored/>
  </testcase> <!-- @AfterSuite tearDown -->
</testsuite> <!-- Smoke_GetaQuoteTest -->
