<?xml version="1.0" encoding="UTF-8"?>
<testsuite name="Smoke_GetaQuoteTest"
           tests="999"
           failures="1"
           errors="0"
           skipped="998"
           time="24.094">
  <properties />
            <testcase name="smoke_ValidateLoginTest" time="23.808" classname="testcases.E2Etestcasesuite.travelersquotes.Smoke_ValidateLoginTest">
                <failure type="org.openqa.selenium.NoSuchElementException"
                  message="no such element: Unable to locate element: {&quot;method&quot;:&quot;xpath&quot;,&quot;selector&quot;:&quot;//span[@id=&apos;js-user-id&apos;]&quot;}
  (Session info: chrome=120.0.6099.71)
For documentation on this error, please visit: https://www.seleniumhq.org/exceptions/no_such_element.html
Build info: version: &apos;3.141.59&apos;, revision: &apos;e82be7d358&apos;, time: &apos;2018-11-14T08:17:03&apos;
System info: host: &apos;Rushans-Mac-mini.local&apos;, ip: &apos;127.0.0.1&apos;, os.name: &apos;Mac OS X&apos;, os.arch: &apos;x86_64&apos;, os.version: &apos;13.4.1&apos;, java.version: &apos;17.0.7&apos;
Driver info: org.openqa.selenium.chrome.ChromeDriver
Capabilities {acceptInsecureCerts: false, browserName: chrome, browserVersion: 120.0.6099.71, chrome: {chromedriverVersion: 120.0.6099.71 (9729082fe617..., userDataDir: /var/folders/b7/_gnptsqx6k3...}, fedcm:accounts: true, goog:chromeOptions: {debuggerAddress: localhost:53841}, javascriptEnabled: true, networkConnectionEnabled: false, pageLoadStrategy: normal, platform: MAC, platformName: MAC, proxy: Proxy(), setWindowRect: true, strictFileInteractability: false, timeouts: {implicit: 0, pageLoad: 300000, script: 30000}, unhandledPromptBehavior: dismiss and notify, webauthn:extension:credBlob: true, webauthn:extension:largeBlob: true, webauthn:extension:minPinLength: true, webauthn:extension:prf: true, webauthn:virtualAuthenticators: true}
Session ID: f30a89cbecee7900dcf7dfd65fd9867d
*** Element info: {Using=xpath, value=//span[@id=&apos;js-user-id&apos;]}"
              >
<![CDATA[org.openqa.selenium.NoSuchElementException: no such element: Unable to locate element: {"method":"xpath","selector":"//span[@id='js-user-id']"}
  (Session info: chrome=120.0.6099.71)
For documentation on this error, please visit: https://www.seleniumhq.org/exceptions/no_such_element.html
Build info: version: '3.141.59', revision: 'e82be7d358', time: '2018-11-14T08:17:03'
System info: host: 'Rushans-Mac-mini.local', ip: '127.0.0.1', os.name: 'Mac OS X', os.arch: 'x86_64', os.version: '13.4.1', java.version: '17.0.7'
Driver info: org.openqa.selenium.chrome.ChromeDriver
Capabilities {acceptInsecureCerts: false, browserName: chrome, browserVersion: 120.0.6099.71, chrome: {chromedriverVersion: 120.0.6099.71 (9729082fe617..., userDataDir: /var/folders/b7/_gnptsqx6k3...}, fedcm:accounts: true, goog:chromeOptions: {debuggerAddress: localhost:53841}, javascriptEnabled: true, networkConnectionEnabled: false, pageLoadStrategy: normal, platform: MAC, platformName: MAC, proxy: Proxy(), setWindowRect: true, strictFileInteractability: false, timeouts: {implicit: 0, pageLoad: 300000, script: 30000}, unhandledPromptBehavior: dismiss and notify, webauthn:extension:credBlob: true, webauthn:extension:largeBlob: true, webauthn:extension:minPinLength: true, webauthn:extension:prf: true, webauthn:virtualAuthenticators: true}
Session ID: f30a89cbecee7900dcf7dfd65fd9867d
*** Element info: {Using=xpath, value=//span[@id='js-user-id']}
  java.base/jdk.internal.reflect.NativeConstructorAccessorImpl.newInstance0(Native Method)
  java.base/jdk.internal.reflect.NativeConstructorAccessorImpl.newInstance(NativeConstructorAccessorImpl.java:77)
  java.base/jdk.internal.reflect.DelegatingConstructorAccessorImpl.newInstance(DelegatingConstructorAccessorImpl.java:45)
  java.base/java.lang.reflect.Constructor.newInstanceWithCaller(Constructor.java:499)
  java.base/java.lang.reflect.Constructor.newInstance(Constructor.java:480)
  org.openqa.selenium.remote.http.W3CHttpResponseCodec.createException(W3CHttpResponseCodec.java:187)
  org.openqa.selenium.remote.http.W3CHttpResponseCodec.decode(W3CHttpResponseCodec.java:122)
  org.openqa.selenium.remote.http.W3CHttpResponseCodec.decode(W3CHttpResponseCodec.java:49)
  org.openqa.selenium.remote.HttpCommandExecutor.execute(HttpCommandExecutor.java:158)
  org.openqa.selenium.remote.service.DriverCommandExecutor.execute(DriverCommandExecutor.java:83)
  org.openqa.selenium.remote.RemoteWebDriver.execute(RemoteWebDriver.java:552)
  org.openqa.selenium.remote.RemoteWebDriver.findElement(RemoteWebDriver.java:323)
  org.openqa.selenium.remote.RemoteWebDriver.findElementByXPath(RemoteWebDriver.java:428)
  org.openqa.selenium.By$ByXPath.findElement(By.java:353)
  org.openqa.selenium.remote.RemoteWebDriver.findElement(RemoteWebDriver.java:315)
  testcases.E2Etestcasesuite.travelersquotes.Smoke_ValidateLoginTest.smoke_ValidateLoginTest(Smoke_ValidateLoginTest.java:26)
  java.base/jdk.internal.reflect.NativeMethodAccessorImpl.invoke0(Native Method)
  java.base/jdk.internal.reflect.NativeMethodAccessorImpl.invoke(NativeMethodAccessorImpl.java:77)
  java.base/jdk.internal.reflect.DelegatingMethodAccessorImpl.invoke(DelegatingMethodAccessorImpl.java:43)
  java.base/java.lang.reflect.Method.invoke(Method.java:568)
  org.testng.internal.MethodInvocationHelper.invokeMethod(MethodInvocationHelper.java:134)
  org.testng.internal.TestInvoker.invokeMethod(TestInvoker.java:597)
  org.testng.internal.TestInvoker.invokeTestMethod(TestInvoker.java:173)
  org.testng.internal.MethodRunner.runInSequence(MethodRunner.java:46)
  org.testng.internal.TestInvoker$MethodInvocationAgent.invoke(TestInvoker.java:816)
  org.testng.internal.TestInvoker.invokeTestMethods(TestInvoker.java:146)
  org.testng.internal.TestMethodWorker.invokeTestMethods(TestMethodWorker.java:146)
  org.testng.internal.TestMethodWorker.run(TestMethodWorker.java:128)
  java.base/java.util.ArrayList.forEach(ArrayList.java:1511)
  org.testng.TestRunner.privateRun(TestRunner.java:766)
  org.testng.TestRunner.run(TestRunner.java:587)
  org.testng.SuiteRunner.runTest(SuiteRunner.java:384)
  org.testng.SuiteRunner.runSequentially(SuiteRunner.java:378)
  org.testng.SuiteRunner.privateRun(SuiteRunner.java:337)
  org.testng.SuiteRunner.run(SuiteRunner.java:286)
  org.testng.SuiteRunnerWorker.runSuite(SuiteRunnerWorker.java:53)
  org.testng.SuiteRunnerWorker.run(SuiteRunnerWorker.java:96)
  org.testng.TestNG.runSuitesSequentially(TestNG.java:1187)
  org.testng.TestNG.runSuitesLocally(TestNG.java:1109)
  org.testng.TestNG.runSuites(TestNG.java:1039)
  org.testng.TestNG.run(TestNG.java:1007)
  org.testng.remote.AbstractRemoteTestNG.run(AbstractRemoteTestNG.java:115)
  org.testng.remote.RemoteTestNG.initAndRun(RemoteTestNG.java:251)
  org.testng.remote.RemoteTestNG.main(RemoteTestNG.java:77)
]]>
      </failure>

          </testcase>
  
            <testcase name="smoke_ValidateLoginTest" time="0.0" classname="testcases.E2Etestcasesuite.travelersquotes.Smoke_ValidateLoginTest">
          <skipped />
    </testcase>
            <testcase name="smoke_ValidateLoginTest" time="0.0" classname="testcases.E2Etestcasesuite.travelersquotes.Smoke_ValidateLoginTest">
          <skipped />
    </testcase>
            <testcase name="smoke_ValidateLoginTest" time="0.0" classname="testcases.E2Etestcasesuite.travelersquotes.Smoke_ValidateLoginTest">
          <skipped />
    </testcase>
            <testcase name="smoke_ValidateLoginTest" time="0.0" classname="testcases.E2Etestcasesuite.travelersquotes.Smoke_ValidateLoginTest">
          <skipped />
    </testcase>
            <testcase name="smoke_ValidateLoginTest" time="0.0" classname="testcases.E2Etestcasesuite.travelersquotes.Smoke_ValidateLoginTest">
          <skipped />
    </testcase>
            <testcase name="smoke_ValidateLoginTest" time="0.0" classname="testcases.E2Etestcasesuite.travelersquotes.Smoke_ValidateLoginTest">
          <skipped />
    </testcase>
            <testcase name="smoke_ValidateLoginTest" time="0.0" classname="testcases.E2Etestcasesuite.travelersquotes.Smoke_ValidateLoginTest">
          <skipped />
    </testcase>
            <testcase name="smoke_ValidateLoginTest" time="0.0" classname="testcases.E2Etestcasesuite.travelersquotes.Smoke_ValidateLoginTest">
          <skipped />
    </testcase>
            <testcase name="smoke_ValidateLoginTest" time="0.0" classname="testcases.E2Etestcasesuite.travelersquotes.Smoke_ValidateLoginTest">
          <skipped />
    </testcase>
            <testcase name="smoke_ValidateLoginTest" time="0.0" classname="testcases.E2Etestcasesuite.travelersquotes.Smoke_ValidateLoginTest">
          <skipped />
    </testcase>
            <testcase name="smoke_ValidateLoginTest" time="0.0" classname="testcases.E2Etestcasesuite.travelersquotes.Smoke_ValidateLoginTest">
          <skipped />
    </testcase>
            <testcase name="smoke_ValidateLoginTest" time="0.0" classname="testcases.E2Etestcasesuite.travelersquotes.Smoke_ValidateLoginTest">
          <skipped />
    </testcase>
            <testcase name="smoke_ValidateLoginTest" time="0.0" classname="testcases.E2Etestcasesuite.travelersquotes.Smoke_ValidateLoginTest">
          <skipped />
    </testcase>
            <testcase name="smoke_ValidateLoginTest" time="0.0" classname="testcases.E2Etestcasesuite.travelersquotes.Smoke_ValidateLoginTest">
          <skipped />
    </testcase>
            <testcase name="smoke_ValidateLoginTest" time="0.0" classname="testcases.E2Etestcasesuite.travelersquotes.Smoke_ValidateLoginTest">
          <skipped />
    </testcase>
            <testcase name="smoke_ValidateLoginTest" time="0.0" classname="testcases.E2Etestcasesuite.travelersquotes.Smoke_ValidateLoginTest">
          <skipped />
    </testcase>
            <testcase name="smoke_ValidateLoginTest" time="0.0" classname="testcases.E2Etestcasesuite.travelersquotes.Smoke_ValidateLoginTest">
          <skipped />
    </testcase>
            <testcase name="smoke_ValidateLoginTest" time="0.0" classname="testcases.E2Etestcasesuite.travelersquotes.Smoke_ValidateLoginTest">
          <skipped />
    </testcase>
            <testcase name="smoke_ValidateLoginTest" time="0.0" classname="testcases.E2Etestcasesuite.travelersquotes.Smoke_ValidateLoginTest">
          <skipped />
    </testcase>
            <testcase name="smoke_ValidateLoginTest" time="0.0" classname="testcases.E2Etestcasesuite.travelersquotes.Smoke_ValidateLoginTest">
          <skipped />
    </testcase>
            <testcase name="smoke_ValidateLoginTest" time="0.0" classname="testcases.E2Etestcasesuite.travelersquotes.Smoke_ValidateLoginTest">
          <skipped />
    </testcase>
            <testcase name="smoke_ValidateLoginTest" time="0.0" classname="testcases.E2Etestcasesuite.travelersquotes.Smoke_ValidateLoginTest">
          <skipped />
    </testcase>
            <testcase name="smoke_ValidateLoginTest" time="0.0" classname="testcases.E2Etestcasesuite.travelersquotes.Smoke_ValidateLoginTest">
          <skipped />
    </testcase>
            <testcase name="smoke_ValidateLoginTest" time="0.0" classname="testcases.E2Etestcasesuite.travelersquotes.Smoke_ValidateLoginTest">
          <skipped />
    </testcase>
            <testcase name="smoke_ValidateLoginTest" time="0.0" classname="testcases.E2Etestcasesuite.travelersquotes.Smoke_ValidateLoginTest">
          <skipped />
    </testcase>
            <testcase name="smoke_ValidateLoginTest" time="0.0" classname="testcases.E2Etestcasesuite.travelersquotes.Smoke_ValidateLoginTest">
          <skipped />
    </testcase>
            <testcase name="smoke_ValidateLoginTest" time="0.0" classname="testcases.E2Etestcasesuite.travelersquotes.Smoke_ValidateLoginTest">
          <skipped />
    </testcase>
            <testcase name="smoke_ValidateLoginTest" time="0.0" classname="testcases.E2Etestcasesuite.travelersquotes.Smoke_ValidateLoginTest">
          <skipped />
    </testcase>
            <testcase name="smoke_ValidateLoginTest" time="0.0" classname="testcases.E2Etestcasesuite.travelersquotes.Smoke_ValidateLoginTest">
          <skipped />
    </testcase>
            <testcase name="smoke_ValidateLoginTest" time="0.0" classname="testcases.E2Etestcasesuite.travelersquotes.Smoke_ValidateLoginTest">
          <skipped />
    </testcase>
            <testcase name="smoke_ValidateLoginTest" time="0.0" classname="testcases.E2Etestcasesuite.travelersquotes.Smoke_ValidateLoginTest">
          <skipped />
    </testcase>
            <testcase name="smoke_ValidateLoginTest" time="0.0" classname="testcases.E2Etestcasesuite.travelersquotes.Smoke_ValidateLoginTest">
          <skipped />
    </testcase>
            <testcase name="smoke_ValidateLoginTest" time="0.0" classname="testcases.E2Etestcasesuite.travelersquotes.Smoke_ValidateLoginTest">
          <skipped />
    </testcase>
            <testcase name="smoke_ValidateLoginTest" time="0.0" classname="testcases.E2Etestcasesuite.travelersquotes.Smoke_ValidateLoginTest">
          <skipped />
    </testcase>
            <testcase name="smoke_ValidateLoginTest" time="0.0" classname="testcases.E2Etestcasesuite.travelersquotes.Smoke_ValidateLoginTest">
          <skipped />
    </testcase>
            <testcase name="smoke_ValidateLoginTest" time="0.0" classname="testcases.E2Etestcasesuite.travelersquotes.Smoke_ValidateLoginTest">
          <skipped />
    </testcase>
            <testcase name="smoke_ValidateLoginTest" time="0.0" classname="testcases.E2Etestcasesuite.travelersquotes.Smoke_ValidateLoginTest">
          <skipped />
    </testcase>
            <testcase name="smoke_ValidateLoginTest" time="0.0" classname="testcases.E2Etestcasesuite.travelersquotes.Smoke_ValidateLoginTest">
          <skipped />
    </testcase>
            <testcase name="smoke_ValidateLoginTest" time="0.0" classname="testcases.E2Etestcasesuite.travelersquotes.Smoke_ValidateLoginTest">
          <skipped />
    </testcase>
            <testcase name="smoke_ValidateLoginTest" time="0.0" classname="testcases.E2Etestcasesuite.travelersquotes.Smoke_ValidateLoginTest">
          <skipped />
    </testcase>
            <testcase name="smoke_ValidateLoginTest" time="0.0" classname="testcases.E2Etestcasesuite.travelersquotes.Smoke_ValidateLoginTest">
          <skipped />
    </testcase>
            <testcase name="smoke_ValidateLoginTest" time="0.0" classname="testcases.E2Etestcasesuite.travelersquotes.Smoke_ValidateLoginTest">
          <skipped />
    </testcase>
            <testcase name="smoke_ValidateLoginTest" time="0.0" classname="testcases.E2Etestcasesuite.travelersquotes.Smoke_ValidateLoginTest">
          <skipped />
    </testcase>
            <testcase name="smoke_ValidateLoginTest" time="0.0" classname="testcases.E2Etestcasesuite.travelersquotes.Smoke_ValidateLoginTest">
          <skipped />
    </testcase>
            <testcase name="smoke_ValidateLoginTest" time="0.0" classname="testcases.E2Etestcasesuite.travelersquotes.Smoke_ValidateLoginTest">
          <skipped />
    </testcase>
            <testcase name="smoke_ValidateLoginTest" time="0.0" classname="testcases.E2Etestcasesuite.travelersquotes.Smoke_ValidateLoginTest">
          <skipped />
    </testcase>
            <testcase name="smoke_ValidateLoginTest" time="0.0" classname="testcases.E2Etestcasesuite.travelersquotes.Smoke_ValidateLoginTest">
          <skipped />
    </testcase>
            <testcase name="smoke_ValidateLoginTest" time="0.0" classname="testcases.E2Etestcasesuite.travelersquotes.Smoke_ValidateLoginTest">
          <skipped />
    </testcase>
            <testcase name="smoke_ValidateLoginTest" time="0.0" classname="testcases.E2Etestcasesuite.travelersquotes.Smoke_ValidateLoginTest">
          <skipped />
    </testcase>
            <testcase name="smoke_ValidateLoginTest" time="0.0" classname="testcases.E2Etestcasesuite.travelersquotes.Smoke_ValidateLoginTest">
          <skipped />
    </testcase>
            <testcase name="smoke_ValidateLoginTest" time="0.0" classname="testcases.E2Etestcasesuite.travelersquotes.Smoke_ValidateLoginTest">
          <skipped />
    </testcase>
            <testcase name="smoke_ValidateLoginTest" time="0.0" classname="testcases.E2Etestcasesuite.travelersquotes.Smoke_ValidateLoginTest">
          <skipped />
    </testcase>
            <testcase name="smoke_ValidateLoginTest" time="0.0" classname="testcases.E2Etestcasesuite.travelersquotes.Smoke_ValidateLoginTest">
          <skipped />
    </testcase>
            <testcase name="smoke_ValidateLoginTest" time="0.0" classname="testcases.E2Etestcasesuite.travelersquotes.Smoke_ValidateLoginTest">
          <skipped />
    </testcase>
            <testcase name="smoke_ValidateLoginTest" time="0.0" classname="testcases.E2Etestcasesuite.travelersquotes.Smoke_ValidateLoginTest">
          <skipped />
    </testcase>
            <testcase name="smoke_ValidateLoginTest" time="0.0" classname="testcases.E2Etestcasesuite.travelersquotes.Smoke_ValidateLoginTest">
          <skipped />
    </testcase>
            <testcase name="smoke_ValidateLoginTest" time="0.0" classname="testcases.E2Etestcasesuite.travelersquotes.Smoke_ValidateLoginTest">
          <skipped />
    </testcase>
            <testcase name="smoke_ValidateLoginTest" time="0.0" classname="testcases.E2Etestcasesuite.travelersquotes.Smoke_ValidateLoginTest">
          <skipped />
    </testcase>
            <testcase name="smoke_ValidateLoginTest" time="0.0" classname="testcases.E2Etestcasesuite.travelersquotes.Smoke_ValidateLoginTest">
          <skipped />
    </testcase>
            <testcase name="smoke_ValidateLoginTest" time="0.0" classname="testcases.E2Etestcasesuite.travelersquotes.Smoke_ValidateLoginTest">
          <skipped />
    </testcase>
            <testcase name="smoke_ValidateLoginTest" time="0.0" classname="testcases.E2Etestcasesuite.travelersquotes.Smoke_ValidateLoginTest">
          <skipped />
    </testcase>
            <testcase name="smoke_ValidateLoginTest" time="0.0" classname="testcases.E2Etestcasesuite.travelersquotes.Smoke_ValidateLoginTest">
          <skipped />
    </testcase>
            <testcase name="smoke_ValidateLoginTest" time="0.0" classname="testcases.E2Etestcasesuite.travelersquotes.Smoke_ValidateLoginTest">
          <skipped />
    </testcase>
            <testcase name="smoke_ValidateLoginTest" time="0.0" classname="testcases.E2Etestcasesuite.travelersquotes.Smoke_ValidateLoginTest">
          <skipped />
    </testcase>
            <testcase name="smoke_ValidateLoginTest" time="0.0" classname="testcases.E2Etestcasesuite.travelersquotes.Smoke_ValidateLoginTest">
          <skipped />
    </testcase>
            <testcase name="smoke_ValidateLoginTest" time="0.0" classname="testcases.E2Etestcasesuite.travelersquotes.Smoke_ValidateLoginTest">
          <skipped />
    </testcase>
            <testcase name="smoke_ValidateLoginTest" time="0.0" classname="testcases.E2Etestcasesuite.travelersquotes.Smoke_ValidateLoginTest">
          <skipped />
    </testcase>
            <testcase name="smoke_ValidateLoginTest" time="0.0" classname="testcases.E2Etestcasesuite.travelersquotes.Smoke_ValidateLoginTest">
          <skipped />
    </testcase>
            <testcase name="smoke_ValidateLoginTest" time="0.0" classname="testcases.E2Etestcasesuite.travelersquotes.Smoke_ValidateLoginTest">
          <skipped />
    </testcase>
            <testcase name="smoke_ValidateLoginTest" time="0.0" classname="testcases.E2Etestcasesuite.travelersquotes.Smoke_ValidateLoginTest">
          <skipped />
    </testcase>
            <testcase name="smoke_ValidateLoginTest" time="0.0" classname="testcases.E2Etestcasesuite.travelersquotes.Smoke_ValidateLoginTest">
          <skipped />
    </testcase>
            <testcase name="smoke_ValidateLoginTest" time="0.0" classname="testcases.E2Etestcasesuite.travelersquotes.Smoke_ValidateLoginTest">
          <skipped />
    </testcase>
            <testcase name="smoke_ValidateLoginTest" time="0.0" classname="testcases.E2Etestcasesuite.travelersquotes.Smoke_ValidateLoginTest">
          <skipped />
    </testcase>
            <testcase name="smoke_ValidateLoginTest" time="0.0" classname="testcases.E2Etestcasesuite.travelersquotes.Smoke_ValidateLoginTest">
          <skipped />
    </testcase>
            <testcase name="smoke_ValidateLoginTest" time="0.0" classname="testcases.E2Etestcasesuite.travelersquotes.Smoke_ValidateLoginTest">
          <skipped />
    </testcase>
            <testcase name="smoke_ValidateLoginTest" time="0.0" classname="testcases.E2Etestcasesuite.travelersquotes.Smoke_ValidateLoginTest">
          <skipped />
    </testcase>
            <testcase name="smoke_ValidateLoginTest" time="0.0" classname="testcases.E2Etestcasesuite.travelersquotes.Smoke_ValidateLoginTest">
          <skipped />
    </testcase>
            <testcase name="smoke_ValidateLoginTest" time="0.0" classname="testcases.E2Etestcasesuite.travelersquotes.Smoke_ValidateLoginTest">
          <skipped />
    </testcase>
            <testcase name="smoke_ValidateLoginTest" time="0.0" classname="testcases.E2Etestcasesuite.travelersquotes.Smoke_ValidateLoginTest">
          <skipped />
    </testcase>
            <testcase name="smoke_ValidateLoginTest" time="0.0" classname="testcases.E2Etestcasesuite.travelersquotes.Smoke_ValidateLoginTest">
          <skipped />
    </testcase>
            <testcase name="smoke_ValidateLoginTest" time="0.0" classname="testcases.E2Etestcasesuite.travelersquotes.Smoke_ValidateLoginTest">
          <skipped />
    </testcase>
            <testcase name="smoke_ValidateLoginTest" time="0.0" classname="testcases.E2Etestcasesuite.travelersquotes.Smoke_ValidateLoginTest">
          <skipped />
    </testcase>
            <testcase name="smoke_ValidateLoginTest" time="0.0" classname="testcases.E2Etestcasesuite.travelersquotes.Smoke_ValidateLoginTest">
          <skipped />
    </testcase>
            <testcase name="smoke_ValidateLoginTest" time="0.0" classname="testcases.E2Etestcasesuite.travelersquotes.Smoke_ValidateLoginTest">
          <skipped />
    </testcase>
            <testcase name="smoke_ValidateLoginTest" time="0.0" classname="testcases.E2Etestcasesuite.travelersquotes.Smoke_ValidateLoginTest">
          <skipped />
    </testcase>
            <testcase name="smoke_ValidateLoginTest" time="0.0" classname="testcases.E2Etestcasesuite.travelersquotes.Smoke_ValidateLoginTest">
          <skipped />
    </testcase>
            <testcase name="smoke_ValidateLoginTest" time="0.0" classname="testcases.E2Etestcasesuite.travelersquotes.Smoke_ValidateLoginTest">
          <skipped />
    </testcase>
            <testcase name="smoke_ValidateLoginTest" time="0.0" classname="testcases.E2Etestcasesuite.travelersquotes.Smoke_ValidateLoginTest">
          <skipped />
    </testcase>
            <testcase name="smoke_ValidateLoginTest" time="0.0" classname="testcases.E2Etestcasesuite.travelersquotes.Smoke_ValidateLoginTest">
          <skipped />
    </testcase>
            <testcase name="smoke_ValidateLoginTest" time="0.0" classname="testcases.E2Etestcasesuite.travelersquotes.Smoke_ValidateLoginTest">
          <skipped />
    </testcase>
            <testcase name="smoke_ValidateLoginTest" time="0.0" classname="testcases.E2Etestcasesuite.travelersquotes.Smoke_ValidateLoginTest">
          <skipped />
    </testcase>
            <testcase name="smoke_ValidateLoginTest" time="0.0" classname="testcases.E2Etestcasesuite.travelersquotes.Smoke_ValidateLoginTest">
          <skipped />
    </testcase>
            <testcase name="smoke_ValidateLoginTest" time="0.0" classname="testcases.E2Etestcasesuite.travelersquotes.Smoke_ValidateLoginTest">
          <skipped />
    </testcase>
            <testcase name="smoke_ValidateLoginTest" time="0.0" classname="testcases.E2Etestcasesuite.travelersquotes.Smoke_ValidateLoginTest">
          <skipped />
    </testcase>
            <testcase name="smoke_ValidateLoginTest" time="0.0" classname="testcases.E2Etestcasesuite.travelersquotes.Smoke_ValidateLoginTest">
          <skipped />
    </testcase>
            <testcase name="smoke_ValidateLoginTest" time="0.0" classname="testcases.E2Etestcasesuite.travelersquotes.Smoke_ValidateLoginTest">
          <skipped />
    </testcase>
            <testcase name="smoke_ValidateLoginTest" time="0.0" classname="testcases.E2Etestcasesuite.travelersquotes.Smoke_ValidateLoginTest">
          <skipped />
    </testcase>
            <testcase name="smoke_ValidateLoginTest" time="0.0" classname="testcases.E2Etestcasesuite.travelersquotes.Smoke_ValidateLoginTest">
          <skipped />
    </testcase>
            <testcase name="smoke_ValidateLoginTest" time="0.0" classname="testcases.E2Etestcasesuite.travelersquotes.Smoke_ValidateLoginTest">
          <skipped />
    </testcase>
            <testcase name="smoke_ValidateLoginTest" time="0.0" classname="testcases.E2Etestcasesuite.travelersquotes.Smoke_ValidateLoginTest">
          <skipped />
    </testcase>
            <testcase name="smoke_ValidateLoginTest" time="0.0" classname="testcases.E2Etestcasesuite.travelersquotes.Smoke_ValidateLoginTest">
          <skipped />
    </testcase>
            <testcase name="smoke_ValidateLoginTest" time="0.0" classname="testcases.E2Etestcasesuite.travelersquotes.Smoke_ValidateLoginTest">
          <skipped />
    </testcase>
            <testcase name="smoke_ValidateLoginTest" time="0.0" classname="testcases.E2Etestcasesuite.travelersquotes.Smoke_ValidateLoginTest">
          <skipped />
    </testcase>
            <testcase name="smoke_ValidateLoginTest" time="0.0" classname="testcases.E2Etestcasesuite.travelersquotes.Smoke_ValidateLoginTest">
          <skipped />
    </testcase>
            <testcase name="smoke_ValidateLoginTest" time="0.0" classname="testcases.E2Etestcasesuite.travelersquotes.Smoke_ValidateLoginTest">
          <skipped />
    </testcase>
            <testcase name="smoke_ValidateLoginTest" time="0.0" classname="testcases.E2Etestcasesuite.travelersquotes.Smoke_ValidateLoginTest">
          <skipped />
    </testcase>
            <testcase name="smoke_ValidateLoginTest" time="0.0" classname="testcases.E2Etestcasesuite.travelersquotes.Smoke_ValidateLoginTest">
          <skipped />
    </testcase>
            <testcase name="smoke_ValidateLoginTest" time="0.0" classname="testcases.E2Etestcasesuite.travelersquotes.Smoke_ValidateLoginTest">
          <skipped />
    </testcase>
            <testcase name="smoke_ValidateLoginTest" time="0.0" classname="testcases.E2Etestcasesuite.travelersquotes.Smoke_ValidateLoginTest">
          <skipped />
    </testcase>
            <testcase name="smoke_ValidateLoginTest" time="0.0" classname="testcases.E2Etestcasesuite.travelersquotes.Smoke_ValidateLoginTest">
          <skipped />
    </testcase>
            <testcase name="smoke_ValidateLoginTest" time="0.0" classname="testcases.E2Etestcasesuite.travelersquotes.Smoke_ValidateLoginTest">
          <skipped />
    </testcase>
            <testcase name="smoke_ValidateLoginTest" time="0.0" classname="testcases.E2Etestcasesuite.travelersquotes.Smoke_ValidateLoginTest">
          <skipped />
    </testcase>
            <testcase name="smoke_ValidateLoginTest" time="0.0" classname="testcases.E2Etestcasesuite.travelersquotes.Smoke_ValidateLoginTest">
          <skipped />
    </testcase>
            <testcase name="smoke_ValidateLoginTest" time="0.0" classname="testcases.E2Etestcasesuite.travelersquotes.Smoke_ValidateLoginTest">
          <skipped />
    </testcase>
            <testcase name="smoke_ValidateLoginTest" time="0.0" classname="testcases.E2Etestcasesuite.travelersquotes.Smoke_ValidateLoginTest">
          <skipped />
    </testcase>
            <testcase name="smoke_ValidateLoginTest" time="0.0" classname="testcases.E2Etestcasesuite.travelersquotes.Smoke_ValidateLoginTest">
          <skipped />
    </testcase>
            <testcase name="smoke_ValidateLoginTest" time="0.0" classname="testcases.E2Etestcasesuite.travelersquotes.Smoke_ValidateLoginTest">
          <skipped />
    </testcase>
            <testcase name="smoke_ValidateLoginTest" time="0.0" classname="testcases.E2Etestcasesuite.travelersquotes.Smoke_ValidateLoginTest">
          <skipped />
    </testcase>
            <testcase name="smoke_ValidateLoginTest" time="0.0" classname="testcases.E2Etestcasesuite.travelersquotes.Smoke_ValidateLoginTest">
          <skipped />
    </testcase>
            <testcase name="smoke_ValidateLoginTest" time="0.0" classname="testcases.E2Etestcasesuite.travelersquotes.Smoke_ValidateLoginTest">
          <skipped />
    </testcase>
            <testcase name="smoke_ValidateLoginTest" time="0.0" classname="testcases.E2Etestcasesuite.travelersquotes.Smoke_ValidateLoginTest">
          <skipped />
    </testcase>
            <testcase name="smoke_ValidateLoginTest" time="0.0" classname="testcases.E2Etestcasesuite.travelersquotes.Smoke_ValidateLoginTest">
          <skipped />
    </testcase>
            <testcase name="smoke_ValidateLoginTest" time="0.0" classname="testcases.E2Etestcasesuite.travelersquotes.Smoke_ValidateLoginTest">
          <skipped />
    </testcase>
            <testcase name="smoke_ValidateLoginTest" time="0.0" classname="testcases.E2Etestcasesuite.travelersquotes.Smoke_ValidateLoginTest">
          <skipped />
    </testcase>
            <testcase name="smoke_ValidateLoginTest" time="0.0" classname="testcases.E2Etestcasesuite.travelersquotes.Smoke_ValidateLoginTest">
          <skipped />
    </testcase>
            <testcase name="smoke_ValidateLoginTest" time="0.0" classname="testcases.E2Etestcasesuite.travelersquotes.Smoke_ValidateLoginTest">
          <skipped />
    </testcase>
            <testcase name="smoke_ValidateLoginTest" time="0.0" classname="testcases.E2Etestcasesuite.travelersquotes.Smoke_ValidateLoginTest">
          <skipped />
    </testcase>
            <testcase name="smoke_ValidateLoginTest" time="0.0" classname="testcases.E2Etestcasesuite.travelersquotes.Smoke_ValidateLoginTest">
          <skipped />
    </testcase>
            <testcase name="smoke_ValidateLoginTest" time="0.0" classname="testcases.E2Etestcasesuite.travelersquotes.Smoke_ValidateLoginTest">
          <skipped />
    </testcase>
            <testcase name="smoke_ValidateLoginTest" time="0.0" classname="testcases.E2Etestcasesuite.travelersquotes.Smoke_ValidateLoginTest">
          <skipped />
    </testcase>
            <testcase name="smoke_ValidateLoginTest" time="0.0" classname="testcases.E2Etestcasesuite.travelersquotes.Smoke_ValidateLoginTest">
          <skipped />
    </testcase>
            <testcase name="smoke_ValidateLoginTest" time="0.0" classname="testcases.E2Etestcasesuite.travelersquotes.Smoke_ValidateLoginTest">
          <skipped />
    </testcase>
            <testcase name="smoke_ValidateLoginTest" time="0.0" classname="testcases.E2Etestcasesuite.travelersquotes.Smoke_ValidateLoginTest">
          <skipped />
    </testcase>
            <testcase name="smoke_ValidateLoginTest" time="0.0" classname="testcases.E2Etestcasesuite.travelersquotes.Smoke_ValidateLoginTest">
          <skipped />
    </testcase>
            <testcase name="smoke_ValidateLoginTest" time="0.0" classname="testcases.E2Etestcasesuite.travelersquotes.Smoke_ValidateLoginTest">
          <skipped />
    </testcase>
            <testcase name="smoke_ValidateLoginTest" time="0.0" classname="testcases.E2Etestcasesuite.travelersquotes.Smoke_ValidateLoginTest">
          <skipped />
    </testcase>
            <testcase name="smoke_ValidateLoginTest" time="0.0" classname="testcases.E2Etestcasesuite.travelersquotes.Smoke_ValidateLoginTest">
          <skipped />
    </testcase>
            <testcase name="smoke_ValidateLoginTest" time="0.0" classname="testcases.E2Etestcasesuite.travelersquotes.Smoke_ValidateLoginTest">
          <skipped />
    </testcase>
            <testcase name="smoke_ValidateLoginTest" time="0.0" classname="testcases.E2Etestcasesuite.travelersquotes.Smoke_ValidateLoginTest">
          <skipped />
    </testcase>
            <testcase name="smoke_ValidateLoginTest" time="0.0" classname="testcases.E2Etestcasesuite.travelersquotes.Smoke_ValidateLoginTest">
          <skipped />
    </testcase>
            <testcase name="smoke_ValidateLoginTest" time="0.0" classname="testcases.E2Etestcasesuite.travelersquotes.Smoke_ValidateLoginTest">
          <skipped />
    </testcase>
            <testcase name="smoke_ValidateLoginTest" time="0.0" classname="testcases.E2Etestcasesuite.travelersquotes.Smoke_ValidateLoginTest">
          <skipped />
    </testcase>
            <testcase name="smoke_ValidateLoginTest" time="0.0" classname="testcases.E2Etestcasesuite.travelersquotes.Smoke_ValidateLoginTest">
          <skipped />
    </testcase>
            <testcase name="smoke_ValidateLoginTest" time="0.0" classname="testcases.E2Etestcasesuite.travelersquotes.Smoke_ValidateLoginTest">
          <skipped />
    </testcase>
            <testcase name="smoke_ValidateLoginTest" time="0.0" classname="testcases.E2Etestcasesuite.travelersquotes.Smoke_ValidateLoginTest">
          <skipped />
    </testcase>
            <testcase name="smoke_ValidateLoginTest" time="0.0" classname="testcases.E2Etestcasesuite.travelersquotes.Smoke_ValidateLoginTest">
          <skipped />
    </testcase>
            <testcase name="smoke_ValidateLoginTest" time="0.0" classname="testcases.E2Etestcasesuite.travelersquotes.Smoke_ValidateLoginTest">
          <skipped />
    </testcase>
            <testcase name="smoke_ValidateLoginTest" time="0.0" classname="testcases.E2Etestcasesuite.travelersquotes.Smoke_ValidateLoginTest">
          <skipped />
    </testcase>
            <testcase name="smoke_ValidateLoginTest" time="0.0" classname="testcases.E2Etestcasesuite.travelersquotes.Smoke_ValidateLoginTest">
          <skipped />
    </testcase>
            <testcase name="smoke_ValidateLoginTest" time="0.0" classname="testcases.E2Etestcasesuite.travelersquotes.Smoke_ValidateLoginTest">
          <skipped />
    </testcase>
            <testcase name="smoke_ValidateLoginTest" time="0.0" classname="testcases.E2Etestcasesuite.travelersquotes.Smoke_ValidateLoginTest">
          <skipped />
    </testcase>
            <testcase name="smoke_ValidateLoginTest" time="0.0" classname="testcases.E2Etestcasesuite.travelersquotes.Smoke_ValidateLoginTest">
          <skipped />
    </testcase>
            <testcase name="smoke_ValidateLoginTest" time="0.0" classname="testcases.E2Etestcasesuite.travelersquotes.Smoke_ValidateLoginTest">
          <skipped />
    </testcase>
            <testcase name="smoke_ValidateLoginTest" time="0.0" classname="testcases.E2Etestcasesuite.travelersquotes.Smoke_ValidateLoginTest">
          <skipped />
    </testcase>
            <testcase name="smoke_ValidateLoginTest" time="0.0" classname="testcases.E2Etestcasesuite.travelersquotes.Smoke_ValidateLoginTest">
          <skipped />
    </testcase>
            <testcase name="smoke_ValidateLoginTest" time="0.0" classname="testcases.E2Etestcasesuite.travelersquotes.Smoke_ValidateLoginTest">
          <skipped />
    </testcase>
            <testcase name="smoke_ValidateLoginTest" time="0.0" classname="testcases.E2Etestcasesuite.travelersquotes.Smoke_ValidateLoginTest">
          <skipped />
    </testcase>
            <testcase name="smoke_ValidateLoginTest" time="0.0" classname="testcases.E2Etestcasesuite.travelersquotes.Smoke_ValidateLoginTest">
          <skipped />
    </testcase>
            <testcase name="smoke_ValidateLoginTest" time="0.0" classname="testcases.E2Etestcasesuite.travelersquotes.Smoke_ValidateLoginTest">
          <skipped />
    </testcase>
            <testcase name="smoke_ValidateLoginTest" time="0.0" classname="testcases.E2Etestcasesuite.travelersquotes.Smoke_ValidateLoginTest">
          <skipped />
    </testcase>
            <testcase name="smoke_ValidateLoginTest" time="0.0" classname="testcases.E2Etestcasesuite.travelersquotes.Smoke_ValidateLoginTest">
          <skipped />
    </testcase>
            <testcase name="smoke_ValidateLoginTest" time="0.0" classname="testcases.E2Etestcasesuite.travelersquotes.Smoke_ValidateLoginTest">
          <skipped />
    </testcase>
            <testcase name="smoke_ValidateLoginTest" time="0.0" classname="testcases.E2Etestcasesuite.travelersquotes.Smoke_ValidateLoginTest">
          <skipped />
    </testcase>
            <testcase name="smoke_ValidateLoginTest" time="0.0" classname="testcases.E2Etestcasesuite.travelersquotes.Smoke_ValidateLoginTest">
          <skipped />
    </testcase>
            <testcase name="smoke_ValidateLoginTest" time="0.0" classname="testcases.E2Etestcasesuite.travelersquotes.Smoke_ValidateLoginTest">
          <skipped />
    </testcase>
            <testcase name="smoke_ValidateLoginTest" time="0.0" classname="testcases.E2Etestcasesuite.travelersquotes.Smoke_ValidateLoginTest">
          <skipped />
    </testcase>
            <testcase name="smoke_ValidateLoginTest" time="0.0" classname="testcases.E2Etestcasesuite.travelersquotes.Smoke_ValidateLoginTest">
          <skipped />
    </testcase>
            <testcase name="smoke_ValidateLoginTest" time="0.0" classname="testcases.E2Etestcasesuite.travelersquotes.Smoke_ValidateLoginTest">
          <skipped />
    </testcase>
            <testcase name="smoke_ValidateLoginTest" time="0.0" classname="testcases.E2Etestcasesuite.travelersquotes.Smoke_ValidateLoginTest">
          <skipped />
    </testcase>
            <testcase name="smoke_ValidateLoginTest" time="0.0" classname="testcases.E2Etestcasesuite.travelersquotes.Smoke_ValidateLoginTest">
          <skipped />
    </testcase>
            <testcase name="smoke_ValidateLoginTest" time="0.0" classname="testcases.E2Etestcasesuite.travelersquotes.Smoke_ValidateLoginTest">
          <skipped />
    </testcase>
            <testcase name="smoke_ValidateLoginTest" time="0.0" classname="testcases.E2Etestcasesuite.travelersquotes.Smoke_ValidateLoginTest">
          <skipped />
    </testcase>
            <testcase name="smoke_ValidateLoginTest" time="0.0" classname="testcases.E2Etestcasesuite.travelersquotes.Smoke_ValidateLoginTest">
          <skipped />
    </testcase>
            <testcase name="smoke_ValidateLoginTest" time="0.0" classname="testcases.E2Etestcasesuite.travelersquotes.Smoke_ValidateLoginTest">
          <skipped />
    </testcase>
            <testcase name="smoke_ValidateLoginTest" time="0.0" classname="testcases.E2Etestcasesuite.travelersquotes.Smoke_ValidateLoginTest">
          <skipped />
    </testcase>
            <testcase name="smoke_ValidateLoginTest" time="0.0" classname="testcases.E2Etestcasesuite.travelersquotes.Smoke_ValidateLoginTest">
          <skipped />
    </testcase>
            <testcase name="smoke_ValidateLoginTest" time="0.0" classname="testcases.E2Etestcasesuite.travelersquotes.Smoke_ValidateLoginTest">
          <skipped />
    </testcase>
            <testcase name="smoke_ValidateLoginTest" time="0.0" classname="testcases.E2Etestcasesuite.travelersquotes.Smoke_ValidateLoginTest">
          <skipped />
    </testcase>
            <testcase name="smoke_ValidateLoginTest" time="0.0" classname="testcases.E2Etestcasesuite.travelersquotes.Smoke_ValidateLoginTest">
          <skipped />
    </testcase>
            <testcase name="smoke_ValidateLoginTest" time="0.0" classname="testcases.E2Etestcasesuite.travelersquotes.Smoke_ValidateLoginTest">
          <skipped />
    </testcase>
            <testcase name="smoke_ValidateLoginTest" time="0.0" classname="testcases.E2Etestcasesuite.travelersquotes.Smoke_ValidateLoginTest">
          <skipped />
    </testcase>
            <testcase name="smoke_ValidateLoginTest" time="0.0" classname="testcases.E2Etestcasesuite.travelersquotes.Smoke_ValidateLoginTest">
          <skipped />
    </testcase>
            <testcase name="smoke_ValidateLoginTest" time="0.0" classname="testcases.E2Etestcasesuite.travelersquotes.Smoke_ValidateLoginTest">
          <skipped />
    </testcase>
            <testcase name="smoke_ValidateLoginTest" time="0.0" classname="testcases.E2Etestcasesuite.travelersquotes.Smoke_ValidateLoginTest">
          <skipped />
    </testcase>
            <testcase name="smoke_ValidateLoginTest" time="0.0" classname="testcases.E2Etestcasesuite.travelersquotes.Smoke_ValidateLoginTest">
          <skipped />
    </testcase>
            <testcase name="smoke_ValidateLoginTest" time="0.0" classname="testcases.E2Etestcasesuite.travelersquotes.Smoke_ValidateLoginTest">
          <skipped />
    </testcase>
            <testcase name="smoke_ValidateLoginTest" time="0.0" classname="testcases.E2Etestcasesuite.travelersquotes.Smoke_ValidateLoginTest">
          <skipped />
    </testcase>
            <testcase name="smoke_ValidateLoginTest" time="0.0" classname="testcases.E2Etestcasesuite.travelersquotes.Smoke_ValidateLoginTest">
          <skipped />
    </testcase>
            <testcase name="smoke_ValidateLoginTest" time="0.0" classname="testcases.E2Etestcasesuite.travelersquotes.Smoke_ValidateLoginTest">
          <skipped />
    </testcase>
            <testcase name="smoke_ValidateLoginTest" time="0.0" classname="testcases.E2Etestcasesuite.travelersquotes.Smoke_ValidateLoginTest">
          <skipped />
    </testcase>
            <testcase name="smoke_ValidateLoginTest" time="0.0" classname="testcases.E2Etestcasesuite.travelersquotes.Smoke_ValidateLoginTest">
          <skipped />
    </testcase>
            <testcase name="smoke_ValidateLoginTest" time="0.0" classname="testcases.E2Etestcasesuite.travelersquotes.Smoke_ValidateLoginTest">
          <skipped />
    </testcase>
            <testcase name="smoke_ValidateLoginTest" time="0.0" classname="testcases.E2Etestcasesuite.travelersquotes.Smoke_ValidateLoginTest">
          <skipped />
    </testcase>
            <testcase name="smoke_ValidateLoginTest" time="0.0" classname="testcases.E2Etestcasesuite.travelersquotes.Smoke_ValidateLoginTest">
          <skipped />
    </testcase>
            <testcase name="smoke_ValidateLoginTest" time="0.0" classname="testcases.E2Etestcasesuite.travelersquotes.Smoke_ValidateLoginTest">
          <skipped />
    </testcase>
            <testcase name="smoke_ValidateLoginTest" time="0.0" classname="testcases.E2Etestcasesuite.travelersquotes.Smoke_ValidateLoginTest">
          <skipped />
    </testcase>
            <testcase name="smoke_ValidateLoginTest" time="0.0" classname="testcases.E2Etestcasesuite.travelersquotes.Smoke_ValidateLoginTest">
          <skipped />
    </testcase>
            <testcase name="smoke_ValidateLoginTest" time="0.0" classname="testcases.E2Etestcasesuite.travelersquotes.Smoke_ValidateLoginTest">
          <skipped />
    </testcase>
            <testcase name="smoke_ValidateLoginTest" time="0.0" classname="testcases.E2Etestcasesuite.travelersquotes.Smoke_ValidateLoginTest">
          <skipped />
    </testcase>
            <testcase name="smoke_ValidateLoginTest" time="0.0" classname="testcases.E2Etestcasesuite.travelersquotes.Smoke_ValidateLoginTest">
          <skipped />
    </testcase>
            <testcase name="smoke_ValidateLoginTest" time="0.0" classname="testcases.E2Etestcasesuite.travelersquotes.Smoke_ValidateLoginTest">
          <skipped />
    </testcase>
            <testcase name="smoke_ValidateLoginTest" time="0.0" classname="testcases.E2Etestcasesuite.travelersquotes.Smoke_ValidateLoginTest">
          <skipped />
    </testcase>
            <testcase name="smoke_ValidateLoginTest" time="0.0" classname="testcases.E2Etestcasesuite.travelersquotes.Smoke_ValidateLoginTest">
          <skipped />
    </testcase>
            <testcase name="smoke_ValidateLoginTest" time="0.0" classname="testcases.E2Etestcasesuite.travelersquotes.Smoke_ValidateLoginTest">
          <skipped />
    </testcase>
            <testcase name="smoke_ValidateLoginTest" time="0.0" classname="testcases.E2Etestcasesuite.travelersquotes.Smoke_ValidateLoginTest">
          <skipped />
    </testcase>
            <testcase name="smoke_ValidateLoginTest" time="0.0" classname="testcases.E2Etestcasesuite.travelersquotes.Smoke_ValidateLoginTest">
          <skipped />
    </testcase>
            <testcase name="smoke_ValidateLoginTest" time="0.0" classname="testcases.E2Etestcasesuite.travelersquotes.Smoke_ValidateLoginTest">
          <skipped />
    </testcase>
            <testcase name="smoke_ValidateLoginTest" time="0.0" classname="testcases.E2Etestcasesuite.travelersquotes.Smoke_ValidateLoginTest">
          <skipped />
    </testcase>
            <testcase name="smoke_ValidateLoginTest" time="0.0" classname="testcases.E2Etestcasesuite.travelersquotes.Smoke_ValidateLoginTest">
          <skipped />
    </testcase>
            <testcase name="smoke_ValidateLoginTest" time="0.0" classname="testcases.E2Etestcasesuite.travelersquotes.Smoke_ValidateLoginTest">
          <skipped />
    </testcase>
            <testcase name="smoke_ValidateLoginTest" time="0.0" classname="testcases.E2Etestcasesuite.travelersquotes.Smoke_ValidateLoginTest">
          <skipped />
    </testcase>
            <testcase name="smoke_ValidateLoginTest" time="0.0" classname="testcases.E2Etestcasesuite.travelersquotes.Smoke_ValidateLoginTest">
          <skipped />
    </testcase>
            <testcase name="smoke_ValidateLoginTest" time="0.0" classname="testcases.E2Etestcasesuite.travelersquotes.Smoke_ValidateLoginTest">
          <skipped />
    </testcase>
            <testcase name="smoke_ValidateLoginTest" time="0.0" classname="testcases.E2Etestcasesuite.travelersquotes.Smoke_ValidateLoginTest">
          <skipped />
    </testcase>
            <testcase name="smoke_ValidateLoginTest" time="0.0" classname="testcases.E2Etestcasesuite.travelersquotes.Smoke_ValidateLoginTest">
          <skipped />
    </testcase>
            <testcase name="smoke_ValidateLoginTest" time="0.0" classname="testcases.E2Etestcasesuite.travelersquotes.Smoke_ValidateLoginTest">
          <skipped />
    </testcase>
            <testcase name="smoke_ValidateLoginTest" time="0.0" classname="testcases.E2Etestcasesuite.travelersquotes.Smoke_ValidateLoginTest">
          <skipped />
    </testcase>
            <testcase name="smoke_ValidateLoginTest" time="0.0" classname="testcases.E2Etestcasesuite.travelersquotes.Smoke_ValidateLoginTest">
          <skipped />
    </testcase>
            <testcase name="smoke_ValidateLoginTest" time="0.0" classname="testcases.E2Etestcasesuite.travelersquotes.Smoke_ValidateLoginTest">
          <skipped />
    </testcase>
            <testcase name="smoke_ValidateLoginTest" time="0.0" classname="testcases.E2Etestcasesuite.travelersquotes.Smoke_ValidateLoginTest">
          <skipped />
    </testcase>
            <testcase name="smoke_ValidateLoginTest" time="0.0" classname="testcases.E2Etestcasesuite.travelersquotes.Smoke_ValidateLoginTest">
          <skipped />
    </testcase>
            <testcase name="smoke_ValidateLoginTest" time="0.0" classname="testcases.E2Etestcasesuite.travelersquotes.Smoke_ValidateLoginTest">
          <skipped />
    </testcase>
            <testcase name="smoke_ValidateLoginTest" time="0.0" classname="testcases.E2Etestcasesuite.travelersquotes.Smoke_ValidateLoginTest">
          <skipped />
    </testcase>
            <testcase name="smoke_ValidateLoginTest" time="0.0" classname="testcases.E2Etestcasesuite.travelersquotes.Smoke_ValidateLoginTest">
          <skipped />
    </testcase>
            <testcase name="smoke_ValidateLoginTest" time="0.0" classname="testcases.E2Etestcasesuite.travelersquotes.Smoke_ValidateLoginTest">
          <skipped />
    </testcase>
            <testcase name="smoke_ValidateLoginTest" time="0.0" classname="testcases.E2Etestcasesuite.travelersquotes.Smoke_ValidateLoginTest">
          <skipped />
    </testcase>
            <testcase name="smoke_ValidateLoginTest" time="0.0" classname="testcases.E2Etestcasesuite.travelersquotes.Smoke_ValidateLoginTest">
          <skipped />
    </testcase>
            <testcase name="smoke_ValidateLoginTest" time="0.0" classname="testcases.E2Etestcasesuite.travelersquotes.Smoke_ValidateLoginTest">
          <skipped />
    </testcase>
            <testcase name="smoke_ValidateLoginTest" time="0.0" classname="testcases.E2Etestcasesuite.travelersquotes.Smoke_ValidateLoginTest">
          <skipped />
    </testcase>
            <testcase name="smoke_ValidateLoginTest" time="0.0" classname="testcases.E2Etestcasesuite.travelersquotes.Smoke_ValidateLoginTest">
          <skipped />
    </testcase>
            <testcase name="smoke_ValidateLoginTest" time="0.0" classname="testcases.E2Etestcasesuite.travelersquotes.Smoke_ValidateLoginTest">
          <skipped />
    </testcase>
            <testcase name="smoke_ValidateLoginTest" time="0.0" classname="testcases.E2Etestcasesuite.travelersquotes.Smoke_ValidateLoginTest">
          <skipped />
    </testcase>
            <testcase name="smoke_ValidateLoginTest" time="0.0" classname="testcases.E2Etestcasesuite.travelersquotes.Smoke_ValidateLoginTest">
          <skipped />
    </testcase>
            <testcase name="smoke_ValidateLoginTest" time="0.0" classname="testcases.E2Etestcasesuite.travelersquotes.Smoke_ValidateLoginTest">
          <skipped />
    </testcase>
            <testcase name="smoke_ValidateLoginTest" time="0.0" classname="testcases.E2Etestcasesuite.travelersquotes.Smoke_ValidateLoginTest">
          <skipped />
    </testcase>
            <testcase name="smoke_ValidateLoginTest" time="0.0" classname="testcases.E2Etestcasesuite.travelersquotes.Smoke_ValidateLoginTest">
          <skipped />
    </testcase>
            <testcase name="smoke_ValidateLoginTest" time="0.0" classname="testcases.E2Etestcasesuite.travelersquotes.Smoke_ValidateLoginTest">
          <skipped />
    </testcase>
            <testcase name="smoke_ValidateLoginTest" time="0.0" classname="testcases.E2Etestcasesuite.travelersquotes.Smoke_ValidateLoginTest">
          <skipped />
    </testcase>
            <testcase name="smoke_ValidateLoginTest" time="0.0" classname="testcases.E2Etestcasesuite.travelersquotes.Smoke_ValidateLoginTest">
          <skipped />
    </testcase>
            <testcase name="smoke_ValidateLoginTest" time="0.0" classname="testcases.E2Etestcasesuite.travelersquotes.Smoke_ValidateLoginTest">
          <skipped />
    </testcase>
            <testcase name="smoke_ValidateLoginTest" time="0.0" classname="testcases.E2Etestcasesuite.travelersquotes.Smoke_ValidateLoginTest">
          <skipped />
    </testcase>
            <testcase name="smoke_ValidateLoginTest" time="0.0" classname="testcases.E2Etestcasesuite.travelersquotes.Smoke_ValidateLoginTest">
          <skipped />
    </testcase>
            <testcase name="smoke_ValidateLoginTest" time="0.0" classname="testcases.E2Etestcasesuite.travelersquotes.Smoke_ValidateLoginTest">
          <skipped />
    </testcase>
            <testcase name="smoke_ValidateLoginTest" time="0.0" classname="testcases.E2Etestcasesuite.travelersquotes.Smoke_ValidateLoginTest">
          <skipped />
    </testcase>
            <testcase name="smoke_ValidateLoginTest" time="0.0" classname="testcases.E2Etestcasesuite.travelersquotes.Smoke_ValidateLoginTest">
          <skipped />
    </testcase>
            <testcase name="smoke_ValidateLoginTest" time="0.0" classname="testcases.E2Etestcasesuite.travelersquotes.Smoke_ValidateLoginTest">
          <skipped />
    </testcase>
            <testcase name="smoke_ValidateLoginTest" time="0.0" classname="testcases.E2Etestcasesuite.travelersquotes.Smoke_ValidateLoginTest">
          <skipped />
    </testcase>
            <testcase name="smoke_ValidateLoginTest" time="0.0" classname="testcases.E2Etestcasesuite.travelersquotes.Smoke_ValidateLoginTest">
          <skipped />
    </testcase>
            <testcase name="smoke_ValidateLoginTest" time="0.0" classname="testcases.E2Etestcasesuite.travelersquotes.Smoke_ValidateLoginTest">
          <skipped />
    </testcase>
            <testcase name="smoke_ValidateLoginTest" time="0.0" classname="testcases.E2Etestcasesuite.travelersquotes.Smoke_ValidateLoginTest">
          <skipped />
    </testcase>
            <testcase name="smoke_ValidateLoginTest" time="0.0" classname="testcases.E2Etestcasesuite.travelersquotes.Smoke_ValidateLoginTest">
          <skipped />
    </testcase>
            <testcase name="smoke_ValidateLoginTest" time="0.0" classname="testcases.E2Etestcasesuite.travelersquotes.Smoke_ValidateLoginTest">
          <skipped />
    </testcase>
            <testcase name="smoke_ValidateLoginTest" time="0.0" classname="testcases.E2Etestcasesuite.travelersquotes.Smoke_ValidateLoginTest">
          <skipped />
    </testcase>
            <testcase name="smoke_ValidateLoginTest" time="0.0" classname="testcases.E2Etestcasesuite.travelersquotes.Smoke_ValidateLoginTest">
          <skipped />
    </testcase>
            <testcase name="smoke_ValidateLoginTest" time="0.0" classname="testcases.E2Etestcasesuite.travelersquotes.Smoke_ValidateLoginTest">
          <skipped />
    </testcase>
            <testcase name="smoke_ValidateLoginTest" time="0.0" classname="testcases.E2Etestcasesuite.travelersquotes.Smoke_ValidateLoginTest">
          <skipped />
    </testcase>
            <testcase name="smoke_ValidateLoginTest" time="0.0" classname="testcases.E2Etestcasesuite.travelersquotes.Smoke_ValidateLoginTest">
          <skipped />
    </testcase>
            <testcase name="smoke_ValidateLoginTest" time="0.0" classname="testcases.E2Etestcasesuite.travelersquotes.Smoke_ValidateLoginTest">
          <skipped />
    </testcase>
            <testcase name="smoke_ValidateLoginTest" time="0.0" classname="testcases.E2Etestcasesuite.travelersquotes.Smoke_ValidateLoginTest">
          <skipped />
    </testcase>
            <testcase name="smoke_ValidateLoginTest" time="0.0" classname="testcases.E2Etestcasesuite.travelersquotes.Smoke_ValidateLoginTest">
          <skipped />
    </testcase>
            <testcase name="smoke_ValidateLoginTest" time="0.0" classname="testcases.E2Etestcasesuite.travelersquotes.Smoke_ValidateLoginTest">
          <skipped />
    </testcase>
            <testcase name="smoke_ValidateLoginTest" time="0.0" classname="testcases.E2Etestcasesuite.travelersquotes.Smoke_ValidateLoginTest">
          <skipped />
    </testcase>
            <testcase name="smoke_ValidateLoginTest" time="0.0" classname="testcases.E2Etestcasesuite.travelersquotes.Smoke_ValidateLoginTest">
          <skipped />
    </testcase>
            <testcase name="smoke_ValidateLoginTest" time="0.0" classname="testcases.E2Etestcasesuite.travelersquotes.Smoke_ValidateLoginTest">
          <skipped />
    </testcase>
            <testcase name="smoke_ValidateLoginTest" time="0.0" classname="testcases.E2Etestcasesuite.travelersquotes.Smoke_ValidateLoginTest">
          <skipped />
    </testcase>
            <testcase name="smoke_ValidateLoginTest" time="0.0" classname="testcases.E2Etestcasesuite.travelersquotes.Smoke_ValidateLoginTest">
          <skipped />
    </testcase>
            <testcase name="smoke_ValidateLoginTest" time="0.0" classname="testcases.E2Etestcasesuite.travelersquotes.Smoke_ValidateLoginTest">
          <skipped />
    </testcase>
            <testcase name="smoke_ValidateLoginTest" time="0.0" classname="testcases.E2Etestcasesuite.travelersquotes.Smoke_ValidateLoginTest">
          <skipped />
    </testcase>
            <testcase name="smoke_ValidateLoginTest" time="0.0" classname="testcases.E2Etestcasesuite.travelersquotes.Smoke_ValidateLoginTest">
          <skipped />
    </testcase>
            <testcase name="smoke_ValidateLoginTest" time="0.0" classname="testcases.E2Etestcasesuite.travelersquotes.Smoke_ValidateLoginTest">
          <skipped />
    </testcase>
            <testcase name="smoke_ValidateLoginTest" time="0.0" classname="testcases.E2Etestcasesuite.travelersquotes.Smoke_ValidateLoginTest">
          <skipped />
    </testcase>
            <testcase name="smoke_ValidateLoginTest" time="0.0" classname="testcases.E2Etestcasesuite.travelersquotes.Smoke_ValidateLoginTest">
          <skipped />
    </testcase>
            <testcase name="smoke_ValidateLoginTest" time="0.0" classname="testcases.E2Etestcasesuite.travelersquotes.Smoke_ValidateLoginTest">
          <skipped />
    </testcase>
            <testcase name="smoke_ValidateLoginTest" time="0.0" classname="testcases.E2Etestcasesuite.travelersquotes.Smoke_ValidateLoginTest">
          <skipped />
    </testcase>
            <testcase name="smoke_ValidateLoginTest" time="0.0" classname="testcases.E2Etestcasesuite.travelersquotes.Smoke_ValidateLoginTest">
          <skipped />
    </testcase>
            <testcase name="smoke_ValidateLoginTest" time="0.0" classname="testcases.E2Etestcasesuite.travelersquotes.Smoke_ValidateLoginTest">
          <skipped />
    </testcase>
            <testcase name="smoke_ValidateLoginTest" time="0.0" classname="testcases.E2Etestcasesuite.travelersquotes.Smoke_ValidateLoginTest">
          <skipped />
    </testcase>
            <testcase name="smoke_ValidateLoginTest" time="0.0" classname="testcases.E2Etestcasesuite.travelersquotes.Smoke_ValidateLoginTest">
          <skipped />
    </testcase>
            <testcase name="smoke_ValidateLoginTest" time="0.0" classname="testcases.E2Etestcasesuite.travelersquotes.Smoke_ValidateLoginTest">
          <skipped />
    </testcase>
            <testcase name="smoke_ValidateLoginTest" time="0.0" classname="testcases.E2Etestcasesuite.travelersquotes.Smoke_ValidateLoginTest">
          <skipped />
    </testcase>
            <testcase name="smoke_ValidateLoginTest" time="0.0" classname="testcases.E2Etestcasesuite.travelersquotes.Smoke_ValidateLoginTest">
          <skipped />
    </testcase>
            <testcase name="smoke_ValidateLoginTest" time="0.0" classname="testcases.E2Etestcasesuite.travelersquotes.Smoke_ValidateLoginTest">
          <skipped />
    </testcase>
            <testcase name="smoke_ValidateLoginTest" time="0.0" classname="testcases.E2Etestcasesuite.travelersquotes.Smoke_ValidateLoginTest">
          <skipped />
    </testcase>
            <testcase name="smoke_ValidateLoginTest" time="0.0" classname="testcases.E2Etestcasesuite.travelersquotes.Smoke_ValidateLoginTest">
          <skipped />
    </testcase>
            <testcase name="smoke_ValidateLoginTest" time="0.0" classname="testcases.E2Etestcasesuite.travelersquotes.Smoke_ValidateLoginTest">
          <skipped />
    </testcase>
            <testcase name="smoke_ValidateLoginTest" time="0.0" classname="testcases.E2Etestcasesuite.travelersquotes.Smoke_ValidateLoginTest">
          <skipped />
    </testcase>
            <testcase name="smoke_ValidateLoginTest" time="0.0" classname="testcases.E2Etestcasesuite.travelersquotes.Smoke_ValidateLoginTest">
          <skipped />
    </testcase>
            <testcase name="smoke_ValidateLoginTest" time="0.0" classname="testcases.E2Etestcasesuite.travelersquotes.Smoke_ValidateLoginTest">
          <skipped />
    </testcase>
            <testcase name="smoke_ValidateLoginTest" time="0.0" classname="testcases.E2Etestcasesuite.travelersquotes.Smoke_ValidateLoginTest">
          <skipped />
    </testcase>
            <testcase name="smoke_ValidateLoginTest" time="0.0" classname="testcases.E2Etestcasesuite.travelersquotes.Smoke_ValidateLoginTest">
          <skipped />
    </testcase>
            <testcase name="smoke_ValidateLoginTest" time="0.0" classname="testcases.E2Etestcasesuite.travelersquotes.Smoke_ValidateLoginTest">
          <skipped />
    </testcase>
            <testcase name="smoke_ValidateLoginTest" time="0.0" classname="testcases.E2Etestcasesuite.travelersquotes.Smoke_ValidateLoginTest">
          <skipped />
    </testcase>
            <testcase name="smoke_ValidateLoginTest" time="0.0" classname="testcases.E2Etestcasesuite.travelersquotes.Smoke_ValidateLoginTest">
          <skipped />
    </testcase>
            <testcase name="smoke_ValidateLoginTest" time="0.0" classname="testcases.E2Etestcasesuite.travelersquotes.Smoke_ValidateLoginTest">
          <skipped />
    </testcase>
            <testcase name="smoke_ValidateLoginTest" time="0.0" classname="testcases.E2Etestcasesuite.travelersquotes.Smoke_ValidateLoginTest">
          <skipped />
    </testcase>
            <testcase name="smoke_ValidateLoginTest" time="0.0" classname="testcases.E2Etestcasesuite.travelersquotes.Smoke_ValidateLoginTest">
          <skipped />
    </testcase>
            <testcase name="smoke_ValidateLoginTest" time="0.0" classname="testcases.E2Etestcasesuite.travelersquotes.Smoke_ValidateLoginTest">
          <skipped />
    </testcase>
            <testcase name="smoke_ValidateLoginTest" time="0.0" classname="testcases.E2Etestcasesuite.travelersquotes.Smoke_ValidateLoginTest">
          <skipped />
    </testcase>
            <testcase name="smoke_ValidateLoginTest" time="0.0" classname="testcases.E2Etestcasesuite.travelersquotes.Smoke_ValidateLoginTest">
          <skipped />
    </testcase>
            <testcase name="smoke_ValidateLoginTest" time="0.0" classname="testcases.E2Etestcasesuite.travelersquotes.Smoke_ValidateLoginTest">
          <skipped />
    </testcase>
            <testcase name="smoke_ValidateLoginTest" time="0.0" classname="testcases.E2Etestcasesuite.travelersquotes.Smoke_ValidateLoginTest">
          <skipped />
    </testcase>
            <testcase name="smoke_ValidateLoginTest" time="0.0" classname="testcases.E2Etestcasesuite.travelersquotes.Smoke_ValidateLoginTest">
          <skipped />
    </testcase>
            <testcase name="smoke_ValidateLoginTest" time="0.0" classname="testcases.E2Etestcasesuite.travelersquotes.Smoke_ValidateLoginTest">
          <skipped />
    </testcase>
            <testcase name="smoke_ValidateLoginTest" time="0.0" classname="testcases.E2Etestcasesuite.travelersquotes.Smoke_ValidateLoginTest">
          <skipped />
    </testcase>
            <testcase name="smoke_ValidateLoginTest" time="0.0" classname="testcases.E2Etestcasesuite.travelersquotes.Smoke_ValidateLoginTest">
          <skipped />
    </testcase>
            <testcase name="smoke_ValidateLoginTest" time="0.0" classname="testcases.E2Etestcasesuite.travelersquotes.Smoke_ValidateLoginTest">
          <skipped />
    </testcase>
            <testcase name="smoke_ValidateLoginTest" time="0.0" classname="testcases.E2Etestcasesuite.travelersquotes.Smoke_ValidateLoginTest">
          <skipped />
    </testcase>
            <testcase name="smoke_ValidateLoginTest" time="0.0" classname="testcases.E2Etestcasesuite.travelersquotes.Smoke_ValidateLoginTest">
          <skipped />
    </testcase>
            <testcase name="smoke_ValidateLoginTest" time="0.0" classname="testcases.E2Etestcasesuite.travelersquotes.Smoke_ValidateLoginTest">
          <skipped />
    </testcase>
            <testcase name="smoke_ValidateLoginTest" time="0.0" classname="testcases.E2Etestcasesuite.travelersquotes.Smoke_ValidateLoginTest">
          <skipped />
    </testcase>
            <testcase name="smoke_ValidateLoginTest" time="0.0" classname="testcases.E2Etestcasesuite.travelersquotes.Smoke_ValidateLoginTest">
          <skipped />
    </testcase>
            <testcase name="smoke_ValidateLoginTest" time="0.0" classname="testcases.E2Etestcasesuite.travelersquotes.Smoke_ValidateLoginTest">
          <skipped />
    </testcase>
            <testcase name="smoke_ValidateLoginTest" time="0.0" classname="testcases.E2Etestcasesuite.travelersquotes.Smoke_ValidateLoginTest">
          <skipped />
    </testcase>
            <testcase name="smoke_ValidateLoginTest" time="0.0" classname="testcases.E2Etestcasesuite.travelersquotes.Smoke_ValidateLoginTest">
          <skipped />
    </testcase>
            <testcase name="smoke_ValidateLoginTest" time="0.0" classname="testcases.E2Etestcasesuite.travelersquotes.Smoke_ValidateLoginTest">
          <skipped />
    </testcase>
            <testcase name="smoke_ValidateLoginTest" time="0.0" classname="testcases.E2Etestcasesuite.travelersquotes.Smoke_ValidateLoginTest">
          <skipped />
    </testcase>
            <testcase name="smoke_ValidateLoginTest" time="0.0" classname="testcases.E2Etestcasesuite.travelersquotes.Smoke_ValidateLoginTest">
          <skipped />
    </testcase>
            <testcase name="smoke_ValidateLoginTest" time="0.0" classname="testcases.E2Etestcasesuite.travelersquotes.Smoke_ValidateLoginTest">
          <skipped />
    </testcase>
            <testcase name="smoke_ValidateLoginTest" time="0.0" classname="testcases.E2Etestcasesuite.travelersquotes.Smoke_ValidateLoginTest">
          <skipped />
    </testcase>
            <testcase name="smoke_ValidateLoginTest" time="0.0" classname="testcases.E2Etestcasesuite.travelersquotes.Smoke_ValidateLoginTest">
          <skipped />
    </testcase>
            <testcase name="smoke_ValidateLoginTest" time="0.0" classname="testcases.E2Etestcasesuite.travelersquotes.Smoke_ValidateLoginTest">
          <skipped />
    </testcase>
            <testcase name="smoke_ValidateLoginTest" time="0.0" classname="testcases.E2Etestcasesuite.travelersquotes.Smoke_ValidateLoginTest">
          <skipped />
    </testcase>
            <testcase name="smoke_ValidateLoginTest" time="0.0" classname="testcases.E2Etestcasesuite.travelersquotes.Smoke_ValidateLoginTest">
          <skipped />
    </testcase>
            <testcase name="smoke_ValidateLoginTest" time="0.0" classname="testcases.E2Etestcasesuite.travelersquotes.Smoke_ValidateLoginTest">
          <skipped />
    </testcase>
            <testcase name="smoke_ValidateLoginTest" time="0.0" classname="testcases.E2Etestcasesuite.travelersquotes.Smoke_ValidateLoginTest">
          <skipped />
    </testcase>
            <testcase name="smoke_ValidateLoginTest" time="0.0" classname="testcases.E2Etestcasesuite.travelersquotes.Smoke_ValidateLoginTest">
          <skipped />
    </testcase>
            <testcase name="smoke_ValidateLoginTest" time="0.0" classname="testcases.E2Etestcasesuite.travelersquotes.Smoke_ValidateLoginTest">
          <skipped />
    </testcase>
            <testcase name="smoke_ValidateLoginTest" time="0.0" classname="testcases.E2Etestcasesuite.travelersquotes.Smoke_ValidateLoginTest">
          <skipped />
    </testcase>
            <testcase name="smoke_ValidateLoginTest" time="0.0" classname="testcases.E2Etestcasesuite.travelersquotes.Smoke_ValidateLoginTest">
          <skipped />
    </testcase>
            <testcase name="smoke_ValidateLoginTest" time="0.0" classname="testcases.E2Etestcasesuite.travelersquotes.Smoke_ValidateLoginTest">
          <skipped />
    </testcase>
            <testcase name="smoke_ValidateLoginTest" time="0.0" classname="testcases.E2Etestcasesuite.travelersquotes.Smoke_ValidateLoginTest">
          <skipped />
    </testcase>
            <testcase name="smoke_ValidateLoginTest" time="0.0" classname="testcases.E2Etestcasesuite.travelersquotes.Smoke_ValidateLoginTest">
          <skipped />
    </testcase>
            <testcase name="smoke_ValidateLoginTest" time="0.0" classname="testcases.E2Etestcasesuite.travelersquotes.Smoke_ValidateLoginTest">
          <skipped />
    </testcase>
            <testcase name="smoke_ValidateLoginTest" time="0.0" classname="testcases.E2Etestcasesuite.travelersquotes.Smoke_ValidateLoginTest">
          <skipped />
    </testcase>
            <testcase name="smoke_ValidateLoginTest" time="0.0" classname="testcases.E2Etestcasesuite.travelersquotes.Smoke_ValidateLoginTest">
          <skipped />
    </testcase>
            <testcase name="smoke_ValidateLoginTest" time="0.0" classname="testcases.E2Etestcasesuite.travelersquotes.Smoke_ValidateLoginTest">
          <skipped />
    </testcase>
            <testcase name="smoke_ValidateLoginTest" time="0.0" classname="testcases.E2Etestcasesuite.travelersquotes.Smoke_ValidateLoginTest">
          <skipped />
    </testcase>
            <testcase name="smoke_ValidateLoginTest" time="0.0" classname="testcases.E2Etestcasesuite.travelersquotes.Smoke_ValidateLoginTest">
          <skipped />
    </testcase>
            <testcase name="smoke_ValidateLoginTest" time="0.0" classname="testcases.E2Etestcasesuite.travelersquotes.Smoke_ValidateLoginTest">
          <skipped />
    </testcase>
            <testcase name="smoke_ValidateLoginTest" time="0.0" classname="testcases.E2Etestcasesuite.travelersquotes.Smoke_ValidateLoginTest">
          <skipped />
    </testcase>
            <testcase name="smoke_ValidateLoginTest" time="0.0" classname="testcases.E2Etestcasesuite.travelersquotes.Smoke_ValidateLoginTest">
          <skipped />
    </testcase>
            <testcase name="smoke_ValidateLoginTest" time="0.0" classname="testcases.E2Etestcasesuite.travelersquotes.Smoke_ValidateLoginTest">
          <skipped />
    </testcase>
            <testcase name="smoke_ValidateLoginTest" time="0.0" classname="testcases.E2Etestcasesuite.travelersquotes.Smoke_ValidateLoginTest">
          <skipped />
    </testcase>
            <testcase name="smoke_ValidateLoginTest" time="0.0" classname="testcases.E2Etestcasesuite.travelersquotes.Smoke_ValidateLoginTest">
          <skipped />
    </testcase>
            <testcase name="smoke_ValidateLoginTest" time="0.0" classname="testcases.E2Etestcasesuite.travelersquotes.Smoke_ValidateLoginTest">
          <skipped />
    </testcase>
            <testcase name="smoke_ValidateLoginTest" time="0.0" classname="testcases.E2Etestcasesuite.travelersquotes.Smoke_ValidateLoginTest">
          <skipped />
    </testcase>
            <testcase name="smoke_ValidateLoginTest" time="0.0" classname="testcases.E2Etestcasesuite.travelersquotes.Smoke_ValidateLoginTest">
          <skipped />
    </testcase>
            <testcase name="smoke_ValidateLoginTest" time="0.0" classname="testcases.E2Etestcasesuite.travelersquotes.Smoke_ValidateLoginTest">
          <skipped />
    </testcase>
            <testcase name="smoke_ValidateLoginTest" time="0.0" classname="testcases.E2Etestcasesuite.travelersquotes.Smoke_ValidateLoginTest">
          <skipped />
    </testcase>
            <testcase name="smoke_ValidateLoginTest" time="0.0" classname="testcases.E2Etestcasesuite.travelersquotes.Smoke_ValidateLoginTest">
          <skipped />
    </testcase>
            <testcase name="smoke_ValidateLoginTest" time="0.0" classname="testcases.E2Etestcasesuite.travelersquotes.Smoke_ValidateLoginTest">
          <skipped />
    </testcase>
            <testcase name="smoke_ValidateLoginTest" time="0.0" classname="testcases.E2Etestcasesuite.travelersquotes.Smoke_ValidateLoginTest">
          <skipped />
    </testcase>
            <testcase name="smoke_ValidateLoginTest" time="0.0" classname="testcases.E2Etestcasesuite.travelersquotes.Smoke_ValidateLoginTest">
          <skipped />
    </testcase>
            <testcase name="smoke_ValidateLoginTest" time="0.0" classname="testcases.E2Etestcasesuite.travelersquotes.Smoke_ValidateLoginTest">
          <skipped />
    </testcase>
            <testcase name="smoke_ValidateLoginTest" time="0.0" classname="testcases.E2Etestcasesuite.travelersquotes.Smoke_ValidateLoginTest">
          <skipped />
    </testcase>
            <testcase name="smoke_ValidateLoginTest" time="0.0" classname="testcases.E2Etestcasesuite.travelersquotes.Smoke_ValidateLoginTest">
          <skipped />
    </testcase>
            <testcase name="smoke_ValidateLoginTest" time="0.0" classname="testcases.E2Etestcasesuite.travelersquotes.Smoke_ValidateLoginTest">
          <skipped />
    </testcase>
            <testcase name="smoke_ValidateLoginTest" time="0.0" classname="testcases.E2Etestcasesuite.travelersquotes.Smoke_ValidateLoginTest">
          <skipped />
    </testcase>
            <testcase name="smoke_ValidateLoginTest" time="0.0" classname="testcases.E2Etestcasesuite.travelersquotes.Smoke_ValidateLoginTest">
          <skipped />
    </testcase>
            <testcase name="smoke_ValidateLoginTest" time="0.0" classname="testcases.E2Etestcasesuite.travelersquotes.Smoke_ValidateLoginTest">
          <skipped />
    </testcase>
            <testcase name="smoke_ValidateLoginTest" time="0.0" classname="testcases.E2Etestcasesuite.travelersquotes.Smoke_ValidateLoginTest">
          <skipped />
    </testcase>
            <testcase name="smoke_ValidateLoginTest" time="0.0" classname="testcases.E2Etestcasesuite.travelersquotes.Smoke_ValidateLoginTest">
          <skipped />
    </testcase>
            <testcase name="smoke_ValidateLoginTest" time="0.0" classname="testcases.E2Etestcasesuite.travelersquotes.Smoke_ValidateLoginTest">
          <skipped />
    </testcase>
            <testcase name="smoke_ValidateLoginTest" time="0.0" classname="testcases.E2Etestcasesuite.travelersquotes.Smoke_ValidateLoginTest">
          <skipped />
    </testcase>
            <testcase name="smoke_ValidateLoginTest" time="0.0" classname="testcases.E2Etestcasesuite.travelersquotes.Smoke_ValidateLoginTest">
          <skipped />
    </testcase>
            <testcase name="smoke_ValidateLoginTest" time="0.0" classname="testcases.E2Etestcasesuite.travelersquotes.Smoke_ValidateLoginTest">
          <skipped />
    </testcase>
            <testcase name="smoke_ValidateLoginTest" time="0.0" classname="testcases.E2Etestcasesuite.travelersquotes.Smoke_ValidateLoginTest">
          <skipped />
    </testcase>
            <testcase name="smoke_ValidateLoginTest" time="0.0" classname="testcases.E2Etestcasesuite.travelersquotes.Smoke_ValidateLoginTest">
          <skipped />
    </testcase>
            <testcase name="smoke_ValidateLoginTest" time="0.0" classname="testcases.E2Etestcasesuite.travelersquotes.Smoke_ValidateLoginTest">
          <skipped />
    </testcase>
            <testcase name="smoke_ValidateLoginTest" time="0.0" classname="testcases.E2Etestcasesuite.travelersquotes.Smoke_ValidateLoginTest">
          <skipped />
    </testcase>
            <testcase name="smoke_ValidateLoginTest" time="0.0" classname="testcases.E2Etestcasesuite.travelersquotes.Smoke_ValidateLoginTest">
          <skipped />
    </testcase>
            <testcase name="smoke_ValidateLoginTest" time="0.0" classname="testcases.E2Etestcasesuite.travelersquotes.Smoke_ValidateLoginTest">
          <skipped />
    </testcase>
            <testcase name="smoke_ValidateLoginTest" time="0.0" classname="testcases.E2Etestcasesuite.travelersquotes.Smoke_ValidateLoginTest">
          <skipped />
    </testcase>
            <testcase name="smoke_ValidateLoginTest" time="0.0" classname="testcases.E2Etestcasesuite.travelersquotes.Smoke_ValidateLoginTest">
          <skipped />
    </testcase>
            <testcase name="smoke_ValidateLoginTest" time="0.0" classname="testcases.E2Etestcasesuite.travelersquotes.Smoke_ValidateLoginTest">
          <skipped />
    </testcase>
            <testcase name="smoke_ValidateLoginTest" time="0.0" classname="testcases.E2Etestcasesuite.travelersquotes.Smoke_ValidateLoginTest">
          <skipped />
    </testcase>
            <testcase name="smoke_ValidateLoginTest" time="0.0" classname="testcases.E2Etestcasesuite.travelersquotes.Smoke_ValidateLoginTest">
          <skipped />
    </testcase>
            <testcase name="smoke_ValidateLoginTest" time="0.0" classname="testcases.E2Etestcasesuite.travelersquotes.Smoke_ValidateLoginTest">
          <skipped />
    </testcase>
            <testcase name="smoke_ValidateLoginTest" time="0.0" classname="testcases.E2Etestcasesuite.travelersquotes.Smoke_ValidateLoginTest">
          <skipped />
    </testcase>
            <testcase name="smoke_ValidateLoginTest" time="0.0" classname="testcases.E2Etestcasesuite.travelersquotes.Smoke_ValidateLoginTest">
          <skipped />
    </testcase>
            <testcase name="smoke_ValidateLoginTest" time="0.0" classname="testcases.E2Etestcasesuite.travelersquotes.Smoke_ValidateLoginTest">
          <skipped />
    </testcase>
            <testcase name="smoke_ValidateLoginTest" time="0.0" classname="testcases.E2Etestcasesuite.travelersquotes.Smoke_ValidateLoginTest">
          <skipped />
    </testcase>
            <testcase name="smoke_ValidateLoginTest" time="0.0" classname="testcases.E2Etestcasesuite.travelersquotes.Smoke_ValidateLoginTest">
          <skipped />
    </testcase>
            <testcase name="smoke_ValidateLoginTest" time="0.0" classname="testcases.E2Etestcasesuite.travelersquotes.Smoke_ValidateLoginTest">
          <skipped />
    </testcase>
            <testcase name="smoke_ValidateLoginTest" time="0.0" classname="testcases.E2Etestcasesuite.travelersquotes.Smoke_ValidateLoginTest">
          <skipped />
    </testcase>
            <testcase name="smoke_ValidateLoginTest" time="0.0" classname="testcases.E2Etestcasesuite.travelersquotes.Smoke_ValidateLoginTest">
          <skipped />
    </testcase>
            <testcase name="smoke_ValidateLoginTest" time="0.0" classname="testcases.E2Etestcasesuite.travelersquotes.Smoke_ValidateLoginTest">
          <skipped />
    </testcase>
            <testcase name="smoke_ValidateLoginTest" time="0.0" classname="testcases.E2Etestcasesuite.travelersquotes.Smoke_ValidateLoginTest">
          <skipped />
    </testcase>
            <testcase name="smoke_ValidateLoginTest" time="0.0" classname="testcases.E2Etestcasesuite.travelersquotes.Smoke_ValidateLoginTest">
          <skipped />
    </testcase>
            <testcase name="smoke_ValidateLoginTest" time="0.0" classname="testcases.E2Etestcasesuite.travelersquotes.Smoke_ValidateLoginTest">
          <skipped />
    </testcase>
            <testcase name="smoke_ValidateLoginTest" time="0.0" classname="testcases.E2Etestcasesuite.travelersquotes.Smoke_ValidateLoginTest">
          <skipped />
    </testcase>
            <testcase name="smoke_ValidateLoginTest" time="0.0" classname="testcases.E2Etestcasesuite.travelersquotes.Smoke_ValidateLoginTest">
          <skipped />
    </testcase>
            <testcase name="smoke_ValidateLoginTest" time="0.0" classname="testcases.E2Etestcasesuite.travelersquotes.Smoke_ValidateLoginTest">
          <skipped />
    </testcase>
            <testcase name="smoke_ValidateLoginTest" time="0.0" classname="testcases.E2Etestcasesuite.travelersquotes.Smoke_ValidateLoginTest">
          <skipped />
    </testcase>
            <testcase name="smoke_ValidateLoginTest" time="0.0" classname="testcases.E2Etestcasesuite.travelersquotes.Smoke_ValidateLoginTest">
          <skipped />
    </testcase>
            <testcase name="smoke_ValidateLoginTest" time="0.0" classname="testcases.E2Etestcasesuite.travelersquotes.Smoke_ValidateLoginTest">
          <skipped />
    </testcase>
            <testcase name="smoke_ValidateLoginTest" time="0.0" classname="testcases.E2Etestcasesuite.travelersquotes.Smoke_ValidateLoginTest">
          <skipped />
    </testcase>
            <testcase name="smoke_ValidateLoginTest" time="0.0" classname="testcases.E2Etestcasesuite.travelersquotes.Smoke_ValidateLoginTest">
          <skipped />
    </testcase>
            <testcase name="smoke_ValidateLoginTest" time="0.0" classname="testcases.E2Etestcasesuite.travelersquotes.Smoke_ValidateLoginTest">
          <skipped />
    </testcase>
            <testcase name="smoke_ValidateLoginTest" time="0.0" classname="testcases.E2Etestcasesuite.travelersquotes.Smoke_ValidateLoginTest">
          <skipped />
    </testcase>
            <testcase name="smoke_ValidateLoginTest" time="0.0" classname="testcases.E2Etestcasesuite.travelersquotes.Smoke_ValidateLoginTest">
          <skipped />
    </testcase>
[...]
          <skipped />
    </testcase>
            <testcase name="smoke_ValidateLoginTest" time="0.0" classname="testcases.E2Etestcasesuite.travelersquotes.Smoke_ValidateLoginTest">
          <skipped />
    </testcase>
            <testcase name="smoke_ValidateLoginTest" time="0.0" classname="testcases.E2Etestcasesuite.travelersquotes.Smoke_ValidateLoginTest">
          <skipped />
    </testcase>
            <testcase name="smoke_ValidateLoginTest" time="0.0" classname="testcases.E2Etestcasesuite.travelersquotes.Smoke_ValidateLoginTest">
          <skipped />
    </testcase>
            <testcase name="smoke_ValidateLoginTest" time="0.0" classname="testcases.E2Etestcasesuite.travelersquotes.Smoke_ValidateLoginTest">
          <skipped />
    </testcase>
            <testcase name="smoke_ValidateLoginTest" time="0.0" classname="testcases.E2Etestcasesuite.travelersquotes.Smoke_ValidateLoginTest">
          <skipped />
    </testcase>
            <testcase name="smoke_ValidateLoginTest" time="0.0" classname="testcases.E2Etestcasesuite.travelersquotes.Smoke_ValidateLoginTest">
          <skipped />
    </testcase>
            <testcase name="smoke_ValidateLoginTest" time="0.0" classname="testcases.E2Etestcasesuite.travelersquotes.Smoke_ValidateLoginTest">
          <skipped />
    </testcase>
            <testcase name="smoke_ValidateLoginTest" time="0.0" classname="testcases.E2Etestcasesuite.travelersquotes.Smoke_ValidateLoginTest">
          <skipped />
    </testcase>
            <testcase name="smoke_ValidateLoginTest" time="0.0" classname="testcases.E2Etestcasesuite.travelersquotes.Smoke_ValidateLoginTest">
          <skipped />
    </testcase>
            <testcase name="smoke_ValidateLoginTest" time="0.0" classname="testcases.E2Etestcasesuite.travelersquotes.Smoke_ValidateLoginTest">
          <skipped />
    </testcase>
            <testcase name="smoke_ValidateLoginTest" time="0.0" classname="testcases.E2Etestcasesuite.travelersquotes.Smoke_ValidateLoginTest">
          <skipped />
    </testcase>
            <testcase name="smoke_ValidateLoginTest" time="0.0" classname="testcases.E2Etestcasesuite.travelersquotes.Smoke_ValidateLoginTest">
          <skipped />
    </testcase>
            <testcase name="smoke_ValidateLoginTest" time="0.0" classname="testcases.E2Etestcasesuite.travelersquotes.Smoke_ValidateLoginTest">
          <skipped />
    </testcase>
            <testcase name="smoke_ValidateLoginTest" time="0.0" classname="testcases.E2Etestcasesuite.travelersquotes.Smoke_ValidateLoginTest">
          <skipped />
    </testcase>
            <testcase name="smoke_ValidateLoginTest" time="0.0" classname="testcases.E2Etestcasesuite.travelersquotes.Smoke_ValidateLoginTest">
          <skipped />
    </testcase>
            <testcase name="smoke_ValidateLoginTest" time="0.0" classname="testcases.E2Etestcasesuite.travelersquotes.Smoke_ValidateLoginTest">
          <skipped />
    </testcase>
            <testcase name="smoke_ValidateLoginTest" time="0.0" classname="testcases.E2Etestcasesuite.travelersquotes.Smoke_ValidateLoginTest">
          <skipped />
    </testcase>
            <testcase name="smoke_ValidateLoginTest" time="0.0" classname="testcases.E2Etestcasesuite.travelersquotes.Smoke_ValidateLoginTest">
          <skipped />
    </testcase>
            <testcase name="smoke_ValidateLoginTest" time="0.0" classname="testcases.E2Etestcasesuite.travelersquotes.Smoke_ValidateLoginTest">
          <skipped />
    </testcase>
            <testcase name="smoke_ValidateLoginTest" time="0.0" classname="testcases.E2Etestcasesuite.travelersquotes.Smoke_ValidateLoginTest">
          <skipped />
    </testcase>
            <testcase name="smoke_ValidateLoginTest" time="0.0" classname="testcases.E2Etestcasesuite.travelersquotes.Smoke_ValidateLoginTest">
          <skipped />
    </testcase>
            <testcase name="smoke_ValidateLoginTest" time="0.0" classname="testcases.E2Etestcasesuite.travelersquotes.Smoke_ValidateLoginTest">
          <skipped />
    </testcase>
            <testcase name="smoke_ValidateLoginTest" time="0.0" classname="testcases.E2Etestcasesuite.travelersquotes.Smoke_ValidateLoginTest">
          <skipped />
    </testcase>
            <testcase name="smoke_ValidateLoginTest" time="0.0" classname="testcases.E2Etestcasesuite.travelersquotes.Smoke_ValidateLoginTest">
          <skipped />
    </testcase>
            <testcase name="smoke_ValidateLoginTest" time="0.0" classname="testcases.E2Etestcasesuite.travelersquotes.Smoke_ValidateLoginTest">
          <skipped />
    </testcase>
            <testcase name="smoke_ValidateLoginTest" time="0.0" classname="testcases.E2Etestcasesuite.travelersquotes.Smoke_ValidateLoginTest">
          <skipped />
    </testcase>
            <testcase name="smoke_ValidateLoginTest" time="0.0" classname="testcases.E2Etestcasesuite.travelersquotes.Smoke_ValidateLoginTest">
          <skipped />
    </testcase>
            <testcase name="smoke_ValidateLoginTest" time="0.0" classname="testcases.E2Etestcasesuite.travelersquotes.Smoke_ValidateLoginTest">
          <skipped />
    </testcase>
            <testcase name="smoke_ValidateLoginTest" time="0.0" classname="testcases.E2Etestcasesuite.travelersquotes.Smoke_ValidateLoginTest">
          <skipped />
    </testcase>
            <testcase name="smoke_ValidateLoginTest" time="0.0" classname="testcases.E2Etestcasesuite.travelersquotes.Smoke_ValidateLoginTest">
          <skipped />
    </testcase>
            <testcase name="smoke_ValidateLoginTest" time="0.0" classname="testcases.E2Etestcasesuite.travelersquotes.Smoke_ValidateLoginTest">
          <skipped />
    </testcase>
            <testcase name="smoke_ValidateLoginTest" time="0.0" classname="testcases.E2Etestcasesuite.travelersquotes.Smoke_ValidateLoginTest">
          <skipped />
    </testcase>
            <testcase name="smoke_ValidateLoginTest" time="0.0" classname="testcases.E2Etestcasesuite.travelersquotes.Smoke_ValidateLoginTest">
          <skipped />
    </testcase>
            <testcase name="smoke_ValidateLoginTest" time="0.0" classname="testcases.E2Etestcasesuite.travelersquotes.Smoke_ValidateLoginTest">
          <skipped />
    </testcase>
            <testcase name="smoke_ValidateLoginTest" time="0.0" classname="testcases.E2Etestcasesuite.travelersquotes.Smoke_ValidateLoginTest">
          <skipped />
    </testcase>
            <testcase name="smoke_ValidateLoginTest" time="0.0" classname="testcases.E2Etestcasesuite.travelersquotes.Smoke_ValidateLoginTest">
          <skipped />
    </testcase>
            <testcase name="smoke_ValidateLoginTest" time="0.0" classname="testcases.E2Etestcasesuite.travelersquotes.Smoke_ValidateLoginTest">
          <skipped />
    </testcase>
            <testcase name="smoke_ValidateLoginTest" time="0.0" classname="testcases.E2Etestcasesuite.travelersquotes.Smoke_ValidateLoginTest">
          <skipped />
    </testcase>
            <testcase name="smoke_ValidateLoginTest" time="0.0" classname="testcases.E2Etestcasesuite.travelersquotes.Smoke_ValidateLoginTest">
          <skipped />
    </testcase>
            <testcase name="smoke_ValidateLoginTest" time="0.0" classname="testcases.E2Etestcasesuite.travelersquotes.Smoke_ValidateLoginTest">
          <skipped />
    </testcase>
            <testcase name="smoke_ValidateLoginTest" time="0.0" classname="testcases.E2Etestcasesuite.travelersquotes.Smoke_ValidateLoginTest">
          <skipped />
    </testcase>
            <testcase name="smoke_ValidateLoginTest" time="0.0" classname="testcases.E2Etestcasesuite.travelersquotes.Smoke_ValidateLoginTest">
          <skipped />
    </testcase>
            <testcase name="smoke_ValidateLoginTest" time="0.0" classname="testcases.E2Etestcasesuite.travelersquotes.Smoke_ValidateLoginTest">
          <skipped />
    </testcase>
            <testcase name="smoke_ValidateLoginTest" time="0.0" classname="testcases.E2Etestcasesuite.travelersquotes.Smoke_ValidateLoginTest">
          <skipped />
    </testcase>
            <testcase name="smoke_ValidateLoginTest" time="0.0" classname="testcases.E2Etestcasesuite.travelersquotes.Smoke_ValidateLoginTest">
          <skipped />
    </testcase>
            <testcase name="smoke_ValidateLoginTest" time="0.0" classname="testcases.E2Etestcasesuite.travelersquotes.Smoke_ValidateLoginTest">
          <skipped />
    </testcase>
            <testcase name="smoke_ValidateLoginTest" time="0.0" classname="testcases.E2Etestcasesuite.travelersquotes.Smoke_ValidateLoginTest">
          <skipped />
    </testcase>
            <testcase name="smoke_ValidateLoginTest" time="0.0" classname="testcases.E2Etestcasesuite.travelersquotes.Smoke_ValidateLoginTest">
          <skipped />
    </testcase>
            <testcase name="smoke_ValidateLoginTest" time="0.0" classname="testcases.E2Etestcasesuite.travelersquotes.Smoke_ValidateLoginTest">
          <skipped />
    </testcase>
            <testcase name="smoke_ValidateLoginTest" time="0.0" classname="testcases.E2Etestcasesuite.travelersquotes.Smoke_ValidateLoginTest">
          <skipped />
    </testcase>
            <testcase name="smoke_ValidateLoginTest" time="0.0" classname="testcases.E2Etestcasesuite.travelersquotes.Smoke_ValidateLoginTest">
          <skipped />
    </testcase>
            <testcase name="smoke_ValidateLoginTest" time="0.0" classname="testcases.E2Etestcasesuite.travelersquotes.Smoke_ValidateLoginTest">
          <skipped />
    </testcase>
            <testcase name="smoke_ValidateLoginTest" time="0.0" classname="testcases.E2Etestcasesuite.travelersquotes.Smoke_ValidateLoginTest">
          <skipped />
    </testcase>
            <testcase name="smoke_ValidateLoginTest" time="0.0" classname="testcases.E2Etestcasesuite.travelersquotes.Smoke_ValidateLoginTest">
          <skipped />
    </testcase>
            <testcase name="smoke_ValidateLoginTest" time="0.0" classname="testcases.E2Etestcasesuite.travelersquotes.Smoke_ValidateLoginTest">
          <skipped />
    </testcase>
            <testcase name="smoke_ValidateLoginTest" time="0.0" classname="testcases.E2Etestcasesuite.travelersquotes.Smoke_ValidateLoginTest">
          <skipped />
    </testcase>
            <testcase name="smoke_ValidateLoginTest" time="0.0" classname="testcases.E2Etestcasesuite.travelersquotes.Smoke_ValidateLoginTest">
          <skipped />
    </testcase>
            <testcase name="smoke_ValidateLoginTest" time="0.0" classname="testcases.E2Etestcasesuite.travelersquotes.Smoke_ValidateLoginTest">
          <skipped />
    </testcase>
            <testcase name="smoke_ValidateLoginTest" time="0.0" classname="testcases.E2Etestcasesuite.travelersquotes.Smoke_ValidateLoginTest">
          <skipped />
    </testcase>
            <testcase name="smoke_ValidateLoginTest" time="0.0" classname="testcases.E2Etestcasesuite.travelersquotes.Smoke_ValidateLoginTest">
          <skipped />
    </testcase>
            <testcase name="smoke_ValidateLoginTest" time="0.0" classname="testcases.E2Etestcasesuite.travelersquotes.Smoke_ValidateLoginTest">
          <skipped />
    </testcase>
            <testcase name="smoke_ValidateLoginTest" time="0.0" classname="testcases.E2Etestcasesuite.travelersquotes.Smoke_ValidateLoginTest">
          <skipped />
    </testcase>
            <testcase name="smoke_ValidateLoginTest" time="0.0" classname="testcases.E2Etestcasesuite.travelersquotes.Smoke_ValidateLoginTest">
          <skipped />
    </testcase>
            <testcase name="smoke_ValidateLoginTest" time="0.0" classname="testcases.E2Etestcasesuite.travelersquotes.Smoke_ValidateLoginTest">
          <skipped />
    </testcase>
            <testcase name="smoke_ValidateLoginTest" time="0.0" classname="testcases.E2Etestcasesuite.travelersquotes.Smoke_ValidateLoginTest">
          <skipped />
    </testcase>
            <testcase name="smoke_ValidateLoginTest" time="0.0" classname="testcases.E2Etestcasesuite.travelersquotes.Smoke_ValidateLoginTest">
          <skipped />
    </testcase>
            <testcase name="smoke_ValidateLoginTest" time="0.0" classname="testcases.E2Etestcasesuite.travelersquotes.Smoke_ValidateLoginTest">
          <skipped />
    </testcase>
            <testcase name="smoke_ValidateLoginTest" time="0.0" classname="testcases.E2Etestcasesuite.travelersquotes.Smoke_ValidateLoginTest">
          <skipped />
    </testcase>
            <testcase name="smoke_ValidateLoginTest" time="0.0" classname="testcases.E2Etestcasesuite.travelersquotes.Smoke_ValidateLoginTest">
          <skipped />
    </testcase>
            <testcase name="smoke_ValidateLoginTest" time="0.0" classname="testcases.E2Etestcasesuite.travelersquotes.Smoke_ValidateLoginTest">
          <skipped />
    </testcase>
            <testcase name="smoke_ValidateLoginTest" time="0.0" classname="testcases.E2Etestcasesuite.travelersquotes.Smoke_ValidateLoginTest">
          <skipped />
    </testcase>
            <testcase name="smoke_ValidateLoginTest" time="0.0" classname="testcases.E2Etestcasesuite.travelersquotes.Smoke_ValidateLoginTest">
          <skipped />
    </testcase>
            <testcase name="smoke_ValidateLoginTest" time="0.0" classname="testcases.E2Etestcasesuite.travelersquotes.Smoke_ValidateLoginTest">
          <skipped />
    </testcase>
            <testcase name="smoke_ValidateLoginTest" time="0.0" classname="testcases.E2Etestcasesuite.travelersquotes.Smoke_ValidateLoginTest">
          <skipped />
    </testcase>
            <testcase name="smoke_ValidateLoginTest" time="0.0" classname="testcases.E2Etestcasesuite.travelersquotes.Smoke_ValidateLoginTest">
          <skipped />
    </testcase>
            <testcase name="smoke_ValidateLoginTest" time="0.0" classname="testcases.E2Etestcasesuite.travelersquotes.Smoke_ValidateLoginTest">
          <skipped />
    </testcase>
            <testcase name="smoke_ValidateLoginTest" time="0.0" classname="testcases.E2Etestcasesuite.travelersquotes.Smoke_ValidateLoginTest">
          <skipped />
    </testcase>
            <testcase name="smoke_ValidateLoginTest" time="0.0" classname="testcases.E2Etestcasesuite.travelersquotes.Smoke_ValidateLoginTest">
          <skipped />
    </testcase>
            <testcase name="smoke_ValidateLoginTest" time="0.0" classname="testcases.E2Etestcasesuite.travelersquotes.Smoke_ValidateLoginTest">
          <skipped />
    </testcase>
            <testcase name="smoke_ValidateLoginTest" time="0.0" classname="testcases.E2Etestcasesuite.travelersquotes.Smoke_ValidateLoginTest">
          <skipped />
    </testcase>
            <testcase name="smoke_ValidateLoginTest" time="0.0" classname="testcases.E2Etestcasesuite.travelersquotes.Smoke_ValidateLoginTest">
          <skipped />
    </testcase>
            <testcase name="smoke_ValidateLoginTest" time="0.0" classname="testcases.E2Etestcasesuite.travelersquotes.Smoke_ValidateLoginTest">
          <skipped />
    </testcase>
            <testcase name="smoke_ValidateLoginTest" time="0.0" classname="testcases.E2Etestcasesuite.travelersquotes.Smoke_ValidateLoginTest">
          <skipped />
    </testcase>
            <testcase name="smoke_ValidateLoginTest" time="0.0" classname="testcases.E2Etestcasesuite.travelersquotes.Smoke_ValidateLoginTest">
          <skipped />
    </testcase>
            <testcase name="smoke_ValidateLoginTest" time="0.0" classname="testcases.E2Etestcasesuite.travelersquotes.Smoke_ValidateLoginTest">
          <skipped />
    </testcase>
            <testcase name="smoke_ValidateLoginTest" time="0.0" classname="testcases.E2Etestcasesuite.travelersquotes.Smoke_ValidateLoginTest">
          <skipped />
    </testcase>
            <testcase name="smoke_ValidateLoginTest" time="0.0" classname="testcases.E2Etestcasesuite.travelersquotes.Smoke_ValidateLoginTest">
          <skipped />
    </testcase>
            <testcase name="smoke_ValidateLoginTest" time="0.0" classname="testcases.E2Etestcasesuite.travelersquotes.Smoke_ValidateLoginTest">
          <skipped />
    </testcase>
            <testcase name="smoke_ValidateLoginTest" time="0.0" classname="testcases.E2Etestcasesuite.travelersquotes.Smoke_ValidateLoginTest">
          <skipped />
    </testcase>
            <testcase name="smoke_ValidateLoginTest" time="0.0" classname="testcases.E2Etestcasesuite.travelersquotes.Smoke_ValidateLoginTest">
          <skipped />
    </testcase>
            <testcase name="smoke_ValidateLoginTest" time="0.0" classname="testcases.E2Etestcasesuite.travelersquotes.Smoke_ValidateLoginTest">
          <skipped />
    </testcase>
            <testcase name="smoke_ValidateLoginTest" time="0.0" classname="testcases.E2Etestcasesuite.travelersquotes.Smoke_ValidateLoginTest">
          <skipped />
    </testcase>
            <testcase name="smoke_ValidateLoginTest" time="0.0" classname="testcases.E2Etestcasesuite.travelersquotes.Smoke_ValidateLoginTest">
          <skipped />
    </testcase>
            <testcase name="smoke_ValidateLoginTest" time="0.0" classname="testcases.E2Etestcasesuite.travelersquotes.Smoke_ValidateLoginTest">
          <skipped />
    </testcase>
            <testcase name="smoke_ValidateLoginTest" time="0.0" classname="testcases.E2Etestcasesuite.travelersquotes.Smoke_ValidateLoginTest">
          <skipped />
    </testcase>
            <testcase name="smoke_ValidateLoginTest" time="0.0" classname="testcases.E2Etestcasesuite.travelersquotes.Smoke_ValidateLoginTest">
          <skipped />
    </testcase>
            <testcase name="smoke_ValidateLoginTest" time="0.0" classname="testcases.E2Etestcasesuite.travelersquotes.Smoke_ValidateLoginTest">
          <skipped />
    </testcase>
            <testcase name="smoke_ValidateLoginTest" time="0.0" classname="testcases.E2Etestcasesuite.travelersquotes.Smoke_ValidateLoginTest">
          <skipped />
    </testcase>
            <testcase name="smoke_ValidateLoginTest" time="0.0" classname="testcases.E2Etestcasesuite.travelersquotes.Smoke_ValidateLoginTest">
          <skipped />
    </testcase>
            <testcase name="smoke_ValidateLoginTest" time="0.0" classname="testcases.E2Etestcasesuite.travelersquotes.Smoke_ValidateLoginTest">
          <skipped />
    </testcase>
            <testcase name="smoke_ValidateLoginTest" time="0.0" classname="testcases.E2Etestcasesuite.travelersquotes.Smoke_ValidateLoginTest">
          <skipped />
    </testcase>
            <testcase name="smoke_ValidateLoginTest" time="0.0" classname="testcases.E2Etestcasesuite.travelersquotes.Smoke_ValidateLoginTest">
          <skipped />
    </testcase>
            <testcase name="smoke_ValidateLoginTest" time="0.0" classname="testcases.E2Etestcasesuite.travelersquotes.Smoke_ValidateLoginTest">
          <skipped />
    </testcase>
            <testcase name="smoke_ValidateLoginTest" time="0.0" classname="testcases.E2Etestcasesuite.travelersquotes.Smoke_ValidateLoginTest">
          <skipped />
    </testcase>
            <testcase name="smoke_ValidateLoginTest" time="0.0" classname="testcases.E2Etestcasesuite.travelersquotes.Smoke_ValidateLoginTest">
          <skipped />
    </testcase>
            <testcase name="smoke_ValidateLoginTest" time="0.0" classname="testcases.E2Etestcasesuite.travelersquotes.Smoke_ValidateLoginTest">
          <skipped />
    </testcase>
            <testcase name="smoke_ValidateLoginTest" time="0.0" classname="testcases.E2Etestcasesuite.travelersquotes.Smoke_ValidateLoginTest">
          <skipped />
    </testcase>
            <testcase name="smoke_ValidateLoginTest" time="0.0" classname="testcases.E2Etestcasesuite.travelersquotes.Smoke_ValidateLoginTest">
          <skipped />
    </testcase>
            <testcase name="smoke_ValidateLoginTest" time="0.0" classname="testcases.E2Etestcasesuite.travelersquotes.Smoke_ValidateLoginTest">
          <skipped />
    </testcase>
  
  
</testsuite>
