<?xml version="1.0" encoding="UTF-8"?>
<!-- Generated by org.testng.reporters.JUnitReportReporter -->
<testsuite hostname="Rushans-Mac-mini.local" failures="0" tests="999" name="testcases.E2Etestcasesuite.travelersquotes.Smoke_ValidateLoginTest" time="24.094" errors="1" timestamp="2023-12-11T14:02:29 IST" skipped="998">
  <testcase classname="testcases.E2Etestcasesuite.travelersquotes.Smoke_ValidateLoginTest" name="smoke_ValidateLoginTest" time="0.000">
    <skipped/>
  </testcase> <!-- smoke_ValidateLoginTest -->
  <system-out/>
  <testcase classname="testcases.E2Etestcasesuite.travelersquotes.Smoke_ValidateLoginTest" name="smoke_ValidateLoginTest" time="0.000">
    <skipped/>
  </testcase> <!-- smoke_ValidateLoginTest -->
  <system-out/>
  <testcase classname="testcases.E2Etestcasesuite.travelersquotes.Smoke_ValidateLoginTest" name="smoke_ValidateLoginTest" time="0.001">
    <skipped/>
  </testcase> <!-- smoke_ValidateLoginTest -->
  <system-out/>
  <testcase classname="testcases.E2Etestcasesuite.travelersquotes.Smoke_ValidateLoginTest" name="smoke_ValidateLoginTest" time="0.000">
    <skipped/>
  </testcase> <!-- smoke_ValidateLoginTest -->
  <system-out/>
  <testcase classname="testcases.E2Etestcasesuite.travelersquotes.Smoke_ValidateLoginTest" name="smoke_ValidateLoginTest" time="0.001">
    <skipped/>
  </testcase> <!-- smoke_ValidateLoginTest -->
  <system-out/>
  <testcase classname="testcases.E2Etestcasesuite.travelersquotes.Smoke_ValidateLoginTest" name="smoke_ValidateLoginTest" time="0.000">
    <skipped/>
  </testcase> <!-- smoke_ValidateLoginTest -->
  <system-out/>
  <testcase classname="testcases.E2Etestcasesuite.travelersquotes.Smoke_ValidateLoginTest" name="smoke_ValidateLoginTest" time="0.001">
    <skipped/>
  </testcase> <!-- smoke_ValidateLoginTest -->
  <system-out/>
  <testcase classname="testcases.E2Etestcasesuite.travelersquotes.Smoke_ValidateLoginTest" name="smoke_ValidateLoginTest" time="0.000">
    <skipped/>
  </testcase> <!-- smoke_ValidateLoginTest -->
  <system-out/>
  <testcase classname="testcases.E2Etestcasesuite.travelersquotes.Smoke_ValidateLoginTest" name="smoke_ValidateLoginTest" time="0.000">
    <skipped/>
  </testcase> <!-- smoke_ValidateLoginTest -->
  <system-out/>
  <testcase classname="testcases.E2Etestcasesuite.travelersquotes.Smoke_ValidateLoginTest" name="smoke_ValidateLoginTest" time="0.000">
    <skipped/>
  </testcase> <!-- smoke_ValidateLoginTest -->
  <system-out/>
  <testcase classname="testcases.E2Etestcasesuite.travelersquotes.Smoke_ValidateLoginTest" name="smoke_ValidateLoginTest" time="0.001">
    <skipped/>
  </testcase> <!-- smoke_ValidateLoginTest -->
  <system-out/>
  <testcase classname="testcases.E2Etestcasesuite.travelersquotes.Smoke_ValidateLoginTest" name="smoke_ValidateLoginTest" time="0.000">
    <skipped/>
  </testcase> <!-- smoke_ValidateLoginTest -->
  <system-out/>
  <testcase classname="testcases.E2Etestcasesuite.travelersquotes.Smoke_ValidateLoginTest" name="smoke_ValidateLoginTest" time="0.000">
    <skipped/>
  </testcase> <!-- smoke_ValidateLoginTest -->
  <system-out/>
  <testcase classname="testcases.E2Etestcasesuite.travelersquotes.Smoke_ValidateLoginTest" name="smoke_ValidateLoginTest" time="0.000">
    <skipped/>
  </testcase> <!-- smoke_ValidateLoginTest -->
  <system-out/>
  <testcase classname="testcases.E2Etestcasesuite.travelersquotes.Smoke_ValidateLoginTest" name="smoke_ValidateLoginTest" time="0.000">
    <skipped/>
  </testcase> <!-- smoke_ValidateLoginTest -->
  <system-out/>
  <testcase classname="testcases.E2Etestcasesuite.travelersquotes.Smoke_ValidateLoginTest" name="smoke_ValidateLoginTest" time="0.000">
    <skipped/>
  </testcase> <!-- smoke_ValidateLoginTest -->
  <system-out/>
  <testcase classname="testcases.E2Etestcasesuite.travelersquotes.Smoke_ValidateLoginTest" name="smoke_ValidateLoginTest" time="0.000">
    <skipped/>
  </testcase> <!-- smoke_ValidateLoginTest -->
  <system-out/>
  <testcase classname="testcases.E2Etestcasesuite.travelersquotes.Smoke_ValidateLoginTest" name="smoke_ValidateLoginTest" time="0.000">
    <skipped/>
  </testcase> <!-- smoke_ValidateLoginTest -->
  <system-out/>
  <testcase classname="testcases.E2Etestcasesuite.travelersquotes.Smoke_ValidateLoginTest" name="smoke_ValidateLoginTest" time="0.000">
    <skipped/>
  </testcase> <!-- smoke_ValidateLoginTest -->
  <system-out/>
  <testcase classname="testcases.E2Etestcasesuite.travelersquotes.Smoke_ValidateLoginTest" name="smoke_ValidateLoginTest" time="0.000">
    <skipped/>
  </testcase> <!-- smoke_ValidateLoginTest -->
  <system-out/>
  <testcase classname="testcases.E2Etestcasesuite.travelersquotes.Smoke_ValidateLoginTest" name="smoke_ValidateLoginTest" time="0.000">
    <skipped/>
  </testcase> <!-- smoke_ValidateLoginTest -->
  <system-out/>
  <testcase classname="testcases.E2Etestcasesuite.travelersquotes.Smoke_ValidateLoginTest" name="smoke_ValidateLoginTest" time="0.000">
    <skipped/>
  </testcase> <!-- smoke_ValidateLoginTest -->
  <system-out/>
  <testcase classname="testcases.E2Etestcasesuite.travelersquotes.Smoke_ValidateLoginTest" name="smoke_ValidateLoginTest" time="0.000">
    <skipped/>
  </testcase> <!-- smoke_ValidateLoginTest -->
  <system-out/>
  <testcase classname="testcases.E2Etestcasesuite.travelersquotes.Smoke_ValidateLoginTest" name="smoke_ValidateLoginTest" time="0.001">
    <skipped/>
  </testcase> <!-- smoke_ValidateLoginTest -->
  <system-out/>
  <testcase classname="testcases.E2Etestcasesuite.travelersquotes.Smoke_ValidateLoginTest" name="smoke_ValidateLoginTest" time="0.000">
    <skipped/>
  </testcase> <!-- smoke_ValidateLoginTest -->
  <system-out/>
  <testcase classname="testcases.E2Etestcasesuite.travelersquotes.Smoke_ValidateLoginTest" name="smoke_ValidateLoginTest" time="0.001">
    <skipped/>
  </testcase> <!-- smoke_ValidateLoginTest -->
  <system-out/>
  <testcase classname="testcases.E2Etestcasesuite.travelersquotes.Smoke_ValidateLoginTest" name="smoke_ValidateLoginTest" time="0.001">
    <skipped/>
  </testcase> <!-- smoke_ValidateLoginTest -->
  <system-out/>
  <testcase classname="testcases.E2Etestcasesuite.travelersquotes.Smoke_ValidateLoginTest" name="smoke_ValidateLoginTest" time="0.000">
    <skipped/>
  </testcase> <!-- smoke_ValidateLoginTest -->
  <system-out/>
  <testcase classname="testcases.E2Etestcasesuite.travelersquotes.Smoke_ValidateLoginTest" name="smoke_ValidateLoginTest" time="0.001">
    <skipped/>
  </testcase> <!-- smoke_ValidateLoginTest -->
  <system-out/>
  <testcase classname="testcases.E2Etestcasesuite.travelersquotes.Smoke_ValidateLoginTest" name="smoke_ValidateLoginTest" time="0.000">
    <skipped/>
  </testcase> <!-- smoke_ValidateLoginTest -->
  <system-out/>
  <testcase classname="testcases.E2Etestcasesuite.travelersquotes.Smoke_ValidateLoginTest" name="smoke_ValidateLoginTest" time="0.000">
    <skipped/>
  </testcase> <!-- smoke_ValidateLoginTest -->
  <system-out/>
  <testcase classname="testcases.E2Etestcasesuite.travelersquotes.Smoke_ValidateLoginTest" name="smoke_ValidateLoginTest" time="0.000">
    <skipped/>
  </testcase> <!-- smoke_ValidateLoginTest -->
  <system-out/>
  <testcase classname="testcases.E2Etestcasesuite.travelersquotes.Smoke_ValidateLoginTest" name="smoke_ValidateLoginTest" time="0.001">
    <skipped/>
  </testcase> <!-- smoke_ValidateLoginTest -->
  <system-out/>
  <testcase classname="testcases.E2Etestcasesuite.travelersquotes.Smoke_ValidateLoginTest" name="smoke_ValidateLoginTest" time="0.000">
    <skipped/>
  </testcase> <!-- smoke_ValidateLoginTest -->
  <system-out/>
  <testcase classname="testcases.E2Etestcasesuite.travelersquotes.Smoke_ValidateLoginTest" name="smoke_ValidateLoginTest" time="0.001">
    <skipped/>
  </testcase> <!-- smoke_ValidateLoginTest -->
  <system-out/>
  <testcase classname="testcases.E2Etestcasesuite.travelersquotes.Smoke_ValidateLoginTest" name="smoke_ValidateLoginTest" time="0.000">
    <skipped/>
  </testcase> <!-- smoke_ValidateLoginTest -->
  <system-out/>
  <testcase classname="testcases.E2Etestcasesuite.travelersquotes.Smoke_ValidateLoginTest" name="smoke_ValidateLoginTest" time="0.000">
    <skipped/>
  </testcase> <!-- smoke_ValidateLoginTest -->
  <system-out/>
  <testcase classname="testcases.E2Etestcasesuite.travelersquotes.Smoke_ValidateLoginTest" name="smoke_ValidateLoginTest" time="0.001">
    <skipped/>
  </testcase> <!-- smoke_ValidateLoginTest -->
  <system-out/>
  <testcase classname="testcases.E2Etestcasesuite.travelersquotes.Smoke_ValidateLoginTest" name="smoke_ValidateLoginTest" time="0.001">
    <skipped/>
  </testcase> <!-- smoke_ValidateLoginTest -->
  <system-out/>
  <testcase classname="testcases.E2Etestcasesuite.travelersquotes.Smoke_ValidateLoginTest" name="smoke_ValidateLoginTest" time="0.000">
    <skipped/>
  </testcase> <!-- smoke_ValidateLoginTest -->
  <system-out/>
  <testcase classname="testcases.E2Etestcasesuite.travelersquotes.Smoke_ValidateLoginTest" name="smoke_ValidateLoginTest" time="0.001">
    <skipped/>
  </testcase> <!-- smoke_ValidateLoginTest -->
  <system-out/>
  <testcase classname="testcases.E2Etestcasesuite.travelersquotes.Smoke_ValidateLoginTest" name="smoke_ValidateLoginTest" time="0.000">
    <skipped/>
  </testcase> <!-- smoke_ValidateLoginTest -->
  <system-out/>
  <testcase classname="testcases.E2Etestcasesuite.travelersquotes.Smoke_ValidateLoginTest" name="smoke_ValidateLoginTest" time="0.000">
    <skipped/>
  </testcase> <!-- smoke_ValidateLoginTest -->
  <system-out/>
  <testcase classname="testcases.E2Etestcasesuite.travelersquotes.Smoke_ValidateLoginTest" name="smoke_ValidateLoginTest" time="0.000">
    <skipped/>
  </testcase> <!-- smoke_ValidateLoginTest -->
  <system-out/>
  <testcase classname="testcases.E2Etestcasesuite.travelersquotes.Smoke_ValidateLoginTest" name="smoke_ValidateLoginTest" time="0.001">
    <skipped/>
  </testcase> <!-- smoke_ValidateLoginTest -->
  <system-out/>
  <testcase classname="testcases.E2Etestcasesuite.travelersquotes.Smoke_ValidateLoginTest" name="smoke_ValidateLoginTest" time="0.001">
    <skipped/>
  </testcase> <!-- smoke_ValidateLoginTest -->
  <system-out/>
  <testcase classname="testcases.E2Etestcasesuite.travelersquotes.Smoke_ValidateLoginTest" name="smoke_ValidateLoginTest" time="0.001">
    <skipped/>
  </testcase> <!-- smoke_ValidateLoginTest -->
  <system-out/>
  <testcase classname="testcases.E2Etestcasesuite.travelersquotes.Smoke_ValidateLoginTest" name="smoke_ValidateLoginTest" time="0.001">
    <skipped/>
  </testcase> <!-- smoke_ValidateLoginTest -->
  <system-out/>
  <testcase classname="testcases.E2Etestcasesuite.travelersquotes.Smoke_ValidateLoginTest" name="smoke_ValidateLoginTest" time="0.000">
    <skipped/>
  </testcase> <!-- smoke_ValidateLoginTest -->
  <system-out/>
  <testcase classname="testcases.E2Etestcasesuite.travelersquotes.Smoke_ValidateLoginTest" name="smoke_ValidateLoginTest" time="0.000">
    <skipped/>
  </testcase> <!-- smoke_ValidateLoginTest -->
  <system-out/>
  <testcase classname="testcases.E2Etestcasesuite.travelersquotes.Smoke_ValidateLoginTest" name="smoke_ValidateLoginTest" time="0.001">
    <skipped/>
  </testcase> <!-- smoke_ValidateLoginTest -->
  <system-out/>
  <testcase classname="testcases.E2Etestcasesuite.travelersquotes.Smoke_ValidateLoginTest" name="smoke_ValidateLoginTest" time="0.000">
    <skipped/>
  </testcase> <!-- smoke_ValidateLoginTest -->
  <system-out/>
  <testcase classname="testcases.E2Etestcasesuite.travelersquotes.Smoke_ValidateLoginTest" name="smoke_ValidateLoginTest" time="0.001">
    <skipped/>
  </testcase> <!-- smoke_ValidateLoginTest -->
  <system-out/>
  <testcase classname="testcases.E2Etestcasesuite.travelersquotes.Smoke_ValidateLoginTest" name="smoke_ValidateLoginTest" time="0.000">
    <skipped/>
  </testcase> <!-- smoke_ValidateLoginTest -->
  <system-out/>
  <testcase classname="testcases.E2Etestcasesuite.travelersquotes.Smoke_ValidateLoginTest" name="smoke_ValidateLoginTest" time="0.001">
    <skipped/>
  </testcase> <!-- smoke_ValidateLoginTest -->
  <system-out/>
  <testcase classname="testcases.E2Etestcasesuite.travelersquotes.Smoke_ValidateLoginTest" name="smoke_ValidateLoginTest" time="0.000">
    <skipped/>
  </testcase> <!-- smoke_ValidateLoginTest -->
  <system-out/>
  <testcase classname="testcases.E2Etestcasesuite.travelersquotes.Smoke_ValidateLoginTest" name="smoke_ValidateLoginTest" time="0.000">
    <skipped/>
  </testcase> <!-- smoke_ValidateLoginTest -->
  <system-out/>
  <testcase classname="testcases.E2Etestcasesuite.travelersquotes.Smoke_ValidateLoginTest" name="smoke_ValidateLoginTest" time="0.001">
    <skipped/>
  </testcase> <!-- smoke_ValidateLoginTest -->
  <system-out/>
  <testcase classname="testcases.E2Etestcasesuite.travelersquotes.Smoke_ValidateLoginTest" name="smoke_ValidateLoginTest" time="0.000">
    <skipped/>
  </testcase> <!-- smoke_ValidateLoginTest -->
  <system-out/>
  <testcase classname="testcases.E2Etestcasesuite.travelersquotes.Smoke_ValidateLoginTest" name="smoke_ValidateLoginTest" time="0.000">
    <skipped/>
  </testcase> <!-- smoke_ValidateLoginTest -->
  <system-out/>
  <testcase classname="testcases.E2Etestcasesuite.travelersquotes.Smoke_ValidateLoginTest" name="smoke_ValidateLoginTest" time="0.001">
    <skipped/>
  </testcase> <!-- smoke_ValidateLoginTest -->
  <system-out/>
  <testcase classname="testcases.E2Etestcasesuite.travelersquotes.Smoke_ValidateLoginTest" name="smoke_ValidateLoginTest" time="0.000">
    <skipped/>
  </testcase> <!-- smoke_ValidateLoginTest -->
  <system-out/>
  <testcase classname="testcases.E2Etestcasesuite.travelersquotes.Smoke_ValidateLoginTest" name="smoke_ValidateLoginTest" time="0.001">
    <skipped/>
  </testcase> <!-- smoke_ValidateLoginTest -->
  <system-out/>
  <testcase classname="testcases.E2Etestcasesuite.travelersquotes.Smoke_ValidateLoginTest" name="smoke_ValidateLoginTest" time="0.000">
    <skipped/>
  </testcase> <!-- smoke_ValidateLoginTest -->
  <system-out/>
  <testcase classname="testcases.E2Etestcasesuite.travelersquotes.Smoke_ValidateLoginTest" name="smoke_ValidateLoginTest" time="0.000">
    <skipped/>
  </testcase> <!-- smoke_ValidateLoginTest -->
  <system-out/>
  <testcase classname="testcases.E2Etestcasesuite.travelersquotes.Smoke_ValidateLoginTest" name="smoke_ValidateLoginTest" time="0.000">
    <skipped/>
  </testcase> <!-- smoke_ValidateLoginTest -->
  <system-out/>
  <testcase classname="testcases.E2Etestcasesuite.travelersquotes.Smoke_ValidateLoginTest" name="smoke_ValidateLoginTest" time="0.000">
    <skipped/>
  </testcase> <!-- smoke_ValidateLoginTest -->
  <system-out/>
  <testcase classname="testcases.E2Etestcasesuite.travelersquotes.Smoke_ValidateLoginTest" name="smoke_ValidateLoginTest" time="0.000">
    <skipped/>
  </testcase> <!-- smoke_ValidateLoginTest -->
  <system-out/>
  <testcase classname="testcases.E2Etestcasesuite.travelersquotes.Smoke_ValidateLoginTest" name="smoke_ValidateLoginTest" time="0.000">
    <skipped/>
  </testcase> <!-- smoke_ValidateLoginTest -->
  <system-out/>
  <testcase classname="testcases.E2Etestcasesuite.travelersquotes.Smoke_ValidateLoginTest" name="smoke_ValidateLoginTest" time="0.000">
    <skipped/>
  </testcase> <!-- smoke_ValidateLoginTest -->
  <system-out/>
  <testcase classname="testcases.E2Etestcasesuite.travelersquotes.Smoke_ValidateLoginTest" name="smoke_ValidateLoginTest" time="0.000">
    <skipped/>
  </testcase> <!-- smoke_ValidateLoginTest -->
  <system-out/>
  <testcase classname="testcases.E2Etestcasesuite.travelersquotes.Smoke_ValidateLoginTest" name="smoke_ValidateLoginTest" time="0.000">
    <skipped/>
  </testcase> <!-- smoke_ValidateLoginTest -->
  <system-out/>
  <testcase classname="testcases.E2Etestcasesuite.travelersquotes.Smoke_ValidateLoginTest" name="smoke_ValidateLoginTest" time="0.000">
    <skipped/>
  </testcase> <!-- smoke_ValidateLoginTest -->
  <system-out/>
  <testcase classname="testcases.E2Etestcasesuite.travelersquotes.Smoke_ValidateLoginTest" name="smoke_ValidateLoginTest" time="0.000">
    <skipped/>
  </testcase> <!-- smoke_ValidateLoginTest -->
  <system-out/>
  <testcase classname="testcases.E2Etestcasesuite.travelersquotes.Smoke_ValidateLoginTest" name="smoke_ValidateLoginTest" time="0.000">
    <skipped/>
  </testcase> <!-- smoke_ValidateLoginTest -->
  <system-out/>
  <testcase classname="testcases.E2Etestcasesuite.travelersquotes.Smoke_ValidateLoginTest" name="smoke_ValidateLoginTest" time="0.000">
    <skipped/>
  </testcase> <!-- smoke_ValidateLoginTest -->
  <system-out/>
  <testcase classname="testcases.E2Etestcasesuite.travelersquotes.Smoke_ValidateLoginTest" name="smoke_ValidateLoginTest" time="0.001">
    <skipped/>
  </testcase> <!-- smoke_ValidateLoginTest -->
  <system-out/>
  <testcase classname="testcases.E2Etestcasesuite.travelersquotes.Smoke_ValidateLoginTest" name="smoke_ValidateLoginTest" time="0.000">
    <skipped/>
  </testcase> <!-- smoke_ValidateLoginTest -->
  <system-out/>
  <testcase classname="testcases.E2Etestcasesuite.travelersquotes.Smoke_ValidateLoginTest" name="smoke_ValidateLoginTest" time="0.000">
    <skipped/>
  </testcase> <!-- smoke_ValidateLoginTest -->
  <system-out/>
  <testcase classname="testcases.E2Etestcasesuite.travelersquotes.Smoke_ValidateLoginTest" name="smoke_ValidateLoginTest" time="0.000">
    <skipped/>
  </testcase> <!-- smoke_ValidateLoginTest -->
  <system-out/>
  <testcase classname="testcases.E2Etestcasesuite.travelersquotes.Smoke_ValidateLoginTest" name="smoke_ValidateLoginTest" time="0.001">
    <skipped/>
  </testcase> <!-- smoke_ValidateLoginTest -->
  <system-out/>
  <testcase classname="testcases.E2Etestcasesuite.travelersquotes.Smoke_ValidateLoginTest" name="smoke_ValidateLoginTest" time="0.000">
    <skipped/>
  </testcase> <!-- smoke_ValidateLoginTest -->
  <system-out/>
  <testcase classname="testcases.E2Etestcasesuite.travelersquotes.Smoke_ValidateLoginTest" name="smoke_ValidateLoginTest" time="0.000">
    <skipped/>
  </testcase> <!-- smoke_ValidateLoginTest -->
  <system-out/>
  <testcase classname="testcases.E2Etestcasesuite.travelersquotes.Smoke_ValidateLoginTest" name="smoke_ValidateLoginTest" time="0.000">
    <skipped/>
  </testcase> <!-- smoke_ValidateLoginTest -->
  <system-out/>
  <testcase classname="testcases.E2Etestcasesuite.travelersquotes.Smoke_ValidateLoginTest" name="smoke_ValidateLoginTest" time="0.000">
    <skipped/>
  </testcase> <!-- smoke_ValidateLoginTest -->
  <system-out/>
  <testcase classname="testcases.E2Etestcasesuite.travelersquotes.Smoke_ValidateLoginTest" name="smoke_ValidateLoginTest" time="0.000">
    <skipped/>
  </testcase> <!-- smoke_ValidateLoginTest -->
  <system-out/>
  <testcase classname="testcases.E2Etestcasesuite.travelersquotes.Smoke_ValidateLoginTest" name="smoke_ValidateLoginTest" time="0.000">
    <skipped/>
  </testcase> <!-- smoke_ValidateLoginTest -->
  <system-out/>
  <testcase classname="testcases.E2Etestcasesuite.travelersquotes.Smoke_ValidateLoginTest" name="smoke_ValidateLoginTest" time="0.000">
    <skipped/>
  </testcase> <!-- smoke_ValidateLoginTest -->
  <system-out/>
  <testcase classname="testcases.E2Etestcasesuite.travelersquotes.Smoke_ValidateLoginTest" name="smoke_ValidateLoginTest" time="0.001">
    <skipped/>
  </testcase> <!-- smoke_ValidateLoginTest -->
  <system-out/>
  <testcase classname="testcases.E2Etestcasesuite.travelersquotes.Smoke_ValidateLoginTest" name="smoke_ValidateLoginTest" time="0.001">
    <skipped/>
  </testcase> <!-- smoke_ValidateLoginTest -->
  <system-out/>
  <testcase classname="testcases.E2Etestcasesuite.travelersquotes.Smoke_ValidateLoginTest" name="smoke_ValidateLoginTest" time="0.000">
    <skipped/>
  </testcase> <!-- smoke_ValidateLoginTest -->
  <system-out/>
  <testcase classname="testcases.E2Etestcasesuite.travelersquotes.Smoke_ValidateLoginTest" name="smoke_ValidateLoginTest" time="0.000">
    <skipped/>
  </testcase> <!-- smoke_ValidateLoginTest -->
  <system-out/>
  <testcase classname="testcases.E2Etestcasesuite.travelersquotes.Smoke_ValidateLoginTest" name="smoke_ValidateLoginTest" time="0.000">
    <skipped/>
  </testcase> <!-- smoke_ValidateLoginTest -->
  <system-out/>
  <testcase classname="testcases.E2Etestcasesuite.travelersquotes.Smoke_ValidateLoginTest" name="smoke_ValidateLoginTest" time="0.000">
    <skipped/>
  </testcase> <!-- smoke_ValidateLoginTest -->
  <system-out/>
  <testcase classname="testcases.E2Etestcasesuite.travelersquotes.Smoke_ValidateLoginTest" name="smoke_ValidateLoginTest" time="0.000">
    <skipped/>
  </testcase> <!-- smoke_ValidateLoginTest -->
  <system-out/>
  <testcase classname="testcases.E2Etestcasesuite.travelersquotes.Smoke_ValidateLoginTest" name="smoke_ValidateLoginTest" time="0.001">
    <skipped/>
  </testcase> <!-- smoke_ValidateLoginTest -->
  <system-out/>
  <testcase classname="testcases.E2Etestcasesuite.travelersquotes.Smoke_ValidateLoginTest" name="smoke_ValidateLoginTest" time="0.000">
    <skipped/>
  </testcase> <!-- smoke_ValidateLoginTest -->
  <system-out/>
  <testcase classname="testcases.E2Etestcasesuite.travelersquotes.Smoke_ValidateLoginTest" name="smoke_ValidateLoginTest" time="0.000">
    <skipped/>
  </testcase> <!-- smoke_ValidateLoginTest -->
  <system-out/>
  <testcase classname="testcases.E2Etestcasesuite.travelersquotes.Smoke_ValidateLoginTest" name="smoke_ValidateLoginTest" time="0.000">
    <skipped/>
  </testcase> <!-- smoke_ValidateLoginTest -->
  <system-out/>
  <testcase classname="testcases.E2Etestcasesuite.travelersquotes.Smoke_ValidateLoginTest" name="smoke_ValidateLoginTest" time="0.000">
    <skipped/>
  </testcase> <!-- smoke_ValidateLoginTest -->
  <system-out/>
  <testcase classname="testcases.E2Etestcasesuite.travelersquotes.Smoke_ValidateLoginTest" name="smoke_ValidateLoginTest" time="0.000">
    <skipped/>
  </testcase> <!-- smoke_ValidateLoginTest -->
  <system-out/>
  <testcase classname="testcases.E2Etestcasesuite.travelersquotes.Smoke_ValidateLoginTest" name="smoke_ValidateLoginTest" time="0.000">
    <skipped/>
  </testcase> <!-- smoke_ValidateLoginTest -->
  <system-out/>
  <testcase classname="testcases.E2Etestcasesuite.travelersquotes.Smoke_ValidateLoginTest" name="smoke_ValidateLoginTest" time="0.000">
    <skipped/>
  </testcase> <!-- smoke_ValidateLoginTest -->
  <system-out/>
  <testcase classname="testcases.E2Etestcasesuite.travelersquotes.Smoke_ValidateLoginTest" name="smoke_ValidateLoginTest" time="0.001">
    <skipped/>
  </testcase> <!-- smoke_ValidateLoginTest -->
  <system-out/>
  <testcase classname="testcases.E2Etestcasesuite.travelersquotes.Smoke_ValidateLoginTest" name="smoke_ValidateLoginTest" time="0.000">
    <skipped/>
  </testcase> <!-- smoke_ValidateLoginTest -->
  <system-out/>
  <testcase classname="testcases.E2Etestcasesuite.travelersquotes.Smoke_ValidateLoginTest" name="smoke_ValidateLoginTest" time="0.000">
    <skipped/>
  </testcase> <!-- smoke_ValidateLoginTest -->
  <system-out/>
  <testcase classname="testcases.E2Etestcasesuite.travelersquotes.Smoke_ValidateLoginTest" name="smoke_ValidateLoginTest" time="0.001">
    <skipped/>
  </testcase> <!-- smoke_ValidateLoginTest -->
  <system-out/>
  <testcase classname="testcases.E2Etestcasesuite.travelersquotes.Smoke_ValidateLoginTest" name="smoke_ValidateLoginTest" time="0.001">
    <skipped/>
  </testcase> <!-- smoke_ValidateLoginTest -->
  <system-out/>
  <testcase classname="testcases.E2Etestcasesuite.travelersquotes.Smoke_ValidateLoginTest" name="smoke_ValidateLoginTest" time="0.001">
    <skipped/>
  </testcase> <!-- smoke_ValidateLoginTest -->
  <system-out/>
  <testcase classname="testcases.E2Etestcasesuite.travelersquotes.Smoke_ValidateLoginTest" name="smoke_ValidateLoginTest" time="0.000">
    <skipped/>
  </testcase> <!-- smoke_ValidateLoginTest -->
  <system-out/>
  <testcase classname="testcases.E2Etestcasesuite.travelersquotes.Smoke_ValidateLoginTest" name="smoke_ValidateLoginTest" time="0.000">
    <skipped/>
  </testcase> <!-- smoke_ValidateLoginTest -->
  <system-out/>
  <testcase classname="testcases.E2Etestcasesuite.travelersquotes.Smoke_ValidateLoginTest" name="smoke_ValidateLoginTest" time="0.000">
    <skipped/>
  </testcase> <!-- smoke_ValidateLoginTest -->
  <system-out/>
  <testcase classname="testcases.E2Etestcasesuite.travelersquotes.Smoke_ValidateLoginTest" name="smoke_ValidateLoginTest" time="0.000">
    <skipped/>
  </testcase> <!-- smoke_ValidateLoginTest -->
  <system-out/>
  <testcase classname="testcases.E2Etestcasesuite.travelersquotes.Smoke_ValidateLoginTest" name="smoke_ValidateLoginTest" time="0.000">
    <skipped/>
  </testcase> <!-- smoke_ValidateLoginTest -->
  <system-out/>
  <testcase classname="testcases.E2Etestcasesuite.travelersquotes.Smoke_ValidateLoginTest" name="smoke_ValidateLoginTest" time="0.000">
    <skipped/>
  </testcase> <!-- smoke_ValidateLoginTest -->
  <system-out/>
  <testcase classname="testcases.E2Etestcasesuite.travelersquotes.Smoke_ValidateLoginTest" name="smoke_ValidateLoginTest" time="0.001">
    <skipped/>
  </testcase> <!-- smoke_ValidateLoginTest -->
  <system-out/>
  <testcase classname="testcases.E2Etestcasesuite.travelersquotes.Smoke_ValidateLoginTest" name="smoke_ValidateLoginTest" time="0.001">
    <skipped/>
  </testcase> <!-- smoke_ValidateLoginTest -->
  <system-out/>
  <testcase classname="testcases.E2Etestcasesuite.travelersquotes.Smoke_ValidateLoginTest" name="smoke_ValidateLoginTest" time="0.000">
    <skipped/>
  </testcase> <!-- smoke_ValidateLoginTest -->
  <system-out/>
  <testcase classname="testcases.E2Etestcasesuite.travelersquotes.Smoke_ValidateLoginTest" name="smoke_ValidateLoginTest" time="0.001">
    <skipped/>
  </testcase> <!-- smoke_ValidateLoginTest -->
  <system-out/>
  <testcase classname="testcases.E2Etestcasesuite.travelersquotes.Smoke_ValidateLoginTest" name="smoke_ValidateLoginTest" time="0.000">
    <skipped/>
  </testcase> <!-- smoke_ValidateLoginTest -->
  <system-out/>
  <testcase classname="testcases.E2Etestcasesuite.travelersquotes.Smoke_ValidateLoginTest" name="smoke_ValidateLoginTest" time="0.001">
    <skipped/>
  </testcase> <!-- smoke_ValidateLoginTest -->
  <system-out/>
  <testcase classname="testcases.E2Etestcasesuite.travelersquotes.Smoke_ValidateLoginTest" name="smoke_ValidateLoginTest" time="0.001">
    <skipped/>
  </testcase> <!-- smoke_ValidateLoginTest -->
  <system-out/>
  <testcase classname="testcases.E2Etestcasesuite.travelersquotes.Smoke_ValidateLoginTest" name="smoke_ValidateLoginTest" time="0.000">
    <skipped/>
  </testcase> <!-- smoke_ValidateLoginTest -->
  <system-out/>
  <testcase classname="testcases.E2Etestcasesuite.travelersquotes.Smoke_ValidateLoginTest" name="smoke_ValidateLoginTest" time="0.000">
    <skipped/>
  </testcase> <!-- smoke_ValidateLoginTest -->
  <system-out/>
  <testcase classname="testcases.E2Etestcasesuite.travelersquotes.Smoke_ValidateLoginTest" name="smoke_ValidateLoginTest" time="0.000">
    <skipped/>
  </testcase> <!-- smoke_ValidateLoginTest -->
  <system-out/>
  <testcase classname="testcases.E2Etestcasesuite.travelersquotes.Smoke_ValidateLoginTest" name="smoke_ValidateLoginTest" time="0.000">
    <skipped/>
  </testcase> <!-- smoke_ValidateLoginTest -->
  <system-out/>
  <testcase classname="testcases.E2Etestcasesuite.travelersquotes.Smoke_ValidateLoginTest" name="smoke_ValidateLoginTest" time="0.001">
    <skipped/>
  </testcase> <!-- smoke_ValidateLoginTest -->
  <system-out/>
  <testcase classname="testcases.E2Etestcasesuite.travelersquotes.Smoke_ValidateLoginTest" name="smoke_ValidateLoginTest" time="0.001">
    <skipped/>
  </testcase> <!-- smoke_ValidateLoginTest -->
  <system-out/>
  <testcase classname="testcases.E2Etestcasesuite.travelersquotes.Smoke_ValidateLoginTest" name="smoke_ValidateLoginTest" time="0.001">
    <skipped/>
  </testcase> <!-- smoke_ValidateLoginTest -->
  <system-out/>
  <testcase classname="testcases.E2Etestcasesuite.travelersquotes.Smoke_ValidateLoginTest" name="smoke_ValidateLoginTest" time="0.000">
    <skipped/>
  </testcase> <!-- smoke_ValidateLoginTest -->
  <system-out/>
  <testcase classname="testcases.E2Etestcasesuite.travelersquotes.Smoke_ValidateLoginTest" name="smoke_ValidateLoginTest" time="0.000">
    <skipped/>
  </testcase> <!-- smoke_ValidateLoginTest -->
  <system-out/>
  <testcase classname="testcases.E2Etestcasesuite.travelersquotes.Smoke_ValidateLoginTest" name="smoke_ValidateLoginTest" time="0.000">
    <skipped/>
  </testcase> <!-- smoke_ValidateLoginTest -->
  <system-out/>
  <testcase classname="testcases.E2Etestcasesuite.travelersquotes.Smoke_ValidateLoginTest" name="smoke_ValidateLoginTest" time="0.000">
    <skipped/>
  </testcase> <!-- smoke_ValidateLoginTest -->
  <system-out/>
  <testcase classname="testcases.E2Etestcasesuite.travelersquotes.Smoke_ValidateLoginTest" name="smoke_ValidateLoginTest" time="0.000">
    <skipped/>
  </testcase> <!-- smoke_ValidateLoginTest -->
  <system-out/>
  <testcase classname="testcases.E2Etestcasesuite.travelersquotes.Smoke_ValidateLoginTest" name="smoke_ValidateLoginTest" time="0.000">
    <skipped/>
  </testcase> <!-- smoke_ValidateLoginTest -->
  <system-out/>
  <testcase classname="testcases.E2Etestcasesuite.travelersquotes.Smoke_ValidateLoginTest" name="smoke_ValidateLoginTest" time="0.000">
    <skipped/>
  </testcase> <!-- smoke_ValidateLoginTest -->
  <system-out/>
  <testcase classname="testcases.E2Etestcasesuite.travelersquotes.Smoke_ValidateLoginTest" name="smoke_ValidateLoginTest" time="0.000">
    <skipped/>
  </testcase> <!-- smoke_ValidateLoginTest -->
  <system-out/>
  <testcase classname="testcases.E2Etestcasesuite.travelersquotes.Smoke_ValidateLoginTest" name="smoke_ValidateLoginTest" time="0.000">
    <skipped/>
  </testcase> <!-- smoke_ValidateLoginTest -->
  <system-out/>
  <testcase classname="testcases.E2Etestcasesuite.travelersquotes.Smoke_ValidateLoginTest" name="smoke_ValidateLoginTest" time="0.000">
    <skipped/>
  </testcase> <!-- smoke_ValidateLoginTest -->
  <system-out/>
  <testcase classname="testcases.E2Etestcasesuite.travelersquotes.Smoke_ValidateLoginTest" name="smoke_ValidateLoginTest" time="0.000">
    <skipped/>
  </testcase> <!-- smoke_ValidateLoginTest -->
  <system-out/>
  <testcase classname="testcases.E2Etestcasesuite.travelersquotes.Smoke_ValidateLoginTest" name="smoke_ValidateLoginTest" time="0.000">
    <skipped/>
  </testcase> <!-- smoke_ValidateLoginTest -->
  <system-out/>
  <testcase classname="testcases.E2Etestcasesuite.travelersquotes.Smoke_ValidateLoginTest" name="smoke_ValidateLoginTest" time="0.000">
    <skipped/>
  </testcase> <!-- smoke_ValidateLoginTest -->
  <system-out/>
  <testcase classname="testcases.E2Etestcasesuite.travelersquotes.Smoke_ValidateLoginTest" name="smoke_ValidateLoginTest" time="0.000">
    <skipped/>
  </testcase> <!-- smoke_ValidateLoginTest -->
  <system-out/>
  <testcase classname="testcases.E2Etestcasesuite.travelersquotes.Smoke_ValidateLoginTest" name="smoke_ValidateLoginTest" time="0.000">
    <skipped/>
  </testcase> <!-- smoke_ValidateLoginTest -->
  <system-out/>
  <testcase classname="testcases.E2Etestcasesuite.travelersquotes.Smoke_ValidateLoginTest" name="smoke_ValidateLoginTest" time="0.000">
    <skipped/>
  </testcase> <!-- smoke_ValidateLoginTest -->
  <system-out/>
  <testcase classname="testcases.E2Etestcasesuite.travelersquotes.Smoke_ValidateLoginTest" name="smoke_ValidateLoginTest" time="0.000">
    <skipped/>
  </testcase> <!-- smoke_ValidateLoginTest -->
  <system-out/>
  <testcase classname="testcases.E2Etestcasesuite.travelersquotes.Smoke_ValidateLoginTest" name="smoke_ValidateLoginTest" time="0.001">
    <skipped/>
  </testcase> <!-- smoke_ValidateLoginTest -->
  <system-out/>
  <testcase classname="testcases.E2Etestcasesuite.travelersquotes.Smoke_ValidateLoginTest" name="smoke_ValidateLoginTest" time="0.000">
    <skipped/>
  </testcase> <!-- smoke_ValidateLoginTest -->
  <system-out/>
  <testcase classname="testcases.E2Etestcasesuite.travelersquotes.Smoke_ValidateLoginTest" name="smoke_ValidateLoginTest" time="0.000">
    <skipped/>
  </testcase> <!-- smoke_ValidateLoginTest -->
  <system-out/>
  <testcase classname="testcases.E2Etestcasesuite.travelersquotes.Smoke_ValidateLoginTest" name="smoke_ValidateLoginTest" time="0.001">
    <skipped/>
  </testcase> <!-- smoke_ValidateLoginTest -->
  <system-out/>
  <testcase classname="testcases.E2Etestcasesuite.travelersquotes.Smoke_ValidateLoginTest" name="smoke_ValidateLoginTest" time="0.000">
    <skipped/>
  </testcase> <!-- smoke_ValidateLoginTest -->
  <system-out/>
  <testcase classname="testcases.E2Etestcasesuite.travelersquotes.Smoke_ValidateLoginTest" name="smoke_ValidateLoginTest" time="0.001">
    <skipped/>
  </testcase> <!-- smoke_ValidateLoginTest -->
  <system-out/>
  <testcase classname="testcases.E2Etestcasesuite.travelersquotes.Smoke_ValidateLoginTest" name="smoke_ValidateLoginTest" time="0.000">
    <skipped/>
  </testcase> <!-- smoke_ValidateLoginTest -->
  <system-out/>
  <testcase classname="testcases.E2Etestcasesuite.travelersquotes.Smoke_ValidateLoginTest" name="smoke_ValidateLoginTest" time="0.000">
    <skipped/>
  </testcase> <!-- smoke_ValidateLoginTest -->
  <system-out/>
  <testcase classname="testcases.E2Etestcasesuite.travelersquotes.Smoke_ValidateLoginTest" name="smoke_ValidateLoginTest" time="0.001">
    <skipped/>
  </testcase> <!-- smoke_ValidateLoginTest -->
  <system-out/>
  <testcase classname="testcases.E2Etestcasesuite.travelersquotes.Smoke_ValidateLoginTest" name="smoke_ValidateLoginTest" time="0.000">
    <skipped/>
  </testcase> <!-- smoke_ValidateLoginTest -->
  <system-out/>
  <testcase classname="testcases.E2Etestcasesuite.travelersquotes.Smoke_ValidateLoginTest" name="smoke_ValidateLoginTest" time="0.000">
    <skipped/>
  </testcase> <!-- smoke_ValidateLoginTest -->
  <system-out/>
  <testcase classname="testcases.E2Etestcasesuite.travelersquotes.Smoke_ValidateLoginTest" name="smoke_ValidateLoginTest" time="0.000">
    <skipped/>
  </testcase> <!-- smoke_ValidateLoginTest -->
  <system-out/>
  <testcase classname="testcases.E2Etestcasesuite.travelersquotes.Smoke_ValidateLoginTest" name="smoke_ValidateLoginTest" time="0.000">
    <skipped/>
  </testcase> <!-- smoke_ValidateLoginTest -->
  <system-out/>
  <testcase classname="testcases.E2Etestcasesuite.travelersquotes.Smoke_ValidateLoginTest" name="smoke_ValidateLoginTest" time="0.001">
    <skipped/>
  </testcase> <!-- smoke_ValidateLoginTest -->
  <system-out/>
  <testcase classname="testcases.E2Etestcasesuite.travelersquotes.Smoke_ValidateLoginTest" name="smoke_ValidateLoginTest" time="0.000">
    <skipped/>
  </testcase> <!-- smoke_ValidateLoginTest -->
  <system-out/>
  <testcase classname="testcases.E2Etestcasesuite.travelersquotes.Smoke_ValidateLoginTest" name="smoke_ValidateLoginTest" time="0.000">
    <skipped/>
  </testcase> <!-- smoke_ValidateLoginTest -->
  <system-out/>
  <testcase classname="testcases.E2Etestcasesuite.travelersquotes.Smoke_ValidateLoginTest" name="smoke_ValidateLoginTest" time="0.001">
    <skipped/>
  </testcase> <!-- smoke_ValidateLoginTest -->
  <system-out/>
  <testcase classname="testcases.E2Etestcasesuite.travelersquotes.Smoke_ValidateLoginTest" name="smoke_ValidateLoginTest" time="0.000">
    <skipped/>
  </testcase> <!-- smoke_ValidateLoginTest -->
  <system-out/>
  <testcase classname="testcases.E2Etestcasesuite.travelersquotes.Smoke_ValidateLoginTest" name="smoke_ValidateLoginTest" time="0.001">
    <skipped/>
  </testcase> <!-- smoke_ValidateLoginTest -->
  <system-out/>
  <testcase classname="testcases.E2Etestcasesuite.travelersquotes.Smoke_ValidateLoginTest" name="smoke_ValidateLoginTest" time="0.000">
    <skipped/>
  </testcase> <!-- smoke_ValidateLoginTest -->
  <system-out/>
  <testcase classname="testcases.E2Etestcasesuite.travelersquotes.Smoke_ValidateLoginTest" name="smoke_ValidateLoginTest" time="0.000">
    <skipped/>
  </testcase> <!-- smoke_ValidateLoginTest -->
  <system-out/>
  <testcase classname="testcases.E2Etestcasesuite.travelersquotes.Smoke_ValidateLoginTest" name="smoke_ValidateLoginTest" time="0.000">
    <skipped/>
  </testcase> <!-- smoke_ValidateLoginTest -->
  <system-out/>
  <testcase classname="testcases.E2Etestcasesuite.travelersquotes.Smoke_ValidateLoginTest" name="smoke_ValidateLoginTest" time="0.000">
    <skipped/>
  </testcase> <!-- smoke_ValidateLoginTest -->
  <system-out/>
  <testcase classname="testcases.E2Etestcasesuite.travelersquotes.Smoke_ValidateLoginTest" name="smoke_ValidateLoginTest" time="0.000">
    <skipped/>
  </testcase> <!-- smoke_ValidateLoginTest -->
  <system-out/>
  <testcase classname="testcases.E2Etestcasesuite.travelersquotes.Smoke_ValidateLoginTest" name="smoke_ValidateLoginTest" time="0.000">
    <skipped/>
  </testcase> <!-- smoke_ValidateLoginTest -->
  <system-out/>
  <testcase classname="testcases.E2Etestcasesuite.travelersquotes.Smoke_ValidateLoginTest" name="smoke_ValidateLoginTest" time="0.000">
    <skipped/>
  </testcase> <!-- smoke_ValidateLoginTest -->
  <system-out/>
  <testcase classname="testcases.E2Etestcasesuite.travelersquotes.Smoke_ValidateLoginTest" name="smoke_ValidateLoginTest" time="0.001">
    <skipped/>
  </testcase> <!-- smoke_ValidateLoginTest -->
  <system-out/>
  <testcase classname="testcases.E2Etestcasesuite.travelersquotes.Smoke_ValidateLoginTest" name="smoke_ValidateLoginTest" time="0.000">
    <skipped/>
  </testcase> <!-- smoke_ValidateLoginTest -->
  <system-out/>
  <testcase classname="testcases.E2Etestcasesuite.travelersquotes.Smoke_ValidateLoginTest" name="smoke_ValidateLoginTest" time="0.000">
    <skipped/>
  </testcase> <!-- smoke_ValidateLoginTest -->
  <system-out/>
  <testcase classname="testcases.E2Etestcasesuite.travelersquotes.Smoke_ValidateLoginTest" name="smoke_ValidateLoginTest" time="0.000">
    <skipped/>
  </testcase> <!-- smoke_ValidateLoginTest -->
  <system-out/>
  <testcase classname="testcases.E2Etestcasesuite.travelersquotes.Smoke_ValidateLoginTest" name="smoke_ValidateLoginTest" time="0.000">
    <skipped/>
  </testcase> <!-- smoke_ValidateLoginTest -->
  <system-out/>
  <testcase classname="testcases.E2Etestcasesuite.travelersquotes.Smoke_ValidateLoginTest" name="smoke_ValidateLoginTest" time="0.000">
    <skipped/>
  </testcase> <!-- smoke_ValidateLoginTest -->
  <system-out/>
  <testcase classname="testcases.E2Etestcasesuite.travelersquotes.Smoke_ValidateLoginTest" name="smoke_ValidateLoginTest" time="0.000">
    <skipped/>
  </testcase> <!-- smoke_ValidateLoginTest -->
  <system-out/>
  <testcase classname="testcases.E2Etestcasesuite.travelersquotes.Smoke_ValidateLoginTest" name="smoke_ValidateLoginTest" time="0.000">
    <skipped/>
  </testcase> <!-- smoke_ValidateLoginTest -->
  <system-out/>
  <testcase classname="testcases.E2Etestcasesuite.travelersquotes.Smoke_ValidateLoginTest" name="smoke_ValidateLoginTest" time="0.001">
    <skipped/>
  </testcase> <!-- smoke_ValidateLoginTest -->
  <system-out/>
  <testcase classname="testcases.E2Etestcasesuite.travelersquotes.Smoke_ValidateLoginTest" name="smoke_ValidateLoginTest" time="0.000">
    <skipped/>
  </testcase> <!-- smoke_ValidateLoginTest -->
  <system-out/>
  <testcase classname="testcases.E2Etestcasesuite.travelersquotes.Smoke_ValidateLoginTest" name="smoke_ValidateLoginTest" time="0.001">
    <skipped/>
  </testcase> <!-- smoke_ValidateLoginTest -->
  <system-out/>
  <testcase classname="testcases.E2Etestcasesuite.travelersquotes.Smoke_ValidateLoginTest" name="smoke_ValidateLoginTest" time="0.000">
    <skipped/>
  </testcase> <!-- smoke_ValidateLoginTest -->
  <system-out/>
  <testcase classname="testcases.E2Etestcasesuite.travelersquotes.Smoke_ValidateLoginTest" name="smoke_ValidateLoginTest" time="0.001">
    <skipped/>
  </testcase> <!-- smoke_ValidateLoginTest -->
  <system-out/>
  <testcase classname="testcases.E2Etestcasesuite.travelersquotes.Smoke_ValidateLoginTest" name="smoke_ValidateLoginTest" time="0.001">
    <skipped/>
  </testcase> <!-- smoke_ValidateLoginTest -->
  <system-out/>
  <testcase classname="testcases.E2Etestcasesuite.travelersquotes.Smoke_ValidateLoginTest" name="smoke_ValidateLoginTest" time="0.001">
    <skipped/>
  </testcase> <!-- smoke_ValidateLoginTest -->
  <system-out/>
  <testcase classname="testcases.E2Etestcasesuite.travelersquotes.Smoke_ValidateLoginTest" name="smoke_ValidateLoginTest" time="0.001">
    <skipped/>
  </testcase> <!-- smoke_ValidateLoginTest -->
  <system-out/>
  <testcase classname="testcases.E2Etestcasesuite.travelersquotes.Smoke_ValidateLoginTest" name="smoke_ValidateLoginTest" time="0.000">
    <skipped/>
  </testcase> <!-- smoke_ValidateLoginTest -->
  <system-out/>
  <testcase classname="testcases.E2Etestcasesuite.travelersquotes.Smoke_ValidateLoginTest" name="smoke_ValidateLoginTest" time="0.001">
    <skipped/>
  </testcase> <!-- smoke_ValidateLoginTest -->
  <system-out/>
  <testcase classname="testcases.E2Etestcasesuite.travelersquotes.Smoke_ValidateLoginTest" name="smoke_ValidateLoginTest" time="0.001">
    <skipped/>
  </testcase> <!-- smoke_ValidateLoginTest -->
  <system-out/>
  <testcase classname="testcases.E2Etestcasesuite.travelersquotes.Smoke_ValidateLoginTest" name="smoke_ValidateLoginTest" time="0.000">
    <skipped/>
  </testcase> <!-- smoke_ValidateLoginTest -->
  <system-out/>
  <testcase classname="testcases.E2Etestcasesuite.travelersquotes.Smoke_ValidateLoginTest" name="smoke_ValidateLoginTest" time="0.000">
    <skipped/>
  </testcase> <!-- smoke_ValidateLoginTest -->
  <system-out/>
  <testcase classname="testcases.E2Etestcasesuite.travelersquotes.Smoke_ValidateLoginTest" name="smoke_ValidateLoginTest" time="0.000">
    <skipped/>
  </testcase> <!-- smoke_ValidateLoginTest -->
  <system-out/>
  <testcase classname="testcases.E2Etestcasesuite.travelersquotes.Smoke_ValidateLoginTest" name="smoke_ValidateLoginTest" time="0.000">
    <skipped/>
  </testcase> <!-- smoke_ValidateLoginTest -->
  <system-out/>
  <testcase classname="testcases.E2Etestcasesuite.travelersquotes.Smoke_ValidateLoginTest" name="smoke_ValidateLoginTest" time="0.000">
    <skipped/>
  </testcase> <!-- smoke_ValidateLoginTest -->
  <system-out/>
  <testcase classname="testcases.E2Etestcasesuite.travelersquotes.Smoke_ValidateLoginTest" name="smoke_ValidateLoginTest" time="0.000">
    <skipped/>
  </testcase> <!-- smoke_ValidateLoginTest -->
  <system-out/>
  <testcase classname="testcases.E2Etestcasesuite.travelersquotes.Smoke_ValidateLoginTest" name="smoke_ValidateLoginTest" time="0.000">
    <skipped/>
  </testcase> <!-- smoke_ValidateLoginTest -->
  <system-out/>
  <testcase classname="testcases.E2Etestcasesuite.travelersquotes.Smoke_ValidateLoginTest" name="smoke_ValidateLoginTest" time="0.000">
    <skipped/>
  </testcase> <!-- smoke_ValidateLoginTest -->
  <system-out/>
  <testcase classname="testcases.E2Etestcasesuite.travelersquotes.Smoke_ValidateLoginTest" name="smoke_ValidateLoginTest" time="0.001">
    <skipped/>
  </testcase> <!-- smoke_ValidateLoginTest -->
  <system-out/>
  <testcase classname="testcases.E2Etestcasesuite.travelersquotes.Smoke_ValidateLoginTest" name="smoke_ValidateLoginTest" time="0.001">
    <skipped/>
  </testcase> <!-- smoke_ValidateLoginTest -->
  <system-out/>
  <testcase classname="testcases.E2Etestcasesuite.travelersquotes.Smoke_ValidateLoginTest" name="smoke_ValidateLoginTest" time="0.000">
    <skipped/>
  </testcase> <!-- smoke_ValidateLoginTest -->
  <system-out/>
  <testcase classname="testcases.E2Etestcasesuite.travelersquotes.Smoke_ValidateLoginTest" name="smoke_ValidateLoginTest" time="0.000">
    <skipped/>
  </testcase> <!-- smoke_ValidateLoginTest -->
  <system-out/>
  <testcase classname="testcases.E2Etestcasesuite.travelersquotes.Smoke_ValidateLoginTest" name="smoke_ValidateLoginTest" time="0.000">
    <skipped/>
  </testcase> <!-- smoke_ValidateLoginTest -->
  <system-out/>
  <testcase classname="testcases.E2Etestcasesuite.travelersquotes.Smoke_ValidateLoginTest" name="smoke_ValidateLoginTest" time="0.000">
    <skipped/>
  </testcase> <!-- smoke_ValidateLoginTest -->
  <system-out/>
  <testcase classname="testcases.E2Etestcasesuite.travelersquotes.Smoke_ValidateLoginTest" name="smoke_ValidateLoginTest" time="0.001">
    <skipped/>
  </testcase> <!-- smoke_ValidateLoginTest -->
  <system-out/>
  <testcase classname="testcases.E2Etestcasesuite.travelersquotes.Smoke_ValidateLoginTest" name="smoke_ValidateLoginTest" time="0.001">
    <skipped/>
  </testcase> <!-- smoke_ValidateLoginTest -->
  <system-out/>
  <testcase classname="testcases.E2Etestcasesuite.travelersquotes.Smoke_ValidateLoginTest" name="smoke_ValidateLoginTest" time="0.001">
    <skipped/>
  </testcase> <!-- smoke_ValidateLoginTest -->
  <system-out/>
  <testcase classname="testcases.E2Etestcasesuite.travelersquotes.Smoke_ValidateLoginTest" name="smoke_ValidateLoginTest" time="0.001">
    <skipped/>
  </testcase> <!-- smoke_ValidateLoginTest -->
  <system-out/>
  <testcase classname="testcases.E2Etestcasesuite.travelersquotes.Smoke_ValidateLoginTest" name="smoke_ValidateLoginTest" time="0.001">
    <skipped/>
  </testcase> <!-- smoke_ValidateLoginTest -->
  <system-out/>
  <testcase classname="testcases.E2Etestcasesuite.travelersquotes.Smoke_ValidateLoginTest" name="smoke_ValidateLoginTest" time="0.001">
    <skipped/>
  </testcase> <!-- smoke_ValidateLoginTest -->
  <system-out/>
  <testcase classname="testcases.E2Etestcasesuite.travelersquotes.Smoke_ValidateLoginTest" name="smoke_ValidateLoginTest" time="0.000">
    <skipped/>
  </testcase> <!-- smoke_ValidateLoginTest -->
  <system-out/>
  <testcase classname="testcases.E2Etestcasesuite.travelersquotes.Smoke_ValidateLoginTest" name="smoke_ValidateLoginTest" time="0.000">
    <skipped/>
  </testcase> <!-- smoke_ValidateLoginTest -->
  <system-out/>
  <testcase classname="testcases.E2Etestcasesuite.travelersquotes.Smoke_ValidateLoginTest" name="smoke_ValidateLoginTest" time="0.001">
    <skipped/>
  </testcase> <!-- smoke_ValidateLoginTest -->
  <system-out/>
  <testcase classname="testcases.E2Etestcasesuite.travelersquotes.Smoke_ValidateLoginTest" name="smoke_ValidateLoginTest" time="0.000">
    <skipped/>
  </testcase> <!-- smoke_ValidateLoginTest -->
  <system-out/>
  <testcase classname="testcases.E2Etestcasesuite.travelersquotes.Smoke_ValidateLoginTest" name="smoke_ValidateLoginTest" time="0.001">
    <skipped/>
  </testcase> <!-- smoke_ValidateLoginTest -->
  <system-out/>
  <testcase classname="testcases.E2Etestcasesuite.travelersquotes.Smoke_ValidateLoginTest" name="smoke_ValidateLoginTest" time="0.000">
    <skipped/>
  </testcase> <!-- smoke_ValidateLoginTest -->
  <system-out/>
  <testcase classname="testcases.E2Etestcasesuite.travelersquotes.Smoke_ValidateLoginTest" name="smoke_ValidateLoginTest" time="0.001">
    <skipped/>
  </testcase> <!-- smoke_ValidateLoginTest -->
  <system-out/>
  <testcase classname="testcases.E2Etestcasesuite.travelersquotes.Smoke_ValidateLoginTest" name="smoke_ValidateLoginTest" time="0.000">
    <skipped/>
  </testcase> <!-- smoke_ValidateLoginTest -->
  <system-out/>
  <testcase classname="testcases.E2Etestcasesuite.travelersquotes.Smoke_ValidateLoginTest" name="smoke_ValidateLoginTest" time="0.000">
    <skipped/>
  </testcase> <!-- smoke_ValidateLoginTest -->
  <system-out/>
  <testcase classname="testcases.E2Etestcasesuite.travelersquotes.Smoke_ValidateLoginTest" name="smoke_ValidateLoginTest" time="0.001">
    <skipped/>
  </testcase> <!-- smoke_ValidateLoginTest -->
  <system-out/>
  <testcase classname="testcases.E2Etestcasesuite.travelersquotes.Smoke_ValidateLoginTest" name="smoke_ValidateLoginTest" time="0.000">
    <skipped/>
  </testcase> <!-- smoke_ValidateLoginTest -->
  <system-out/>
  <testcase classname="testcases.E2Etestcasesuite.travelersquotes.Smoke_ValidateLoginTest" name="smoke_ValidateLoginTest" time="0.000">
    <skipped/>
  </testcase> <!-- smoke_ValidateLoginTest -->
  <system-out/>
  <testcase classname="testcases.E2Etestcasesuite.travelersquotes.Smoke_ValidateLoginTest" name="smoke_ValidateLoginTest" time="0.000">
    <skipped/>
  </testcase> <!-- smoke_ValidateLoginTest -->
  <system-out/>
  <testcase classname="testcases.E2Etestcasesuite.travelersquotes.Smoke_ValidateLoginTest" name="smoke_ValidateLoginTest" time="0.001">
    <skipped/>
  </testcase> <!-- smoke_ValidateLoginTest -->
  <system-out/>
  <testcase classname="testcases.E2Etestcasesuite.travelersquotes.Smoke_ValidateLoginTest" name="smoke_ValidateLoginTest" time="0.000">
    <skipped/>
  </testcase> <!-- smoke_ValidateLoginTest -->
  <system-out/>
  <testcase classname="testcases.E2Etestcasesuite.travelersquotes.Smoke_ValidateLoginTest" name="smoke_ValidateLoginTest" time="0.000">
    <skipped/>
  </testcase> <!-- smoke_ValidateLoginTest -->
  <system-out/>
  <testcase classname="testcases.E2Etestcasesuite.travelersquotes.Smoke_ValidateLoginTest" name="smoke_ValidateLoginTest" time="0.000">
    <skipped/>
  </testcase> <!-- smoke_ValidateLoginTest -->
  <system-out/>
  <testcase classname="testcases.E2Etestcasesuite.travelersquotes.Smoke_ValidateLoginTest" name="smoke_ValidateLoginTest" time="0.000">
    <skipped/>
  </testcase> <!-- smoke_ValidateLoginTest -->
  <system-out/>
  <testcase classname="testcases.E2Etestcasesuite.travelersquotes.Smoke_ValidateLoginTest" name="smoke_ValidateLoginTest" time="0.001">
    <skipped/>
  </testcase> <!-- smoke_ValidateLoginTest -->
  <system-out/>
  <testcase classname="testcases.E2Etestcasesuite.travelersquotes.Smoke_ValidateLoginTest" name="smoke_ValidateLoginTest" time="0.000">
    <skipped/>
  </testcase> <!-- smoke_ValidateLoginTest -->
  <system-out/>
  <testcase classname="testcases.E2Etestcasesuite.travelersquotes.Smoke_ValidateLoginTest" name="smoke_ValidateLoginTest" time="0.000">
    <skipped/>
  </testcase> <!-- smoke_ValidateLoginTest -->
  <system-out/>
  <testcase classname="testcases.E2Etestcasesuite.travelersquotes.Smoke_ValidateLoginTest" name="smoke_ValidateLoginTest" time="0.000">
    <skipped/>
  </testcase> <!-- smoke_ValidateLoginTest -->
  <system-out/>
  <testcase classname="testcases.E2Etestcasesuite.travelersquotes.Smoke_ValidateLoginTest" name="smoke_ValidateLoginTest" time="0.000">
    <skipped/>
  </testcase> <!-- smoke_ValidateLoginTest -->
  <system-out/>
  <testcase classname="testcases.E2Etestcasesuite.travelersquotes.Smoke_ValidateLoginTest" name="smoke_ValidateLoginTest" time="0.000">
    <skipped/>
  </testcase> <!-- smoke_ValidateLoginTest -->
  <system-out/>
  <testcase classname="testcases.E2Etestcasesuite.travelersquotes.Smoke_ValidateLoginTest" name="smoke_ValidateLoginTest" time="0.000">
    <skipped/>
  </testcase> <!-- smoke_ValidateLoginTest -->
  <system-out/>
  <testcase classname="testcases.E2Etestcasesuite.travelersquotes.Smoke_ValidateLoginTest" name="smoke_ValidateLoginTest" time="0.000">
    <skipped/>
  </testcase> <!-- smoke_ValidateLoginTest -->
  <system-out/>
  <testcase classname="testcases.E2Etestcasesuite.travelersquotes.Smoke_ValidateLoginTest" name="smoke_ValidateLoginTest" time="0.001">
    <skipped/>
  </testcase> <!-- smoke_ValidateLoginTest -->
  <system-out/>
  <testcase classname="testcases.E2Etestcasesuite.travelersquotes.Smoke_ValidateLoginTest" name="smoke_ValidateLoginTest" time="0.000">
    <skipped/>
  </testcase> <!-- smoke_ValidateLoginTest -->
  <system-out/>
  <testcase classname="testcases.E2Etestcasesuite.travelersquotes.Smoke_ValidateLoginTest" name="smoke_ValidateLoginTest" time="0.000">
    <skipped/>
  </testcase> <!-- smoke_ValidateLoginTest -->
  <system-out/>
  <testcase classname="testcases.E2Etestcasesuite.travelersquotes.Smoke_ValidateLoginTest" name="smoke_ValidateLoginTest" time="0.000">
    <skipped/>
  </testcase> <!-- smoke_ValidateLoginTest -->
  <system-out/>
  <testcase classname="testcases.E2Etestcasesuite.travelersquotes.Smoke_ValidateLoginTest" name="smoke_ValidateLoginTest" time="0.001">
    <skipped/>
  </testcase> <!-- smoke_ValidateLoginTest -->
  <system-out/>
  <testcase classname="testcases.E2Etestcasesuite.travelersquotes.Smoke_ValidateLoginTest" name="smoke_ValidateLoginTest" time="0.001">
    <skipped/>
  </testcase> <!-- smoke_ValidateLoginTest -->
  <system-out/>
  <testcase classname="testcases.E2Etestcasesuite.travelersquotes.Smoke_ValidateLoginTest" name="smoke_ValidateLoginTest" time="0.000">
    <skipped/>
  </testcase> <!-- smoke_ValidateLoginTest -->
  <system-out/>
  <testcase classname="testcases.E2Etestcasesuite.travelersquotes.Smoke_ValidateLoginTest" name="smoke_ValidateLoginTest" time="0.000">
    <skipped/>
  </testcase> <!-- smoke_ValidateLoginTest -->
  <system-out/>
  <testcase classname="testcases.E2Etestcasesuite.travelersquotes.Smoke_ValidateLoginTest" name="smoke_ValidateLoginTest" time="0.001">
    <skipped/>
  </testcase> <!-- smoke_ValidateLoginTest -->
  <system-out/>
  <testcase classname="testcases.E2Etestcasesuite.travelersquotes.Smoke_ValidateLoginTest" name="smoke_ValidateLoginTest" time="0.001">
    <skipped/>
  </testcase> <!-- smoke_ValidateLoginTest -->
  <system-out/>
  <testcase classname="testcases.E2Etestcasesuite.travelersquotes.Smoke_ValidateLoginTest" name="smoke_ValidateLoginTest" time="0.000">
    <skipped/>
  </testcase> <!-- smoke_ValidateLoginTest -->
  <system-out/>
  <testcase classname="testcases.E2Etestcasesuite.travelersquotes.Smoke_ValidateLoginTest" name="smoke_ValidateLoginTest" time="0.000">
    <skipped/>
  </testcase> <!-- smoke_ValidateLoginTest -->
  <system-out/>
  <testcase classname="testcases.E2Etestcasesuite.travelersquotes.Smoke_ValidateLoginTest" name="smoke_ValidateLoginTest" time="0.000">
    <skipped/>
  </testcase> <!-- smoke_ValidateLoginTest -->
  <system-out/>
  <testcase classname="testcases.E2Etestcasesuite.travelersquotes.Smoke_ValidateLoginTest" name="smoke_ValidateLoginTest" time="0.000">
    <skipped/>
  </testcase> <!-- smoke_ValidateLoginTest -->
  <system-out/>
  <testcase classname="testcases.E2Etestcasesuite.travelersquotes.Smoke_ValidateLoginTest" name="smoke_ValidateLoginTest" time="0.000">
    <skipped/>
  </testcase> <!-- smoke_ValidateLoginTest -->
  <system-out/>
  <testcase classname="testcases.E2Etestcasesuite.travelersquotes.Smoke_ValidateLoginTest" name="smoke_ValidateLoginTest" time="0.000">
    <skipped/>
  </testcase> <!-- smoke_ValidateLoginTest -->
  <system-out/>
  <testcase classname="testcases.E2Etestcasesuite.travelersquotes.Smoke_ValidateLoginTest" name="smoke_ValidateLoginTest" time="0.000">
    <skipped/>
  </testcase> <!-- smoke_ValidateLoginTest -->
  <system-out/>
  <testcase classname="testcases.E2Etestcasesuite.travelersquotes.Smoke_ValidateLoginTest" name="smoke_ValidateLoginTest" time="0.000">
    <skipped/>
  </testcase> <!-- smoke_ValidateLoginTest -->
  <system-out/>
  <testcase classname="testcases.E2Etestcasesuite.travelersquotes.Smoke_ValidateLoginTest" name="smoke_ValidateLoginTest" time="0.001">
    <skipped/>
  </testcase> <!-- smoke_ValidateLoginTest -->
  <system-out/>
  <testcase classname="testcases.E2Etestcasesuite.travelersquotes.Smoke_ValidateLoginTest" name="smoke_ValidateLoginTest" time="0.000">
    <skipped/>
  </testcase> <!-- smoke_ValidateLoginTest -->
  <system-out/>
  <testcase classname="testcases.E2Etestcasesuite.travelersquotes.Smoke_ValidateLoginTest" name="smoke_ValidateLoginTest" time="0.001">
    <skipped/>
  </testcase> <!-- smoke_ValidateLoginTest -->
  <system-out/>
  <testcase classname="testcases.E2Etestcasesuite.travelersquotes.Smoke_ValidateLoginTest" name="smoke_ValidateLoginTest" time="0.001">
    <skipped/>
  </testcase> <!-- smoke_ValidateLoginTest -->
  <system-out/>
  <testcase classname="testcases.E2Etestcasesuite.travelersquotes.Smoke_ValidateLoginTest" name="smoke_ValidateLoginTest" time="0.000">
    <skipped/>
  </testcase> <!-- smoke_ValidateLoginTest -->
  <system-out/>
  <testcase classname="testcases.E2Etestcasesuite.travelersquotes.Smoke_ValidateLoginTest" name="smoke_ValidateLoginTest" time="0.000">
    <skipped/>
  </testcase> <!-- smoke_ValidateLoginTest -->
  <system-out/>
  <testcase classname="testcases.E2Etestcasesuite.travelersquotes.Smoke_ValidateLoginTest" name="smoke_ValidateLoginTest" time="0.001">
    <skipped/>
  </testcase> <!-- smoke_ValidateLoginTest -->
  <system-out/>
  <testcase classname="testcases.E2Etestcasesuite.travelersquotes.Smoke_ValidateLoginTest" name="smoke_ValidateLoginTest" time="0.001">
    <skipped/>
  </testcase> <!-- smoke_ValidateLoginTest -->
  <system-out/>
  <testcase classname="testcases.E2Etestcasesuite.travelersquotes.Smoke_ValidateLoginTest" name="smoke_ValidateLoginTest" time="0.000">
    <skipped/>
  </testcase> <!-- smoke_ValidateLoginTest -->
  <system-out/>
  <testcase classname="testcases.E2Etestcasesuite.travelersquotes.Smoke_ValidateLoginTest" name="smoke_ValidateLoginTest" time="0.000">
    <skipped/>
  </testcase> <!-- smoke_ValidateLoginTest -->
  <system-out/>
  <testcase classname="testcases.E2Etestcasesuite.travelersquotes.Smoke_ValidateLoginTest" name="smoke_ValidateLoginTest" time="0.001">
    <skipped/>
  </testcase> <!-- smoke_ValidateLoginTest -->
  <system-out/>
  <testcase classname="testcases.E2Etestcasesuite.travelersquotes.Smoke_ValidateLoginTest" name="smoke_ValidateLoginTest" time="0.000">
    <skipped/>
  </testcase> <!-- smoke_ValidateLoginTest -->
  <system-out/>
  <testcase classname="testcases.E2Etestcasesuite.travelersquotes.Smoke_ValidateLoginTest" name="smoke_ValidateLoginTest" time="0.001">
    <skipped/>
  </testcase> <!-- smoke_ValidateLoginTest -->
  <system-out/>
  <testcase classname="testcases.E2Etestcasesuite.travelersquotes.Smoke_ValidateLoginTest" name="smoke_ValidateLoginTest" time="0.000">
    <skipped/>
  </testcase> <!-- smoke_ValidateLoginTest -->
  <system-out/>
  <testcase classname="testcases.E2Etestcasesuite.travelersquotes.Smoke_ValidateLoginTest" name="smoke_ValidateLoginTest" time="0.000">
    <skipped/>
  </testcase> <!-- smoke_ValidateLoginTest -->
  <system-out/>
  <testcase classname="testcases.E2Etestcasesuite.travelersquotes.Smoke_ValidateLoginTest" name="smoke_ValidateLoginTest" time="0.000">
    <skipped/>
  </testcase> <!-- smoke_ValidateLoginTest -->
  <system-out/>
  <testcase classname="testcases.E2Etestcasesuite.travelersquotes.Smoke_ValidateLoginTest" name="smoke_ValidateLoginTest" time="0.001">
    <skipped/>
  </testcase> <!-- smoke_ValidateLoginTest -->
  <system-out/>
  <testcase classname="testcases.E2Etestcasesuite.travelersquotes.Smoke_ValidateLoginTest" name="smoke_ValidateLoginTest" time="0.000">
    <skipped/>
  </testcase> <!-- smoke_ValidateLoginTest -->
  <system-out/>
  <testcase classname="testcases.E2Etestcasesuite.travelersquotes.Smoke_ValidateLoginTest" name="smoke_ValidateLoginTest" time="0.000">
    <skipped/>
  </testcase> <!-- smoke_ValidateLoginTest -->
  <system-out/>
  <testcase classname="testcases.E2Etestcasesuite.travelersquotes.Smoke_ValidateLoginTest" name="smoke_ValidateLoginTest" time="0.000">
    <skipped/>
  </testcase> <!-- smoke_ValidateLoginTest -->
  <system-out/>
  <testcase classname="testcases.E2Etestcasesuite.travelersquotes.Smoke_ValidateLoginTest" name="smoke_ValidateLoginTest" time="0.000">
    <skipped/>
  </testcase> <!-- smoke_ValidateLoginTest -->
  <system-out/>
  <testcase classname="testcases.E2Etestcasesuite.travelersquotes.Smoke_ValidateLoginTest" name="smoke_ValidateLoginTest" time="0.000">
    <skipped/>
  </testcase> <!-- smoke_ValidateLoginTest -->
  <system-out/>
  <testcase classname="testcases.E2Etestcasesuite.travelersquotes.Smoke_ValidateLoginTest" name="smoke_ValidateLoginTest" time="0.001">
    <skipped/>
  </testcase> <!-- smoke_ValidateLoginTest -->
  <system-out/>
  <testcase classname="testcases.E2Etestcasesuite.travelersquotes.Smoke_ValidateLoginTest" name="smoke_ValidateLoginTest" time="0.000">
    <skipped/>
  </testcase> <!-- smoke_ValidateLoginTest -->
  <system-out/>
  <testcase classname="testcases.E2Etestcasesuite.travelersquotes.Smoke_ValidateLoginTest" name="smoke_ValidateLoginTest" time="0.000">
    <skipped/>
  </testcase> <!-- smoke_ValidateLoginTest -->
  <system-out/>
  <testcase classname="testcases.E2Etestcasesuite.travelersquotes.Smoke_ValidateLoginTest" name="smoke_ValidateLoginTest" time="0.000">
    <skipped/>
  </testcase> <!-- smoke_ValidateLoginTest -->
  <system-out/>
  <testcase classname="testcases.E2Etestcasesuite.travelersquotes.Smoke_ValidateLoginTest" name="smoke_ValidateLoginTest" time="0.000">
    <skipped/>
  </testcase> <!-- smoke_ValidateLoginTest -->
  <system-out/>
  <testcase classname="testcases.E2Etestcasesuite.travelersquotes.Smoke_ValidateLoginTest" name="smoke_ValidateLoginTest" time="0.001">
    <skipped/>
  </testcase> <!-- smoke_ValidateLoginTest -->
  <system-out/>
  <testcase classname="testcases.E2Etestcasesuite.travelersquotes.Smoke_ValidateLoginTest" name="smoke_ValidateLoginTest" time="0.000">
    <skipped/>
  </testcase> <!-- smoke_ValidateLoginTest -->
  <system-out/>
  <testcase classname="testcases.E2Etestcasesuite.travelersquotes.Smoke_ValidateLoginTest" name="smoke_ValidateLoginTest" time="0.000">
    <skipped/>
  </testcase> <!-- smoke_ValidateLoginTest -->
  <system-out/>
  <testcase classname="testcases.E2Etestcasesuite.travelersquotes.Smoke_ValidateLoginTest" name="smoke_ValidateLoginTest" time="0.001">
    <skipped/>
  </testcase> <!-- smoke_ValidateLoginTest -->
  <system-out/>
  <testcase classname="testcases.E2Etestcasesuite.travelersquotes.Smoke_ValidateLoginTest" name="smoke_ValidateLoginTest" time="0.000">
    <skipped/>
  </testcase> <!-- smoke_ValidateLoginTest -->
  <system-out/>
  <testcase classname="testcases.E2Etestcasesuite.travelersquotes.Smoke_ValidateLoginTest" name="smoke_ValidateLoginTest" time="0.001">
    <skipped/>
  </testcase> <!-- smoke_ValidateLoginTest -->
  <system-out/>
  <testcase classname="testcases.E2Etestcasesuite.travelersquotes.Smoke_ValidateLoginTest" name="smoke_ValidateLoginTest" time="0.001">
    <skipped/>
  </testcase> <!-- smoke_ValidateLoginTest -->
  <system-out/>
  <testcase classname="testcases.E2Etestcasesuite.travelersquotes.Smoke_ValidateLoginTest" name="smoke_ValidateLoginTest" time="0.000">
    <skipped/>
  </testcase> <!-- smoke_ValidateLoginTest -->
  <system-out/>
  <testcase classname="testcases.E2Etestcasesuite.travelersquotes.Smoke_ValidateLoginTest" name="smoke_ValidateLoginTest" time="0.000">
    <skipped/>
  </testcase> <!-- smoke_ValidateLoginTest -->
  <system-out/>
  <testcase classname="testcases.E2Etestcasesuite.travelersquotes.Smoke_ValidateLoginTest" name="smoke_ValidateLoginTest" time="0.000">
    <skipped/>
  </testcase> <!-- smoke_ValidateLoginTest -->
  <system-out/>
  <testcase classname="testcases.E2Etestcasesuite.travelersquotes.Smoke_ValidateLoginTest" name="smoke_ValidateLoginTest" time="0.000">
    <skipped/>
  </testcase> <!-- smoke_ValidateLoginTest -->
  <system-out/>
  <testcase classname="testcases.E2Etestcasesuite.travelersquotes.Smoke_ValidateLoginTest" name="smoke_ValidateLoginTest" time="0.000">
    <skipped/>
  </testcase> <!-- smoke_ValidateLoginTest -->
  <system-out/>
  <testcase classname="testcases.E2Etestcasesuite.travelersquotes.Smoke_ValidateLoginTest" name="smoke_ValidateLoginTest" time="0.000">
    <skipped/>
  </testcase> <!-- smoke_ValidateLoginTest -->
  <system-out/>
  <testcase classname="testcases.E2Etestcasesuite.travelersquotes.Smoke_ValidateLoginTest" name="smoke_ValidateLoginTest" time="0.000">
    <skipped/>
  </testcase> <!-- smoke_ValidateLoginTest -->
  <system-out/>
  <testcase classname="testcases.E2Etestcasesuite.travelersquotes.Smoke_ValidateLoginTest" name="smoke_ValidateLoginTest" time="0.000">
    <skipped/>
  </testcase> <!-- smoke_ValidateLoginTest -->
  <system-out/>
  <testcase classname="testcases.E2Etestcasesuite.travelersquotes.Smoke_ValidateLoginTest" name="smoke_ValidateLoginTest" time="0.000">
    <skipped/>
  </testcase> <!-- smoke_ValidateLoginTest -->
  <system-out/>
  <testcase classname="testcases.E2Etestcasesuite.travelersquotes.Smoke_ValidateLoginTest" name="smoke_ValidateLoginTest" time="0.000">
    <skipped/>
  </testcase> <!-- smoke_ValidateLoginTest -->
  <system-out/>
  <testcase classname="testcases.E2Etestcasesuite.travelersquotes.Smoke_ValidateLoginTest" name="smoke_ValidateLoginTest" time="0.000">
    <skipped/>
  </testcase> <!-- smoke_ValidateLoginTest -->
  <system-out/>
  <testcase classname="testcases.E2Etestcasesuite.travelersquotes.Smoke_ValidateLoginTest" name="smoke_ValidateLoginTest" time="0.001">
    <skipped/>
  </testcase> <!-- smoke_ValidateLoginTest -->
  <system-out/>
  <testcase classname="testcases.E2Etestcasesuite.travelersquotes.Smoke_ValidateLoginTest" name="smoke_ValidateLoginTest" time="0.001">
    <skipped/>
  </testcase> <!-- smoke_ValidateLoginTest -->
  <system-out/>
  <testcase classname="testcases.E2Etestcasesuite.travelersquotes.Smoke_ValidateLoginTest" name="smoke_ValidateLoginTest" time="0.001">
    <skipped/>
  </testcase> <!-- smoke_ValidateLoginTest -->
  <system-out/>
  <testcase classname="testcases.E2Etestcasesuite.travelersquotes.Smoke_ValidateLoginTest" name="smoke_ValidateLoginTest" time="0.001">
    <skipped/>
  </testcase> <!-- smoke_ValidateLoginTest -->
  <system-out/>
  <testcase classname="testcases.E2Etestcasesuite.travelersquotes.Smoke_ValidateLoginTest" name="smoke_ValidateLoginTest" time="0.000">
    <skipped/>
  </testcase> <!-- smoke_ValidateLoginTest -->
  <system-out/>
  <testcase classname="testcases.E2Etestcasesuite.travelersquotes.Smoke_ValidateLoginTest" name="smoke_ValidateLoginTest" time="0.000">
    <skipped/>
  </testcase> <!-- smoke_ValidateLoginTest -->
  <system-out/>
  <testcase classname="testcases.E2Etestcasesuite.travelersquotes.Smoke_ValidateLoginTest" name="smoke_ValidateLoginTest" time="0.000">
    <skipped/>
  </testcase> <!-- smoke_ValidateLoginTest -->
  <system-out/>
  <testcase classname="testcases.E2Etestcasesuite.travelersquotes.Smoke_ValidateLoginTest" name="smoke_ValidateLoginTest" time="0.000">
    <skipped/>
  </testcase> <!-- smoke_ValidateLoginTest -->
  <system-out/>
  <testcase classname="testcases.E2Etestcasesuite.travelersquotes.Smoke_ValidateLoginTest" name="smoke_ValidateLoginTest" time="0.000">
    <skipped/>
  </testcase> <!-- smoke_ValidateLoginTest -->
  <system-out/>
  <testcase classname="testcases.E2Etestcasesuite.travelersquotes.Smoke_ValidateLoginTest" name="smoke_ValidateLoginTest" time="0.000">
    <skipped/>
  </testcase> <!-- smoke_ValidateLoginTest -->
  <system-out/>
  <testcase classname="testcases.E2Etestcasesuite.travelersquotes.Smoke_ValidateLoginTest" name="smoke_ValidateLoginTest" time="0.001">
    <skipped/>
  </testcase> <!-- smoke_ValidateLoginTest -->
  <system-out/>
  <testcase classname="testcases.E2Etestcasesuite.travelersquotes.Smoke_ValidateLoginTest" name="smoke_ValidateLoginTest" time="0.000">
    <skipped/>
  </testcase> <!-- smoke_ValidateLoginTest -->
  <system-out/>
  <testcase classname="testcases.E2Etestcasesuite.travelersquotes.Smoke_ValidateLoginTest" name="smoke_ValidateLoginTest" time="0.000">
    <skipped/>
  </testcase> <!-- smoke_ValidateLoginTest -->
  <system-out/>
  <testcase classname="testcases.E2Etestcasesuite.travelersquotes.Smoke_ValidateLoginTest" name="smoke_ValidateLoginTest" time="0.000">
    <skipped/>
  </testcase> <!-- smoke_ValidateLoginTest -->
  <system-out/>
  <testcase classname="testcases.E2Etestcasesuite.travelersquotes.Smoke_ValidateLoginTest" name="smoke_ValidateLoginTest" time="0.001">
    <skipped/>
  </testcase> <!-- smoke_ValidateLoginTest -->
  <system-out/>
  <testcase classname="testcases.E2Etestcasesuite.travelersquotes.Smoke_ValidateLoginTest" name="smoke_ValidateLoginTest" time="0.000">
    <skipped/>
  </testcase> <!-- smoke_ValidateLoginTest -->
  <system-out/>
  <testcase classname="testcases.E2Etestcasesuite.travelersquotes.Smoke_ValidateLoginTest" name="smoke_ValidateLoginTest" time="0.001">
    <skipped/>
  </testcase> <!-- smoke_ValidateLoginTest -->
  <system-out/>
  <testcase classname="testcases.E2Etestcasesuite.travelersquotes.Smoke_ValidateLoginTest" name="smoke_ValidateLoginTest" time="0.000">
    <skipped/>
  </testcase> <!-- smoke_ValidateLoginTest -->
  <system-out/>
  <testcase classname="testcases.E2Etestcasesuite.travelersquotes.Smoke_ValidateLoginTest" name="smoke_ValidateLoginTest" time="0.001">
    <skipped/>
  </testcase> <!-- smoke_ValidateLoginTest -->
  <system-out/>
  <testcase classname="testcases.E2Etestcasesuite.travelersquotes.Smoke_ValidateLoginTest" name="smoke_ValidateLoginTest" time="0.000">
    <skipped/>
  </testcase> <!-- smoke_ValidateLoginTest -->
  <system-out/>
  <testcase classname="testcases.E2Etestcasesuite.travelersquotes.Smoke_ValidateLoginTest" name="smoke_ValidateLoginTest" time="0.000">
    <skipped/>
  </testcase> <!-- smoke_ValidateLoginTest -->
  <system-out/>
  <testcase classname="testcases.E2Etestcasesuite.travelersquotes.Smoke_ValidateLoginTest" name="smoke_ValidateLoginTest" time="0.000">
    <skipped/>
  </testcase> <!-- smoke_ValidateLoginTest -->
  <system-out/>
  <testcase classname="testcases.E2Etestcasesuite.travelersquotes.Smoke_ValidateLoginTest" name="smoke_ValidateLoginTest" time="0.000">
    <skipped/>
  </testcase> <!-- smoke_ValidateLoginTest -->
  <system-out/>
  <testcase classname="testcases.E2Etestcasesuite.travelersquotes.Smoke_ValidateLoginTest" name="smoke_ValidateLoginTest" time="0.001">
    <skipped/>
  </testcase> <!-- smoke_ValidateLoginTest -->
  <system-out/>
  <testcase classname="testcases.E2Etestcasesuite.travelersquotes.Smoke_ValidateLoginTest" name="smoke_ValidateLoginTest" time="0.001">
    <skipped/>
  </testcase> <!-- smoke_ValidateLoginTest -->
  <system-out/>
  <testcase classname="testcases.E2Etestcasesuite.travelersquotes.Smoke_ValidateLoginTest" name="smoke_ValidateLoginTest" time="0.000">
    <skipped/>
  </testcase> <!-- smoke_ValidateLoginTest -->
  <system-out/>
  <testcase classname="testcases.E2Etestcasesuite.travelersquotes.Smoke_ValidateLoginTest" name="smoke_ValidateLoginTest" time="0.000">
    <skipped/>
  </testcase> <!-- smoke_ValidateLoginTest -->
  <system-out/>
  <testcase classname="testcases.E2Etestcasesuite.travelersquotes.Smoke_ValidateLoginTest" name="smoke_ValidateLoginTest" time="0.001">
    <skipped/>
  </testcase> <!-- smoke_ValidateLoginTest -->
  <system-out/>
  <testcase classname="testcases.E2Etestcasesuite.travelersquotes.Smoke_ValidateLoginTest" name="smoke_ValidateLoginTest" time="0.001">
    <skipped/>
  </testcase> <!-- smoke_ValidateLoginTest -->
  <system-out/>
  <testcase classname="testcases.E2Etestcasesuite.travelersquotes.Smoke_ValidateLoginTest" name="smoke_ValidateLoginTest" time="0.000">
    <skipped/>
  </testcase> <!-- smoke_ValidateLoginTest -->
  <system-out/>
  <testcase classname="testcases.E2Etestcasesuite.travelersquotes.Smoke_ValidateLoginTest" name="smoke_ValidateLoginTest" time="0.001">
    <skipped/>
  </testcase> <!-- smoke_ValidateLoginTest -->
  <system-out/>
  <testcase classname="testcases.E2Etestcasesuite.travelersquotes.Smoke_ValidateLoginTest" name="smoke_ValidateLoginTest" time="0.000">
    <skipped/>
  </testcase> <!-- smoke_ValidateLoginTest -->
  <system-out/>
  <testcase classname="testcases.E2Etestcasesuite.travelersquotes.Smoke_ValidateLoginTest" name="smoke_ValidateLoginTest" time="0.001">
    <skipped/>
  </testcase> <!-- smoke_ValidateLoginTest -->
  <system-out/>
  <testcase classname="testcases.E2Etestcasesuite.travelersquotes.Smoke_ValidateLoginTest" name="smoke_ValidateLoginTest" time="0.000">
    <skipped/>
  </testcase> <!-- smoke_ValidateLoginTest -->
  <system-out/>
  <testcase classname="testcases.E2Etestcasesuite.travelersquotes.Smoke_ValidateLoginTest" name="smoke_ValidateLoginTest" time="0.000">
    <skipped/>
  </testcase> <!-- smoke_ValidateLoginTest -->
  <system-out/>
  <testcase classname="testcases.E2Etestcasesuite.travelersquotes.Smoke_ValidateLoginTest" name="smoke_ValidateLoginTest" time="0.000">
    <skipped/>
  </testcase> <!-- smoke_ValidateLoginTest -->
  <system-out/>
  <testcase classname="testcases.E2Etestcasesuite.travelersquotes.Smoke_ValidateLoginTest" name="smoke_ValidateLoginTest" time="0.000">
    <skipped/>
  </testcase> <!-- smoke_ValidateLoginTest -->
  <system-out/>
  <testcase classname="testcases.E2Etestcasesuite.travelersquotes.Smoke_ValidateLoginTest" name="smoke_ValidateLoginTest" time="0.001">
    <skipped/>
  </testcase> <!-- smoke_ValidateLoginTest -->
  <system-out/>
  <testcase classname="testcases.E2Etestcasesuite.travelersquotes.Smoke_ValidateLoginTest" name="smoke_ValidateLoginTest" time="0.000">
    <skipped/>
  </testcase> <!-- smoke_ValidateLoginTest -->
  <system-out/>
  <testcase classname="testcases.E2Etestcasesuite.travelersquotes.Smoke_ValidateLoginTest" name="smoke_ValidateLoginTest" time="0.000">
    <skipped/>
  </testcase> <!-- smoke_ValidateLoginTest -->
  <system-out/>
  <testcase classname="testcases.E2Etestcasesuite.travelersquotes.Smoke_ValidateLoginTest" name="smoke_ValidateLoginTest" time="0.000">
    <skipped/>
  </testcase> <!-- smoke_ValidateLoginTest -->
  <system-out/>
  <testcase classname="testcases.E2Etestcasesuite.travelersquotes.Smoke_ValidateLoginTest" name="smoke_ValidateLoginTest" time="0.000">
    <skipped/>
  </testcase> <!-- smoke_ValidateLoginTest -->
  <system-out/>
  <testcase classname="testcases.E2Etestcasesuite.travelersquotes.Smoke_ValidateLoginTest" name="smoke_ValidateLoginTest" time="0.001">
    <skipped/>
  </testcase> <!-- smoke_ValidateLoginTest -->
  <system-out/>
  <testcase classname="testcases.E2Etestcasesuite.travelersquotes.Smoke_ValidateLoginTest" name="smoke_ValidateLoginTest" time="0.000">
    <skipped/>
  </testcase> <!-- smoke_ValidateLoginTest -->
  <system-out/>
  <testcase classname="testcases.E2Etestcasesuite.travelersquotes.Smoke_ValidateLoginTest" name="smoke_ValidateLoginTest" time="0.000">
    <skipped/>
  </testcase> <!-- smoke_ValidateLoginTest -->
  <system-out/>
  <testcase classname="testcases.E2Etestcasesuite.travelersquotes.Smoke_ValidateLoginTest" name="smoke_ValidateLoginTest" time="0.000">
    <skipped/>
  </testcase> <!-- smoke_ValidateLoginTest -->
  <system-out/>
  <testcase classname="testcases.E2Etestcasesuite.travelersquotes.Smoke_ValidateLoginTest" name="smoke_ValidateLoginTest" time="0.000">
    <skipped/>
  </testcase> <!-- smoke_ValidateLoginTest -->
  <system-out/>
  <testcase classname="testcases.E2Etestcasesuite.travelersquotes.Smoke_ValidateLoginTest" name="smoke_ValidateLoginTest" time="0.000">
    <skipped/>
  </testcase> <!-- smoke_ValidateLoginTest -->
  <system-out/>
  <testcase classname="testcases.E2Etestcasesuite.travelersquotes.Smoke_ValidateLoginTest" name="smoke_ValidateLoginTest" time="0.000">
    <skipped/>
  </testcase> <!-- smoke_ValidateLoginTest -->
  <system-out/>
  <testcase classname="testcases.E2Etestcasesuite.travelersquotes.Smoke_ValidateLoginTest" name="smoke_ValidateLoginTest" time="0.001">
    <skipped/>
  </testcase> <!-- smoke_ValidateLoginTest -->
  <system-out/>
  <testcase classname="testcases.E2Etestcasesuite.travelersquotes.Smoke_ValidateLoginTest" name="smoke_ValidateLoginTest" time="0.000">
    <skipped/>
  </testcase> <!-- smoke_ValidateLoginTest -->
  <system-out/>
  <testcase classname="testcases.E2Etestcasesuite.travelersquotes.Smoke_ValidateLoginTest" name="smoke_ValidateLoginTest" time="0.001">
    <skipped/>
  </testcase> <!-- smoke_ValidateLoginTest -->
  <system-out/>
  <testcase classname="testcases.E2Etestcasesuite.travelersquotes.Smoke_ValidateLoginTest" name="smoke_ValidateLoginTest" time="0.000">
    <skipped/>
  </testcase> <!-- smoke_ValidateLoginTest -->
  <system-out/>
  <testcase classname="testcases.E2Etestcasesuite.travelersquotes.Smoke_ValidateLoginTest" name="smoke_ValidateLoginTest" time="0.000">
    <skipped/>
  </testcase> <!-- smoke_ValidateLoginTest -->
  <system-out/>
  <testcase classname="testcases.E2Etestcasesuite.travelersquotes.Smoke_ValidateLoginTest" name="smoke_ValidateLoginTest" time="0.000">
    <skipped/>
  </testcase> <!-- smoke_ValidateLoginTest -->
  <system-out/>
  <testcase classname="testcases.E2Etestcasesuite.travelersquotes.Smoke_ValidateLoginTest" name="smoke_ValidateLoginTest" time="0.000">
    <skipped/>
  </testcase> <!-- smoke_ValidateLoginTest -->
  <system-out/>
  <testcase classname="testcases.E2Etestcasesuite.travelersquotes.Smoke_ValidateLoginTest" name="smoke_ValidateLoginTest" time="0.000">
    <skipped/>
  </testcase> <!-- smoke_ValidateLoginTest -->
  <system-out/>
  <testcase classname="testcases.E2Etestcasesuite.travelersquotes.Smoke_ValidateLoginTest" name="smoke_ValidateLoginTest" time="0.000">
    <skipped/>
  </testcase> <!-- smoke_ValidateLoginTest -->
  <system-out/>
  <testcase classname="testcases.E2Etestcasesuite.travelersquotes.Smoke_ValidateLoginTest" name="smoke_ValidateLoginTest" time="0.000">
    <skipped/>
  </testcase> <!-- smoke_ValidateLoginTest -->
  <system-out/>
  <testcase classname="testcases.E2Etestcasesuite.travelersquotes.Smoke_ValidateLoginTest" name="smoke_ValidateLoginTest" time="0.001">
    <skipped/>
  </testcase> <!-- smoke_ValidateLoginTest -->
  <system-out/>
  <testcase classname="testcases.E2Etestcasesuite.travelersquotes.Smoke_ValidateLoginTest" name="smoke_ValidateLoginTest" time="0.000">
    <skipped/>
  </testcase> <!-- smoke_ValidateLoginTest -->
  <system-out/>
  <testcase classname="testcases.E2Etestcasesuite.travelersquotes.Smoke_ValidateLoginTest" name="smoke_ValidateLoginTest" time="0.001">
    <skipped/>
  </testcase> <!-- smoke_ValidateLoginTest -->
  <system-out/>
  <testcase classname="testcases.E2Etestcasesuite.travelersquotes.Smoke_ValidateLoginTest" name="smoke_ValidateLoginTest" time="0.000">
    <skipped/>
  </testcase> <!-- smoke_ValidateLoginTest -->
  <system-out/>
  <testcase classname="testcases.E2Etestcasesuite.travelersquotes.Smoke_ValidateLoginTest" name="smoke_ValidateLoginTest" time="0.001">
    <skipped/>
  </testcase> <!-- smoke_ValidateLoginTest -->
  <system-out/>
  <testcase classname="testcases.E2Etestcasesuite.travelersquotes.Smoke_ValidateLoginTest" name="smoke_ValidateLoginTest" time="0.000">
    <skipped/>
  </testcase> <!-- smoke_ValidateLoginTest -->
  <system-out/>
  <testcase classname="testcases.E2Etestcasesuite.travelersquotes.Smoke_ValidateLoginTest" name="smoke_ValidateLoginTest" time="0.000">
    <skipped/>
  </testcase> <!-- smoke_ValidateLoginTest -->
  <system-out/>
  <testcase classname="testcases.E2Etestcasesuite.travelersquotes.Smoke_ValidateLoginTest" name="smoke_ValidateLoginTest" time="0.000">
    <skipped/>
  </testcase> <!-- smoke_ValidateLoginTest -->
  <system-out/>
  <testcase classname="testcases.E2Etestcasesuite.travelersquotes.Smoke_ValidateLoginTest" name="smoke_ValidateLoginTest" time="0.000">
    <skipped/>
  </testcase> <!-- smoke_ValidateLoginTest -->
  <system-out/>
  <testcase classname="testcases.E2Etestcasesuite.travelersquotes.Smoke_ValidateLoginTest" name="smoke_ValidateLoginTest" time="0.001">
    <skipped/>
  </testcase> <!-- smoke_ValidateLoginTest -->
  <system-out/>
  <testcase classname="testcases.E2Etestcasesuite.travelersquotes.Smoke_ValidateLoginTest" name="smoke_ValidateLoginTest" time="0.000">
    <skipped/>
  </testcase> <!-- smoke_ValidateLoginTest -->
  <system-out/>
  <testcase classname="testcases.E2Etestcasesuite.travelersquotes.Smoke_ValidateLoginTest" name="smoke_ValidateLoginTest" time="0.001">
    <skipped/>
  </testcase> <!-- smoke_ValidateLoginTest -->
  <system-out/>
  <testcase classname="testcases.E2Etestcasesuite.travelersquotes.Smoke_ValidateLoginTest" name="smoke_ValidateLoginTest" time="0.001">
    <skipped/>
  </testcase> <!-- smoke_ValidateLoginTest -->
  <system-out/>
[...]
  <testcase classname="testcases.E2Etestcasesuite.travelersquotes.Smoke_ValidateLoginTest" name="smoke_ValidateLoginTest" time="0.000">
    <skipped/>
  </testcase> <!-- smoke_ValidateLoginTest -->
  <system-out/>
  <testcase classname="testcases.E2Etestcasesuite.travelersquotes.Smoke_ValidateLoginTest" name="smoke_ValidateLoginTest" time="0.000">
    <skipped/>
  </testcase> <!-- smoke_ValidateLoginTest -->
  <system-out/>
  <testcase classname="testcases.E2Etestcasesuite.travelersquotes.Smoke_ValidateLoginTest" name="smoke_ValidateLoginTest" time="0.000">
    <skipped/>
  </testcase> <!-- smoke_ValidateLoginTest -->
  <system-out/>
  <testcase classname="testcases.E2Etestcasesuite.travelersquotes.Smoke_ValidateLoginTest" name="smoke_ValidateLoginTest" time="0.001">
    <skipped/>
  </testcase> <!-- smoke_ValidateLoginTest -->
  <system-out/>
  <testcase classname="testcases.E2Etestcasesuite.travelersquotes.Smoke_ValidateLoginTest" name="smoke_ValidateLoginTest" time="0.000">
    <skipped/>
  </testcase> <!-- smoke_ValidateLoginTest -->
  <system-out/>
  <testcase classname="testcases.E2Etestcasesuite.travelersquotes.Smoke_ValidateLoginTest" name="smoke_ValidateLoginTest" time="0.000">
    <skipped/>
  </testcase> <!-- smoke_ValidateLoginTest -->
  <system-out/>
  <testcase classname="testcases.E2Etestcasesuite.travelersquotes.Smoke_ValidateLoginTest" name="smoke_ValidateLoginTest" time="0.000">
    <skipped/>
  </testcase> <!-- smoke_ValidateLoginTest -->
  <system-out/>
  <testcase classname="testcases.E2Etestcasesuite.travelersquotes.Smoke_ValidateLoginTest" name="smoke_ValidateLoginTest" time="0.000">
    <skipped/>
  </testcase> <!-- smoke_ValidateLoginTest -->
  <system-out/>
  <testcase classname="testcases.E2Etestcasesuite.travelersquotes.Smoke_ValidateLoginTest" name="smoke_ValidateLoginTest" time="0.000">
    <skipped/>
  </testcase> <!-- smoke_ValidateLoginTest -->
  <system-out/>
  <testcase classname="testcases.E2Etestcasesuite.travelersquotes.Smoke_ValidateLoginTest" name="smoke_ValidateLoginTest" time="0.000">
    <skipped/>
  </testcase> <!-- smoke_ValidateLoginTest -->
  <system-out/>
  <testcase classname="testcases.E2Etestcasesuite.travelersquotes.Smoke_ValidateLoginTest" name="smoke_ValidateLoginTest" time="0.000">
    <skipped/>
  </testcase> <!-- smoke_ValidateLoginTest -->
  <system-out/>
  <testcase classname="testcases.E2Etestcasesuite.travelersquotes.Smoke_ValidateLoginTest" name="smoke_ValidateLoginTest" time="0.000">
    <skipped/>
  </testcase> <!-- smoke_ValidateLoginTest -->
  <system-out/>
  <testcase classname="testcases.E2Etestcasesuite.travelersquotes.Smoke_ValidateLoginTest" name="smoke_ValidateLoginTest" time="0.000">
    <skipped/>
  </testcase> <!-- smoke_ValidateLoginTest -->
  <system-out/>
  <testcase classname="testcases.E2Etestcasesuite.travelersquotes.Smoke_ValidateLoginTest" name="smoke_ValidateLoginTest" time="0.000">
    <skipped/>
  </testcase> <!-- smoke_ValidateLoginTest -->
  <system-out/>
  <testcase classname="testcases.E2Etestcasesuite.travelersquotes.Smoke_ValidateLoginTest" name="smoke_ValidateLoginTest" time="0.001">
    <skipped/>
  </testcase> <!-- smoke_ValidateLoginTest -->
  <system-out/>
  <testcase classname="testcases.E2Etestcasesuite.travelersquotes.Smoke_ValidateLoginTest" name="smoke_ValidateLoginTest" time="0.000">
    <skipped/>
  </testcase> <!-- smoke_ValidateLoginTest -->
  <system-out/>
  <testcase classname="testcases.E2Etestcasesuite.travelersquotes.Smoke_ValidateLoginTest" name="smoke_ValidateLoginTest" time="0.001">
    <skipped/>
  </testcase> <!-- smoke_ValidateLoginTest -->
  <system-out/>
  <testcase classname="testcases.E2Etestcasesuite.travelersquotes.Smoke_ValidateLoginTest" name="smoke_ValidateLoginTest" time="0.001">
    <skipped/>
  </testcase> <!-- smoke_ValidateLoginTest -->
  <system-out/>
  <testcase classname="testcases.E2Etestcasesuite.travelersquotes.Smoke_ValidateLoginTest" name="smoke_ValidateLoginTest" time="0.000">
    <skipped/>
  </testcase> <!-- smoke_ValidateLoginTest -->
  <system-out/>
  <testcase classname="testcases.E2Etestcasesuite.travelersquotes.Smoke_ValidateLoginTest" name="smoke_ValidateLoginTest" time="0.000">
    <skipped/>
  </testcase> <!-- smoke_ValidateLoginTest -->
  <system-out/>
  <testcase classname="testcases.E2Etestcasesuite.travelersquotes.Smoke_ValidateLoginTest" name="smoke_ValidateLoginTest" time="0.000">
    <skipped/>
  </testcase> <!-- smoke_ValidateLoginTest -->
  <system-out/>
  <testcase classname="testcases.E2Etestcasesuite.travelersquotes.Smoke_ValidateLoginTest" name="smoke_ValidateLoginTest" time="0.000">
    <skipped/>
  </testcase> <!-- smoke_ValidateLoginTest -->
  <system-out/>
  <testcase classname="testcases.E2Etestcasesuite.travelersquotes.Smoke_ValidateLoginTest" name="smoke_ValidateLoginTest" time="0.000">
    <skipped/>
  </testcase> <!-- smoke_ValidateLoginTest -->
  <system-out/>
  <testcase classname="testcases.E2Etestcasesuite.travelersquotes.Smoke_ValidateLoginTest" name="smoke_ValidateLoginTest" time="0.001">
    <skipped/>
  </testcase> <!-- smoke_ValidateLoginTest -->
  <system-out/>
  <testcase classname="testcases.E2Etestcasesuite.travelersquotes.Smoke_ValidateLoginTest" name="smoke_ValidateLoginTest" time="0.000">
    <skipped/>
  </testcase> <!-- smoke_ValidateLoginTest -->
  <system-out/>
  <testcase classname="testcases.E2Etestcasesuite.travelersquotes.Smoke_ValidateLoginTest" name="smoke_ValidateLoginTest" time="0.000">
    <skipped/>
  </testcase> <!-- smoke_ValidateLoginTest -->
  <system-out/>
  <testcase classname="testcases.E2Etestcasesuite.travelersquotes.Smoke_ValidateLoginTest" name="smoke_ValidateLoginTest" time="0.000">
    <skipped/>
  </testcase> <!-- smoke_ValidateLoginTest -->
  <system-out/>
  <testcase classname="testcases.E2Etestcasesuite.travelersquotes.Smoke_ValidateLoginTest" name="smoke_ValidateLoginTest" time="0.001">
    <skipped/>
  </testcase> <!-- smoke_ValidateLoginTest -->
  <system-out/>
  <testcase classname="testcases.E2Etestcasesuite.travelersquotes.Smoke_ValidateLoginTest" name="smoke_ValidateLoginTest" time="0.001">
    <skipped/>
  </testcase> <!-- smoke_ValidateLoginTest -->
  <system-out/>
  <testcase classname="testcases.E2Etestcasesuite.travelersquotes.Smoke_ValidateLoginTest" name="smoke_ValidateLoginTest" time="0.000">
    <skipped/>
  </testcase> <!-- smoke_ValidateLoginTest -->
  <system-out/>
  <testcase classname="testcases.E2Etestcasesuite.travelersquotes.Smoke_ValidateLoginTest" name="smoke_ValidateLoginTest" time="0.000">
    <skipped/>
  </testcase> <!-- smoke_ValidateLoginTest -->
  <system-out/>
  <testcase classname="testcases.E2Etestcasesuite.travelersquotes.Smoke_ValidateLoginTest" name="smoke_ValidateLoginTest" time="0.001">
    <skipped/>
  </testcase> <!-- smoke_ValidateLoginTest -->
  <system-out/>
  <testcase classname="testcases.E2Etestcasesuite.travelersquotes.Smoke_ValidateLoginTest" name="smoke_ValidateLoginTest" time="0.000">
    <skipped/>
  </testcase> <!-- smoke_ValidateLoginTest -->
  <system-out/>
  <testcase classname="testcases.E2Etestcasesuite.travelersquotes.Smoke_ValidateLoginTest" name="smoke_ValidateLoginTest" time="0.000">
    <skipped/>
  </testcase> <!-- smoke_ValidateLoginTest -->
  <system-out/>
  <testcase classname="testcases.E2Etestcasesuite.travelersquotes.Smoke_ValidateLoginTest" name="smoke_ValidateLoginTest" time="0.001">
    <skipped/>
  </testcase> <!-- smoke_ValidateLoginTest -->
  <system-out/>
  <testcase classname="testcases.E2Etestcasesuite.travelersquotes.Smoke_ValidateLoginTest" name="smoke_ValidateLoginTest" time="0.000">
    <skipped/>
  </testcase> <!-- smoke_ValidateLoginTest -->
  <system-out/>
  <testcase classname="testcases.E2Etestcasesuite.travelersquotes.Smoke_ValidateLoginTest" name="smoke_ValidateLoginTest" time="0.001">
    <skipped/>
  </testcase> <!-- smoke_ValidateLoginTest -->
  <system-out/>
  <testcase classname="testcases.E2Etestcasesuite.travelersquotes.Smoke_ValidateLoginTest" name="smoke_ValidateLoginTest" time="0.001">
    <skipped/>
  </testcase> <!-- smoke_ValidateLoginTest -->
  <system-out/>
  <testcase classname="testcases.E2Etestcasesuite.travelersquotes.Smoke_ValidateLoginTest" name="smoke_ValidateLoginTest" time="0.000">
    <skipped/>
  </testcase> <!-- smoke_ValidateLoginTest -->
  <system-out/>
  <testcase classname="testcases.E2Etestcasesuite.travelersquotes.Smoke_ValidateLoginTest" name="smoke_ValidateLoginTest" time="0.000">
    <skipped/>
  </testcase> <!-- smoke_ValidateLoginTest -->
  <system-out/>
  <testcase classname="testcases.E2Etestcasesuite.travelersquotes.Smoke_ValidateLoginTest" name="smoke_ValidateLoginTest" time="0.000">
    <skipped/>
  </testcase> <!-- smoke_ValidateLoginTest -->
  <system-out/>
  <testcase classname="testcases.E2Etestcasesuite.travelersquotes.Smoke_ValidateLoginTest" name="smoke_ValidateLoginTest" time="0.001">
    <skipped/>
  </testcase> <!-- smoke_ValidateLoginTest -->
  <system-out/>
  <testcase classname="testcases.E2Etestcasesuite.travelersquotes.Smoke_ValidateLoginTest" name="smoke_ValidateLoginTest" time="0.000">
    <skipped/>
  </testcase> <!-- smoke_ValidateLoginTest -->
  <system-out/>
  <testcase classname="testcases.E2Etestcasesuite.travelersquotes.Smoke_ValidateLoginTest" name="smoke_ValidateLoginTest" time="0.001">
    <skipped/>
  </testcase> <!-- smoke_ValidateLoginTest -->
  <system-out/>
  <testcase classname="testcases.E2Etestcasesuite.travelersquotes.Smoke_ValidateLoginTest" name="smoke_ValidateLoginTest" time="0.000">
    <skipped/>
  </testcase> <!-- smoke_ValidateLoginTest -->
  <system-out/>
  <testcase classname="testcases.E2Etestcasesuite.travelersquotes.Smoke_ValidateLoginTest" name="smoke_ValidateLoginTest" time="0.001">
    <skipped/>
  </testcase> <!-- smoke_ValidateLoginTest -->
  <system-out/>
  <testcase classname="testcases.E2Etestcasesuite.travelersquotes.Smoke_ValidateLoginTest" name="smoke_ValidateLoginTest" time="0.000">
    <skipped/>
  </testcase> <!-- smoke_ValidateLoginTest -->
  <system-out/>
  <testcase classname="testcases.E2Etestcasesuite.travelersquotes.Smoke_ValidateLoginTest" name="smoke_ValidateLoginTest" time="0.000">
    <skipped/>
  </testcase> <!-- smoke_ValidateLoginTest -->
  <system-out/>
  <testcase classname="testcases.E2Etestcasesuite.travelersquotes.Smoke_ValidateLoginTest" name="smoke_ValidateLoginTest" time="0.000">
    <skipped/>
  </testcase> <!-- smoke_ValidateLoginTest -->
  <system-out/>
  <testcase classname="testcases.E2Etestcasesuite.travelersquotes.Smoke_ValidateLoginTest" name="smoke_ValidateLoginTest" time="0.000">
    <skipped/>
  </testcase> <!-- smoke_ValidateLoginTest -->
  <system-out/>
  <testcase classname="testcases.E2Etestcasesuite.travelersquotes.Smoke_ValidateLoginTest" name="smoke_ValidateLoginTest" time="0.000">
    <skipped/>
  </testcase> <!-- smoke_ValidateLoginTest -->
  <system-out/>
  <testcase classname="testcases.E2Etestcasesuite.travelersquotes.Smoke_ValidateLoginTest" name="smoke_ValidateLoginTest" time="0.001">
    <skipped/>
  </testcase> <!-- smoke_ValidateLoginTest -->
  <system-out/>
  <testcase classname="testcases.E2Etestcasesuite.travelersquotes.Smoke_ValidateLoginTest" name="smoke_ValidateLoginTest" time="0.001">
    <skipped/>
  </testcase> <!-- smoke_ValidateLoginTest -->
  <system-out/>
  <testcase classname="testcases.E2Etestcasesuite.travelersquotes.Smoke_ValidateLoginTest" name="smoke_ValidateLoginTest" time="0.000">
    <skipped/>
  </testcase> <!-- smoke_ValidateLoginTest -->
  <system-out/>
  <testcase classname="testcases.E2Etestcasesuite.travelersquotes.Smoke_ValidateLoginTest" name="smoke_ValidateLoginTest" time="0.000">
    <skipped/>
  </testcase> <!-- smoke_ValidateLoginTest -->
  <system-out/>
  <testcase classname="testcases.E2Etestcasesuite.travelersquotes.Smoke_ValidateLoginTest" name="smoke_ValidateLoginTest" time="0.000">
    <skipped/>
  </testcase> <!-- smoke_ValidateLoginTest -->
  <system-out/>
  <testcase classname="testcases.E2Etestcasesuite.travelersquotes.Smoke_ValidateLoginTest" name="smoke_ValidateLoginTest" time="0.000">
    <skipped/>
  </testcase> <!-- smoke_ValidateLoginTest -->
  <system-out/>
  <testcase classname="testcases.E2Etestcasesuite.travelersquotes.Smoke_ValidateLoginTest" name="smoke_ValidateLoginTest" time="0.000">
    <skipped/>
  </testcase> <!-- smoke_ValidateLoginTest -->
  <system-out/>
  <testcase classname="testcases.E2Etestcasesuite.travelersquotes.Smoke_ValidateLoginTest" name="smoke_ValidateLoginTest" time="0.001">
    <skipped/>
  </testcase> <!-- smoke_ValidateLoginTest -->
  <system-out/>
  <testcase classname="testcases.E2Etestcasesuite.travelersquotes.Smoke_ValidateLoginTest" name="smoke_ValidateLoginTest" time="0.000">
    <skipped/>
  </testcase> <!-- smoke_ValidateLoginTest -->
  <system-out/>
  <testcase classname="testcases.E2Etestcasesuite.travelersquotes.Smoke_ValidateLoginTest" name="smoke_ValidateLoginTest" time="0.000">
    <skipped/>
  </testcase> <!-- smoke_ValidateLoginTest -->
  <system-out/>
  <testcase classname="testcases.E2Etestcasesuite.travelersquotes.Smoke_ValidateLoginTest" name="smoke_ValidateLoginTest" time="0.000">
    <skipped/>
  </testcase> <!-- smoke_ValidateLoginTest -->
  <system-out/>
  <testcase classname="testcases.E2Etestcasesuite.travelersquotes.Smoke_ValidateLoginTest" name="smoke_ValidateLoginTest" time="0.000">
    <skipped/>
  </testcase> <!-- smoke_ValidateLoginTest -->
  <system-out/>
  <testcase classname="testcases.E2Etestcasesuite.travelersquotes.Smoke_ValidateLoginTest" name="smoke_ValidateLoginTest" time="0.000">
    <skipped/>
  </testcase> <!-- smoke_ValidateLoginTest -->
  <system-out/>
  <testcase classname="testcases.E2Etestcasesuite.travelersquotes.Smoke_ValidateLoginTest" name="smoke_ValidateLoginTest" time="0.000">
    <skipped/>
  </testcase> <!-- smoke_ValidateLoginTest -->
  <system-out/>
  <testcase classname="testcases.E2Etestcasesuite.travelersquotes.Smoke_ValidateLoginTest" name="smoke_ValidateLoginTest" time="0.000">
    <skipped/>
  </testcase> <!-- smoke_ValidateLoginTest -->
  <system-out/>
  <testcase classname="testcases.E2Etestcasesuite.travelersquotes.Smoke_ValidateLoginTest" name="smoke_ValidateLoginTest" time="0.000">
    <skipped/>
  </testcase> <!-- smoke_ValidateLoginTest -->
  <system-out/>
  <testcase classname="testcases.E2Etestcasesuite.travelersquotes.Smoke_ValidateLoginTest" name="smoke_ValidateLoginTest" time="0.001">
    <skipped/>
  </testcase> <!-- smoke_ValidateLoginTest -->
  <system-out/>
  <testcase classname="testcases.E2Etestcasesuite.travelersquotes.Smoke_ValidateLoginTest" name="smoke_ValidateLoginTest" time="0.001">
    <skipped/>
  </testcase> <!-- smoke_ValidateLoginTest -->
  <system-out/>
  <testcase classname="testcases.E2Etestcasesuite.travelersquotes.Smoke_ValidateLoginTest" name="smoke_ValidateLoginTest" time="0.000">
    <skipped/>
  </testcase> <!-- smoke_ValidateLoginTest -->
  <system-out/>
  <testcase classname="testcases.E2Etestcasesuite.travelersquotes.Smoke_ValidateLoginTest" name="smoke_ValidateLoginTest" time="0.000">
    <skipped/>
  </testcase> <!-- smoke_ValidateLoginTest -->
  <system-out/>
  <testcase classname="testcases.E2Etestcasesuite.travelersquotes.Smoke_ValidateLoginTest" name="smoke_ValidateLoginTest" time="0.001">
    <skipped/>
  </testcase> <!-- smoke_ValidateLoginTest -->
  <system-out/>
  <testcase classname="testcases.E2Etestcasesuite.travelersquotes.Smoke_ValidateLoginTest" name="smoke_ValidateLoginTest" time="0.001">
    <skipped/>
  </testcase> <!-- smoke_ValidateLoginTest -->
  <system-out/>
  <testcase classname="testcases.E2Etestcasesuite.travelersquotes.Smoke_ValidateLoginTest" name="smoke_ValidateLoginTest" time="0.000">
    <skipped/>
  </testcase> <!-- smoke_ValidateLoginTest -->
  <system-out/>
  <testcase classname="testcases.E2Etestcasesuite.travelersquotes.Smoke_ValidateLoginTest" name="smoke_ValidateLoginTest" time="0.000">
    <skipped/>
  </testcase> <!-- smoke_ValidateLoginTest -->
  <system-out/>
  <testcase classname="testcases.E2Etestcasesuite.travelersquotes.Smoke_ValidateLoginTest" name="smoke_ValidateLoginTest" time="0.000">
    <skipped/>
  </testcase> <!-- smoke_ValidateLoginTest -->
  <system-out/>
  <testcase classname="testcases.E2Etestcasesuite.travelersquotes.Smoke_ValidateLoginTest" name="smoke_ValidateLoginTest" time="0.000">
    <skipped/>
  </testcase> <!-- smoke_ValidateLoginTest -->
  <system-out/>
  <testcase classname="testcases.E2Etestcasesuite.travelersquotes.Smoke_ValidateLoginTest" name="smoke_ValidateLoginTest" time="0.001">
    <skipped/>
  </testcase> <!-- smoke_ValidateLoginTest -->
  <system-out/>
  <testcase classname="testcases.E2Etestcasesuite.travelersquotes.Smoke_ValidateLoginTest" name="smoke_ValidateLoginTest" time="0.001">
    <skipped/>
  </testcase> <!-- smoke_ValidateLoginTest -->
  <system-out/>
  <testcase classname="testcases.E2Etestcasesuite.travelersquotes.Smoke_ValidateLoginTest" name="smoke_ValidateLoginTest" time="0.000">
    <skipped/>
  </testcase> <!-- smoke_ValidateLoginTest -->
  <system-out/>
  <testcase classname="testcases.E2Etestcasesuite.travelersquotes.Smoke_ValidateLoginTest" name="smoke_ValidateLoginTest" time="0.000">
    <skipped/>
  </testcase> <!-- smoke_ValidateLoginTest -->
  <system-out/>
  <testcase classname="testcases.E2Etestcasesuite.travelersquotes.Smoke_ValidateLoginTest" name="smoke_ValidateLoginTest" time="0.000">
    <skipped/>
  </testcase> <!-- smoke_ValidateLoginTest -->
  <system-out/>
  <testcase classname="testcases.E2Etestcasesuite.travelersquotes.Smoke_ValidateLoginTest" name="smoke_ValidateLoginTest" time="0.000">
    <skipped/>
  </testcase> <!-- smoke_ValidateLoginTest -->
  <system-out/>
  <testcase classname="testcases.E2Etestcasesuite.travelersquotes.Smoke_ValidateLoginTest" name="smoke_ValidateLoginTest" time="0.000">
    <skipped/>
  </testcase> <!-- smoke_ValidateLoginTest -->
  <system-out/>
  <testcase classname="testcases.E2Etestcasesuite.travelersquotes.Smoke_ValidateLoginTest" name="smoke_ValidateLoginTest" time="0.001">
    <skipped/>
  </testcase> <!-- smoke_ValidateLoginTest -->
  <system-out/>
  <testcase classname="testcases.E2Etestcasesuite.travelersquotes.Smoke_ValidateLoginTest" name="smoke_ValidateLoginTest" time="0.000">
    <skipped/>
  </testcase> <!-- smoke_ValidateLoginTest -->
  <system-out/>
  <testcase classname="testcases.E2Etestcasesuite.travelersquotes.Smoke_ValidateLoginTest" name="smoke_ValidateLoginTest" time="0.000">
    <skipped/>
  </testcase> <!-- smoke_ValidateLoginTest -->
  <system-out/>
  <testcase classname="testcases.E2Etestcasesuite.travelersquotes.Smoke_ValidateLoginTest" name="smoke_ValidateLoginTest" time="0.000">
    <skipped/>
  </testcase> <!-- smoke_ValidateLoginTest -->
  <system-out/>
  <testcase classname="testcases.E2Etestcasesuite.travelersquotes.Smoke_ValidateLoginTest" name="smoke_ValidateLoginTest" time="0.001">
    <skipped/>
  </testcase> <!-- smoke_ValidateLoginTest -->
  <system-out/>
  <testcase classname="testcases.E2Etestcasesuite.travelersquotes.Smoke_ValidateLoginTest" name="smoke_ValidateLoginTest" time="0.000">
    <skipped/>
  </testcase> <!-- smoke_ValidateLoginTest -->
  <system-out/>
  <testcase classname="testcases.E2Etestcasesuite.travelersquotes.Smoke_ValidateLoginTest" name="smoke_ValidateLoginTest" time="0.000">
    <skipped/>
  </testcase> <!-- smoke_ValidateLoginTest -->
  <system-out/>
  <testcase classname="testcases.E2Etestcasesuite.travelersquotes.Smoke_ValidateLoginTest" name="smoke_ValidateLoginTest" time="0.001">
    <skipped/>
  </testcase> <!-- smoke_ValidateLoginTest -->
  <system-out/>
  <testcase classname="testcases.E2Etestcasesuite.travelersquotes.Smoke_ValidateLoginTest" name="smoke_ValidateLoginTest" time="0.001">
    <skipped/>
  </testcase> <!-- smoke_ValidateLoginTest -->
  <system-out/>
</testsuite> <!-- testcases.E2Etestcasesuite.travelersquotes.Smoke_ValidateLoginTest -->
